<?xml version="1.0" encoding="UTF-8"?>
<coverage generated="1550609080986" clover="3.2.0">
  <project timestamp="1550609080987" name="All files">
    <metrics statements="2004" coveredstatements="17" conditionals="768" coveredconditionals="6" methods="554" coveredmethods="5" elements="3326" coveredelements="28" complexity="0" loc="2004" ncloc="2004" packages="56" files="102" classes="102">
      <package name="src">
        <metrics statements="138" coveredstatements="0" conditionals="41" coveredconditionals="0" methods="22" coveredmethods="0"/>
        <file name="data.js" path="/Users/krystalfoster/Desktop/join-messenger-app/src/data.js">
          <metrics statements="6" coveredstatements="0" conditionals="0" coveredconditionals="0" methods="0" coveredmethods="0"/>
          <line num="3" count="0" type="stmt"/>
          <line num="15" count="0" type="stmt"/>
          <line num="123" count="0" type="stmt"/>
          <line num="158" count="0" type="stmt"/>
          <line num="176" count="0" type="stmt"/>
          <line num="205" count="0" type="stmt"/>
        </file>
        <file name="index.jsx" path="/Users/krystalfoster/Desktop/join-messenger-app/src/index.jsx">
          <metrics statements="59" coveredstatements="0" conditionals="2" coveredconditionals="0" methods="1" coveredmethods="0"/>
          <line num="2" count="0" type="stmt"/>
          <line num="3" count="0" type="stmt"/>
          <line num="4" count="0" type="stmt"/>
          <line num="7" count="0" type="stmt"/>
          <line num="8" count="0" type="stmt"/>
          <line num="9" count="0" type="stmt"/>
          <line num="11" count="0" type="stmt"/>
          <line num="12" count="0" type="stmt"/>
          <line num="13" count="0" type="stmt"/>
          <line num="16" count="0" type="stmt"/>
          <line num="17" count="0" type="stmt"/>
          <line num="18" count="0" type="stmt"/>
          <line num="19" count="0" type="stmt"/>
          <line num="20" count="0" type="stmt"/>
          <line num="23" count="0" type="stmt"/>
          <line num="26" count="0" type="stmt"/>
          <line num="27" count="0" type="stmt"/>
          <line num="30" count="0" type="stmt"/>
          <line num="31" count="0" type="stmt"/>
          <line num="32" count="0" type="stmt"/>
          <line num="33" count="0" type="stmt"/>
          <line num="34" count="0" type="stmt"/>
          <line num="35" count="0" type="stmt"/>
          <line num="36" count="0" type="stmt"/>
          <line num="37" count="0" type="stmt"/>
          <line num="38" count="0" type="stmt"/>
          <line num="39" count="0" type="stmt"/>
          <line num="40" count="0" type="stmt"/>
          <line num="41" count="0" type="stmt"/>
          <line num="42" count="0" type="stmt"/>
          <line num="43" count="0" type="stmt"/>
          <line num="44" count="0" type="stmt"/>
          <line num="45" count="0" type="stmt"/>
          <line num="46" count="0" type="stmt"/>
          <line num="47" count="0" type="stmt"/>
          <line num="48" count="0" type="stmt"/>
          <line num="49" count="0" type="stmt"/>
          <line num="50" count="0" type="stmt"/>
          <line num="51" count="0" type="stmt"/>
          <line num="52" count="0" type="stmt"/>
          <line num="53" count="0" type="stmt"/>
          <line num="54" count="0" type="stmt"/>
          <line num="55" count="0" type="stmt"/>
          <line num="56" count="0" type="stmt"/>
          <line num="59" count="0" type="stmt"/>
          <line num="60" count="0" type="stmt"/>
          <line num="63" count="0" type="stmt"/>
          <line num="65" count="0" type="stmt"/>
          <line num="68" count="0" type="stmt"/>
          <line num="69" count="0" type="stmt"/>
          <line num="70" count="0" type="stmt"/>
          <line num="72" count="0" type="cond" truecount="0" falsecount="2"/>
          <line num="73" count="0" type="stmt"/>
          <line num="74" count="0" type="stmt"/>
          <line num="78" count="0" type="stmt"/>
          <line num="79" count="0" type="stmt"/>
          <line num="80" count="0" type="stmt"/>
          <line num="82" count="0" type="stmt"/>
          <line num="175" count="0" type="stmt"/>
        </file>
        <file name="registerServiceWorker.js" path="/Users/krystalfoster/Desktop/join-messenger-app/src/registerServiceWorker.js">
          <metrics statements="31" coveredstatements="0" conditionals="21" coveredconditionals="0" methods="15" coveredmethods="0"/>
          <line num="11" count="0" type="stmt"/>
          <line num="22" count="0" type="cond" truecount="0" falsecount="4"/>
          <line num="24" count="0" type="stmt"/>
          <line num="25" count="0" type="cond" truecount="0" falsecount="2"/>
          <line num="29" count="0" type="stmt"/>
          <line num="32" count="0" type="stmt"/>
          <line num="33" count="0" type="stmt"/>
          <line num="35" count="0" type="cond" truecount="0" falsecount="2"/>
          <line num="37" count="0" type="stmt"/>
          <line num="41" count="0" type="stmt"/>
          <line num="42" count="0" type="stmt"/>
          <line num="49" count="0" type="stmt"/>
          <line num="56" count="0" type="stmt"/>
          <line num="59" count="0" type="stmt"/>
          <line num="60" count="0" type="stmt"/>
          <line num="61" count="0" type="stmt"/>
          <line num="62" count="0" type="cond" truecount="0" falsecount="2"/>
          <line num="63" count="0" type="cond" truecount="0" falsecount="2"/>
          <line num="68" count="0" type="stmt"/>
          <line num="73" count="0" type="stmt"/>
          <line num="80" count="0" type="stmt"/>
          <line num="86" count="0" type="stmt"/>
          <line num="89" count="0" type="cond" truecount="0" falsecount="2"/>
          <line num="94" count="0" type="stmt"/>
          <line num="95" count="0" type="stmt"/>
          <line num="96" count="0" type="stmt"/>
          <line num="101" count="0" type="stmt"/>
          <line num="105" count="0" type="stmt"/>
          <line num="112" count="0" type="cond" truecount="0" falsecount="2"/>
          <line num="113" count="0" type="stmt"/>
          <line num="114" count="0" type="stmt"/>
        </file>
        <file name="store.js" path="/Users/krystalfoster/Desktop/join-messenger-app/src/store.js">
          <metrics statements="15" coveredstatements="0" conditionals="4" coveredconditionals="0" methods="0" coveredmethods="0"/>
          <line num="1" count="0" type="stmt"/>
          <line num="2" count="0" type="stmt"/>
          <line num="3" count="0" type="stmt"/>
          <line num="4" count="0" type="stmt"/>
          <line num="5" count="0" type="stmt"/>
          <line num="7" count="0" type="stmt"/>
          <line num="9" count="0" type="stmt"/>
          <line num="10" count="0" type="stmt"/>
          <line num="11" count="0" type="stmt"/>
          <line num="16" count="0" type="cond" truecount="0" falsecount="2"/>
          <line num="17" count="0" type="stmt"/>
          <line num="19" count="0" type="cond" truecount="0" falsecount="2"/>
          <line num="20" count="0" type="stmt"/>
          <line num="24" count="0" type="stmt"/>
          <line num="29" count="0" type="stmt"/>
        </file>
        <file name="utils.js" path="/Users/krystalfoster/Desktop/join-messenger-app/src/utils.js">
          <metrics statements="27" coveredstatements="0" conditionals="14" coveredconditionals="0" methods="6" coveredmethods="0"/>
          <line num="10" count="0" type="stmt"/>
          <line num="11" count="0" type="cond" truecount="0" falsecount="2"/>
          <line num="12" count="0" type="cond" truecount="0" falsecount="2"/>
          <line num="13" count="0" type="stmt"/>
          <line num="15" count="0" type="cond" truecount="0" falsecount="2"/>
          <line num="16" count="0" type="stmt"/>
          <line num="18" count="0" type="cond" truecount="0" falsecount="2"/>
          <line num="19" count="0" type="stmt"/>
          <line num="22" count="0" type="stmt"/>
          <line num="31" count="0" type="stmt"/>
          <line num="32" count="0" type="stmt"/>
          <line num="41" count="0" type="stmt"/>
          <line num="42" count="0" type="stmt"/>
          <line num="43" count="0" type="stmt"/>
          <line num="44" count="0" type="stmt"/>
          <line num="47" count="0" type="cond" truecount="0" falsecount="2"/>
          <line num="50" count="0" type="stmt"/>
          <line num="63" count="0" type="cond" truecount="0" falsecount="2"/>
          <line num="72" count="0" type="stmt"/>
          <line num="74" count="0" type="stmt"/>
          <line num="77" count="0" type="stmt"/>
          <line num="78" count="0" type="cond" truecount="0" falsecount="2"/>
          <line num="86" count="0" type="stmt"/>
          <line num="89" count="0" type="stmt"/>
          <line num="90" count="0" type="stmt"/>
          <line num="93" count="0" type="stmt"/>
          <line num="94" count="0" type="stmt"/>
        </file>
      </package>
      <package name="src.components.MessageBox">
        <metrics statements="8" coveredstatements="0" conditionals="2" coveredconditionals="0" methods="2" coveredmethods="0"/>
        <file name="MessageBox.jsx" path="/Users/krystalfoster/Desktop/join-messenger-app/src/components/MessageBox/MessageBox.jsx">
          <metrics statements="8" coveredstatements="0" conditionals="2" coveredconditionals="0" methods="2" coveredmethods="0"/>
          <line num="1" count="0" type="stmt"/>
          <line num="2" count="0" type="stmt"/>
          <line num="5" count="0" type="stmt"/>
          <line num="6" count="0" type="stmt"/>
          <line num="7" count="0" type="stmt"/>
          <line num="9" count="0" type="stmt"/>
          <line num="15" count="0" type="stmt"/>
          <line num="20" count="0" type="stmt"/>
        </file>
      </package>
      <package name="src.components.accordion">
        <metrics statements="12" coveredstatements="0" conditionals="6" coveredconditionals="0" methods="6" coveredmethods="0"/>
        <file name="Accordion.jsx" path="/Users/krystalfoster/Desktop/join-messenger-app/src/components/accordion/Accordion.jsx">
          <metrics statements="12" coveredstatements="0" conditionals="6" coveredconditionals="0" methods="6" coveredmethods="0"/>
          <line num="1" count="0" type="stmt"/>
          <line num="2" count="0" type="stmt"/>
          <line num="3" count="0" type="stmt"/>
          <line num="6" count="0" type="stmt"/>
          <line num="10" count="0" type="stmt"/>
          <line num="18" count="0" type="stmt"/>
          <line num="73" count="0" type="stmt"/>
          <line num="117" count="0" type="stmt"/>
          <line num="185" count="0" type="stmt"/>
          <line num="188" count="0" type="stmt"/>
          <line num="195" count="0" type="stmt"/>
          <line num="202" count="0" type="stmt"/>
        </file>
      </package>
      <package name="src.components.authorization">
        <metrics statements="33" coveredstatements="0" conditionals="12" coveredconditionals="0" methods="7" coveredmethods="0"/>
        <file name="Authorization.jsx" path="/Users/krystalfoster/Desktop/join-messenger-app/src/components/authorization/Authorization.jsx">
          <metrics statements="14" coveredstatements="0" conditionals="2" coveredconditionals="0" methods="4" coveredmethods="0"/>
          <line num="1" count="0" type="stmt"/>
          <line num="2" count="0" type="stmt"/>
          <line num="3" count="0" type="stmt"/>
          <line num="4" count="0" type="stmt"/>
          <line num="7" count="0" type="stmt"/>
          <line num="10" count="0" type="stmt"/>
          <line num="11" count="0" type="stmt"/>
          <line num="13" count="0" type="stmt"/>
          <line num="15" count="0" type="stmt"/>
          <line num="19" count="0" type="stmt"/>
          <line num="20" count="0" type="stmt"/>
          <line num="21" count="0" type="cond" truecount="0" falsecount="2"/>
          <line num="22" count="0" type="stmt"/>
          <line num="25" count="0" type="stmt"/>
        </file>
        <file name="PrivateRoute.jsx" path="/Users/krystalfoster/Desktop/join-messenger-app/src/components/authorization/PrivateRoute.jsx">
          <metrics statements="19" coveredstatements="0" conditionals="10" coveredconditionals="0" methods="3" coveredmethods="0"/>
          <line num="1" count="0" type="stmt"/>
          <line num="2" count="0" type="stmt"/>
          <line num="3" count="0" type="stmt"/>
          <line num="4" count="0" type="stmt"/>
          <line num="5" count="0" type="stmt"/>
          <line num="6" count="0" type="stmt"/>
          <line num="9" count="0" type="stmt"/>
          <line num="10" count="0" type="stmt"/>
          <line num="11" count="0" type="stmt"/>
          <line num="12" count="0" type="cond" truecount="0" falsecount="4"/>
          <line num="13" count="0" type="cond" truecount="0" falsecount="4"/>
          <line num="14" count="0" type="stmt"/>
          <line num="19" count="0" type="stmt"/>
          <line num="22" count="0" type="stmt"/>
          <line num="23" count="0" type="stmt"/>
          <line num="27" count="0" type="stmt"/>
          <line num="39" count="0" type="stmt"/>
          <line num="45" count="0" type="stmt"/>
          <line num="49" count="0" type="stmt"/>
        </file>
      </package>
      <package name="src.components.card">
        <metrics statements="22" coveredstatements="0" conditionals="28" coveredconditionals="0" methods="10" coveredmethods="0"/>
        <file name="Card.jsx" path="/Users/krystalfoster/Desktop/join-messenger-app/src/components/card/Card.jsx">
          <metrics statements="22" coveredstatements="0" conditionals="28" coveredconditionals="0" methods="10" coveredmethods="0"/>
          <line num="1" count="0" type="stmt"/>
          <line num="2" count="0" type="stmt"/>
          <line num="3" count="0" type="stmt"/>
          <line num="4" count="0" type="stmt"/>
          <line num="5" count="0" type="stmt"/>
          <line num="20" count="0" type="stmt"/>
          <line num="24" count="0" type="stmt"/>
          <line num="25" count="0" type="stmt"/>
          <line num="26" count="0" type="stmt"/>
          <line num="30" count="0" type="stmt"/>
          <line num="36" count="0" type="stmt"/>
          <line num="62" count="0" type="cond" truecount="0" falsecount="2"/>
          <line num="68" count="0" type="stmt"/>
          <line num="108" count="0" type="stmt"/>
          <line num="112" count="0" type="stmt"/>
          <line num="115" count="0" type="stmt"/>
          <line num="116" count="0" type="stmt"/>
          <line num="118" count="0" type="cond" truecount="0" falsecount="2"/>
          <line num="119" count="0" type="stmt"/>
          <line num="122" count="0" type="stmt"/>
          <line num="132" count="0" type="stmt"/>
          <line num="142" count="0" type="stmt"/>
        </file>
      </package>
      <package name="src.components.emergency">
        <metrics statements="84" coveredstatements="0" conditionals="59" coveredconditionals="0" methods="18" coveredmethods="0"/>
        <file name="EmergencyContactsList.jsx" path="/Users/krystalfoster/Desktop/join-messenger-app/src/components/emergency/EmergencyContactsList.jsx">
          <metrics statements="12" coveredstatements="0" conditionals="4" coveredconditionals="0" methods="2" coveredmethods="0"/>
          <line num="1" count="0" type="stmt"/>
          <line num="2" count="0" type="stmt"/>
          <line num="3" count="0" type="stmt"/>
          <line num="4" count="0" type="stmt"/>
          <line num="5" count="0" type="stmt"/>
          <line num="9" count="0" type="stmt"/>
          <line num="20" count="0" type="stmt"/>
          <line num="34" count="0" type="cond" truecount="0" falsecount="2"/>
          <line num="35" count="0" type="stmt"/>
          <line num="37" count="0" type="cond" truecount="0" falsecount="2"/>
          <line num="38" count="0" type="stmt"/>
          <line num="44" count="0" type="stmt"/>
        </file>
        <file name="EmergencyList.jsx" path="/Users/krystalfoster/Desktop/join-messenger-app/src/components/emergency/EmergencyList.jsx">
          <metrics statements="19" coveredstatements="0" conditionals="2" coveredconditionals="0" methods="4" coveredmethods="0"/>
          <line num="1" count="0" type="stmt"/>
          <line num="2" count="0" type="stmt"/>
          <line num="3" count="0" type="stmt"/>
          <line num="4" count="0" type="stmt"/>
          <line num="5" count="0" type="stmt"/>
          <line num="6" count="0" type="stmt"/>
          <line num="7" count="0" type="stmt"/>
          <line num="8" count="0" type="stmt"/>
          <line num="9" count="0" type="stmt"/>
          <line num="11" count="0" type="stmt"/>
          <line num="12" count="0" type="stmt"/>
          <line num="17" count="0" type="stmt"/>
          <line num="18" count="0" type="stmt"/>
          <line num="23" count="0" type="stmt"/>
          <line num="24" count="0" type="stmt"/>
          <line num="25" count="0" type="stmt"/>
          <line num="41" count="0" type="stmt"/>
          <line num="51" count="0" type="stmt"/>
          <line num="57" count="0" type="stmt"/>
        </file>
        <file name="EmergencyNumber.jsx" path="/Users/krystalfoster/Desktop/join-messenger-app/src/components/emergency/EmergencyNumber.jsx">
          <metrics statements="44" coveredstatements="0" conditionals="6" coveredconditionals="0" methods="11" coveredmethods="0"/>
          <line num="1" count="0" type="stmt"/>
          <line num="2" count="0" type="stmt"/>
          <line num="3" count="0" type="stmt"/>
          <line num="4" count="0" type="stmt"/>
          <line num="5" count="0" type="stmt"/>
          <line num="7" count="0" type="stmt"/>
          <line num="9" count="0" type="stmt"/>
          <line num="13" count="0" type="stmt"/>
          <line num="14" count="0" type="stmt"/>
          <line num="24" count="0" type="stmt"/>
          <line num="25" count="0" type="stmt"/>
          <line num="26" count="0" type="stmt"/>
          <line num="27" count="0" type="stmt"/>
          <line num="28" count="0" type="stmt"/>
          <line num="29" count="0" type="stmt"/>
          <line num="34" count="0" type="stmt"/>
          <line num="37" count="0" type="stmt"/>
          <line num="38" count="0" type="stmt"/>
          <line num="39" count="0" type="stmt"/>
          <line num="40" count="0" type="stmt"/>
          <line num="48" count="0" type="stmt"/>
          <line num="51" count="0" type="stmt"/>
          <line num="52" count="0" type="stmt"/>
          <line num="53" count="0" type="stmt"/>
          <line num="54" count="0" type="stmt"/>
          <line num="65" count="0" type="stmt"/>
          <line num="66" count="0" type="stmt"/>
          <line num="67" count="0" type="stmt"/>
          <line num="71" count="0" type="stmt"/>
          <line num="72" count="0" type="stmt"/>
          <line num="73" count="0" type="stmt"/>
          <line num="75" count="0" type="stmt"/>
          <line num="81" count="0" type="stmt"/>
          <line num="82" count="0" type="stmt"/>
          <line num="83" count="0" type="stmt"/>
          <line num="84" count="0" type="stmt"/>
          <line num="85" count="0" type="stmt"/>
          <line num="86" count="0" type="stmt"/>
          <line num="87" count="0" type="stmt"/>
          <line num="96" count="0" type="stmt"/>
          <line num="97" count="0" type="stmt"/>
          <line num="98" count="0" type="stmt"/>
          <line num="131" count="0" type="stmt"/>
          <line num="143" count="0" type="stmt"/>
        </file>
        <file name="EmergencyNumberStatic.jsx" path="/Users/krystalfoster/Desktop/join-messenger-app/src/components/emergency/EmergencyNumberStatic.jsx">
          <metrics statements="9" coveredstatements="0" conditionals="47" coveredconditionals="0" methods="1" coveredmethods="0"/>
          <line num="1" count="0" type="stmt"/>
          <line num="2" count="0" type="stmt"/>
          <line num="4" count="0" type="stmt"/>
          <line num="6" count="0" type="stmt"/>
          <line num="7" count="0" type="stmt"/>
          <line num="8" count="0" type="stmt"/>
          <line num="9" count="0" type="stmt"/>
          <line num="88" count="0" type="stmt"/>
          <line num="119" count="0" type="stmt"/>
        </file>
      </package>
      <package name="src.components.fields">
        <metrics statements="8" coveredstatements="0" conditionals="0" coveredconditionals="0" methods="2" coveredmethods="0"/>
        <file name="Fields.jsx" path="/Users/krystalfoster/Desktop/join-messenger-app/src/components/fields/Fields.jsx">
          <metrics statements="8" coveredstatements="0" conditionals="0" coveredconditionals="0" methods="2" coveredmethods="0"/>
          <line num="1" count="0" type="stmt"/>
          <line num="2" count="0" type="stmt"/>
          <line num="3" count="0" type="stmt"/>
          <line num="5" count="0" type="stmt"/>
          <line num="6" count="0" type="stmt"/>
          <line num="8" count="0" type="stmt"/>
          <line num="20" count="0" type="stmt"/>
          <line num="36" count="0" type="stmt"/>
        </file>
      </package>
      <package name="src.components.forgot-password-form">
        <metrics statements="23" coveredstatements="0" conditionals="6" coveredconditionals="0" methods="4" coveredmethods="0"/>
        <file name="ForgotPasswordForm.jsx" path="/Users/krystalfoster/Desktop/join-messenger-app/src/components/forgot-password-form/ForgotPasswordForm.jsx">
          <metrics statements="23" coveredstatements="0" conditionals="6" coveredconditionals="0" methods="4" coveredmethods="0"/>
          <line num="1" count="0" type="stmt"/>
          <line num="2" count="0" type="stmt"/>
          <line num="3" count="0" type="stmt"/>
          <line num="4" count="0" type="stmt"/>
          <line num="5" count="0" type="stmt"/>
          <line num="8" count="0" type="stmt"/>
          <line num="12" count="0" type="stmt"/>
          <line num="14" count="0" type="stmt"/>
          <line num="15" count="0" type="stmt"/>
          <line num="17" count="0" type="stmt"/>
          <line num="24" count="0" type="stmt"/>
          <line num="25" count="0" type="cond" truecount="0" falsecount="2"/>
          <line num="26" count="0" type="stmt"/>
          <line num="28" count="0" type="stmt"/>
          <line num="35" count="0" type="stmt"/>
          <line num="36" count="0" type="stmt"/>
          <line num="37" count="0" type="stmt"/>
          <line num="41" count="0" type="stmt"/>
          <line num="42" count="0" type="stmt"/>
          <line num="43" count="0" type="stmt"/>
          <line num="45" count="0" type="stmt"/>
          <line num="79" count="0" type="stmt"/>
          <line num="85" count="0" type="stmt"/>
        </file>
      </package>
      <package name="src.components.forms">
        <metrics statements="52" coveredstatements="0" conditionals="26" coveredconditionals="0" methods="14" coveredmethods="0"/>
        <file name="EmergencyNumberCreate.jsx" path="/Users/krystalfoster/Desktop/join-messenger-app/src/components/forms/EmergencyNumberCreate.jsx">
          <metrics statements="42" coveredstatements="0" conditionals="10" coveredconditionals="0" methods="11" coveredmethods="0"/>
          <line num="1" count="0" type="stmt"/>
          <line num="2" count="0" type="stmt"/>
          <line num="3" count="0" type="stmt"/>
          <line num="4" count="0" type="stmt"/>
          <line num="5" count="0" type="stmt"/>
          <line num="6" count="0" type="stmt"/>
          <line num="7" count="0" type="stmt"/>
          <line num="8" count="0" type="stmt"/>
          <line num="11" count="0" type="stmt"/>
          <line num="13" count="0" type="stmt"/>
          <line num="17" count="0" type="cond" truecount="0" falsecount="2"/>
          <line num="18" count="0" type="stmt"/>
          <line num="22" count="0" type="stmt"/>
          <line num="24" count="0" type="stmt"/>
          <line num="25" count="0" type="stmt"/>
          <line num="26" count="0" type="stmt"/>
          <line num="29" count="0" type="stmt"/>
          <line num="32" count="0" type="stmt"/>
          <line num="33" count="0" type="stmt"/>
          <line num="58" count="0" type="stmt"/>
          <line num="59" count="0" type="cond" truecount="0" falsecount="2"/>
          <line num="60" count="0" type="stmt"/>
          <line num="62" count="0" type="stmt"/>
          <line num="68" count="0" type="stmt"/>
          <line num="69" count="0" type="stmt"/>
          <line num="70" count="0" type="stmt"/>
          <line num="71" count="0" type="stmt"/>
          <line num="72" count="0" type="stmt"/>
          <line num="73" count="0" type="stmt"/>
          <line num="74" count="0" type="stmt"/>
          <line num="83" count="0" type="stmt"/>
          <line num="89" count="0" type="stmt"/>
          <line num="92" count="0" type="stmt"/>
          <line num="93" count="0" type="stmt"/>
          <line num="100" count="0" type="stmt"/>
          <line num="101" count="0" type="stmt"/>
          <line num="112" count="0" type="stmt"/>
          <line num="114" count="0" type="stmt"/>
          <line num="115" count="0" type="cond" truecount="0" falsecount="2"/>
          <line num="117" count="0" type="stmt"/>
          <line num="121" count="0" type="stmt"/>
          <line num="245" count="0" type="stmt"/>
        </file>
        <file name="EmergencyNumberEdit.jsx" path="/Users/krystalfoster/Desktop/join-messenger-app/src/components/forms/EmergencyNumberEdit.jsx">
          <metrics statements="10" coveredstatements="0" conditionals="16" coveredconditionals="0" methods="3" coveredmethods="0"/>
          <line num="1" count="0" type="stmt"/>
          <line num="2" count="0" type="stmt"/>
          <line num="4" count="0" type="stmt"/>
          <line num="5" count="0" type="stmt"/>
          <line num="6" count="0" type="stmt"/>
          <line num="7" count="0" type="stmt"/>
          <line num="9" count="0" type="stmt"/>
          <line num="80" count="0" type="stmt"/>
          <line num="89" count="0" type="stmt"/>
          <line num="115" count="0" type="stmt"/>
        </file>
      </package>
      <package name="src.components.header">
        <metrics statements="11" coveredstatements="0" conditionals="17" coveredconditionals="0" methods="3" coveredmethods="0"/>
        <file name="Header.jsx" path="/Users/krystalfoster/Desktop/join-messenger-app/src/components/header/Header.jsx">
          <metrics statements="11" coveredstatements="0" conditionals="17" coveredconditionals="0" methods="3" coveredmethods="0"/>
          <line num="1" count="0" type="stmt"/>
          <line num="2" count="0" type="stmt"/>
          <line num="4" count="0" type="stmt"/>
          <line num="8" count="0" type="stmt"/>
          <line num="16" count="0" type="stmt"/>
          <line num="17" count="0" type="stmt"/>
          <line num="19" count="0" type="cond" truecount="0" falsecount="2"/>
          <line num="20" count="0" type="cond" truecount="0" falsecount="2"/>
          <line num="22" count="0" type="stmt"/>
          <line num="34" count="0" type="stmt"/>
          <line num="42" count="0" type="stmt"/>
        </file>
      </package>
      <package name="src.components.icon">
        <metrics statements="34" coveredstatements="0" conditionals="0" coveredconditionals="0" methods="26" coveredmethods="0"/>
        <file name="Icon.jsx" path="/Users/krystalfoster/Desktop/join-messenger-app/src/components/icon/Icon.jsx">
          <metrics statements="34" coveredstatements="0" conditionals="0" coveredconditionals="0" methods="26" coveredmethods="0"/>
          <line num="1" count="0" type="stmt"/>
          <line num="2" count="0" type="stmt"/>
          <line num="3" count="0" type="stmt"/>
          <line num="38" count="0" type="stmt"/>
          <line num="47" count="0" type="stmt"/>
          <line num="55" count="0" type="stmt"/>
          <line num="63" count="0" type="stmt"/>
          <line num="71" count="0" type="stmt"/>
          <line num="79" count="0" type="stmt"/>
          <line num="88" count="0" type="stmt"/>
          <line num="97" count="0" type="stmt"/>
          <line num="105" count="0" type="stmt"/>
          <line num="113" count="0" type="stmt"/>
          <line num="122" count="0" type="stmt"/>
          <line num="130" count="0" type="stmt"/>
          <line num="138" count="0" type="stmt"/>
          <line num="146" count="0" type="stmt"/>
          <line num="154" count="0" type="stmt"/>
          <line num="162" count="0" type="stmt"/>
          <line num="170" count="0" type="stmt"/>
          <line num="179" count="0" type="stmt"/>
          <line num="187" count="0" type="stmt"/>
          <line num="195" count="0" type="stmt"/>
          <line num="203" count="0" type="stmt"/>
          <line num="211" count="0" type="stmt"/>
          <line num="224" count="0" type="stmt"/>
          <line num="232" count="0" type="stmt"/>
          <line num="240" count="0" type="stmt"/>
          <line num="247" count="0" type="stmt"/>
          <line num="248" count="0" type="stmt"/>
          <line num="249" count="0" type="stmt"/>
          <line num="250" count="0" type="stmt"/>
          <line num="258" count="0" type="stmt"/>
          <line num="263" count="0" type="stmt"/>
        </file>
      </package>
      <package name="src.components.input">
        <metrics statements="46" coveredstatements="0" conditionals="19" coveredconditionals="0" methods="12" coveredmethods="0"/>
        <file name="Input.jsx" path="/Users/krystalfoster/Desktop/join-messenger-app/src/components/input/Input.jsx">
          <metrics statements="23" coveredstatements="0" conditionals="16" coveredconditionals="0" methods="3" coveredmethods="0"/>
          <line num="1" count="0" type="stmt"/>
          <line num="2" count="0" type="stmt"/>
          <line num="3" count="0" type="stmt"/>
          <line num="4" count="0" type="stmt"/>
          <line num="5" count="0" type="stmt"/>
          <line num="7" count="0" type="stmt"/>
          <line num="26" count="0" type="stmt"/>
          <line num="41" count="0" type="cond" truecount="0" falsecount="2"/>
          <line num="42" count="0" type="stmt"/>
          <line num="59" count="0" type="cond" truecount="0" falsecount="2"/>
          <line num="60" count="0" type="stmt"/>
          <line num="72" count="0" type="cond" truecount="0" falsecount="2"/>
          <line num="73" count="0" type="stmt"/>
          <line num="87" count="0" type="cond" truecount="0" falsecount="2"/>
          <line num="88" count="0" type="stmt"/>
          <line num="100" count="0" type="stmt"/>
          <line num="104" count="0" type="stmt"/>
          <line num="105" count="0" type="stmt"/>
          <line num="108" count="0" type="stmt"/>
          <line num="110" count="0" type="stmt"/>
          <line num="114" count="0" type="stmt"/>
          <line num="124" count="0" type="stmt"/>
          <line num="130" count="0" type="stmt"/>
        </file>
        <file name="RadioArray.jsx" path="/Users/krystalfoster/Desktop/join-messenger-app/src/components/input/RadioArray.jsx">
          <metrics statements="10" coveredstatements="0" conditionals="3" coveredconditionals="0" methods="3" coveredmethods="0"/>
          <line num="1" count="0" type="stmt"/>
          <line num="2" count="0" type="stmt"/>
          <line num="4" count="0" type="stmt"/>
          <line num="7" count="0" type="stmt"/>
          <line num="8" count="0" type="stmt"/>
          <line num="9" count="0" type="stmt"/>
          <line num="15" count="0" type="stmt"/>
          <line num="16" count="0" type="stmt"/>
          <line num="37" count="0" type="stmt"/>
          <line num="50" count="0" type="stmt"/>
        </file>
        <file name="Toggle.jsx" path="/Users/krystalfoster/Desktop/join-messenger-app/src/components/input/Toggle.jsx">
          <metrics statements="13" coveredstatements="0" conditionals="0" coveredconditionals="0" methods="6" coveredmethods="0"/>
          <line num="2" count="0" type="stmt"/>
          <line num="3" count="0" type="stmt"/>
          <line num="7" count="0" type="stmt"/>
          <line num="9" count="0" type="stmt"/>
          <line num="11" count="0" type="stmt"/>
          <line num="17" count="0" type="stmt"/>
          <line num="18" count="0" type="stmt"/>
          <line num="22" count="0" type="stmt"/>
          <line num="27" count="0" type="stmt"/>
          <line num="28" count="0" type="stmt"/>
          <line num="29" count="0" type="stmt"/>
          <line num="51" count="0" type="stmt"/>
          <line num="60" count="0" type="stmt"/>
        </file>
      </package>
      <package name="src.components.issue">
        <metrics statements="37" coveredstatements="0" conditionals="18" coveredconditionals="0" methods="8" coveredmethods="0"/>
        <file name="Attachments.jsx" path="/Users/krystalfoster/Desktop/join-messenger-app/src/components/issue/Attachments.jsx">
          <metrics statements="5" coveredstatements="0" conditionals="2" coveredconditionals="0" methods="1" coveredmethods="0"/>
          <line num="1" count="0" type="stmt"/>
          <line num="2" count="0" type="stmt"/>
          <line num="4" count="0" type="stmt"/>
          <line num="5" count="0" type="cond" truecount="0" falsecount="2"/>
          <line num="20" count="0" type="stmt"/>
        </file>
        <file name="IssueSubmit.jsx" path="/Users/krystalfoster/Desktop/join-messenger-app/src/components/issue/IssueSubmit.jsx">
          <metrics statements="6" coveredstatements="0" conditionals="8" coveredconditionals="0" methods="1" coveredmethods="0"/>
          <line num="1" count="0" type="stmt"/>
          <line num="2" count="0" type="stmt"/>
          <line num="3" count="0" type="stmt"/>
          <line num="5" count="0" type="stmt"/>
          <line num="6" count="0" type="cond" truecount="0" falsecount="2"/>
          <line num="26" count="0" type="stmt"/>
        </file>
        <file name="IssueSummary.jsx" path="/Users/krystalfoster/Desktop/join-messenger-app/src/components/issue/IssueSummary.jsx">
          <metrics statements="7" coveredstatements="0" conditionals="0" coveredconditionals="0" methods="2" coveredmethods="0"/>
          <line num="1" count="0" type="stmt"/>
          <line num="2" count="0" type="stmt"/>
          <line num="3" count="0" type="stmt"/>
          <line num="5" count="0" type="stmt"/>
          <line num="6" count="0" type="stmt"/>
          <line num="32" count="0" type="stmt"/>
          <line num="45" count="0" type="stmt"/>
        </file>
        <file name="SelectIssue.jsx" path="/Users/krystalfoster/Desktop/join-messenger-app/src/components/issue/SelectIssue.jsx">
          <metrics statements="9" coveredstatements="0" conditionals="2" coveredconditionals="0" methods="2" coveredmethods="0"/>
          <line num="1" count="0" type="stmt"/>
          <line num="2" count="0" type="stmt"/>
          <line num="3" count="0" type="stmt"/>
          <line num="5" count="0" type="stmt"/>
          <line num="6" count="0" type="cond" truecount="0" falsecount="2"/>
          <line num="13" count="0" type="stmt"/>
          <line num="14" count="0" type="stmt"/>
          <line num="30" count="0" type="stmt"/>
          <line num="37" count="0" type="stmt"/>
        </file>
        <file name="Urgency.jsx" path="/Users/krystalfoster/Desktop/join-messenger-app/src/components/issue/Urgency.jsx">
          <metrics statements="10" coveredstatements="0" conditionals="6" coveredconditionals="0" methods="2" coveredmethods="0"/>
          <line num="1" count="0" type="stmt"/>
          <line num="2" count="0" type="stmt"/>
          <line num="3" count="0" type="stmt"/>
          <line num="4" count="0" type="stmt"/>
          <line num="6" count="0" type="stmt"/>
          <line num="24" count="0" type="stmt"/>
          <line num="25" count="0" type="cond" truecount="0" falsecount="2"/>
          <line num="44" count="0" type="stmt"/>
          <line num="58" count="0" type="stmt"/>
          <line num="65" count="0" type="stmt"/>
        </file>
      </package>
      <package name="src.components.list">
        <metrics statements="48" coveredstatements="0" conditionals="64" coveredconditionals="0" methods="11" coveredmethods="0"/>
        <file name="ContactsList.jsx" path="/Users/krystalfoster/Desktop/join-messenger-app/src/components/list/ContactsList.jsx">
          <metrics statements="8" coveredstatements="0" conditionals="7" coveredconditionals="0" methods="2" coveredmethods="0"/>
          <line num="1" count="0" type="stmt"/>
          <line num="2" count="0" type="stmt"/>
          <line num="3" count="0" type="stmt"/>
          <line num="6" count="0" type="stmt"/>
          <line num="11" count="0" type="stmt"/>
          <line num="12" count="0" type="stmt"/>
          <line num="42" count="0" type="stmt"/>
          <line num="46" count="0" type="stmt"/>
        </file>
        <file name="List.jsx" path="/Users/krystalfoster/Desktop/join-messenger-app/src/components/list/List.jsx">
          <metrics statements="18" coveredstatements="0" conditionals="28" coveredconditionals="0" methods="5" coveredmethods="0"/>
          <line num="1" count="0" type="stmt"/>
          <line num="2" count="0" type="stmt"/>
          <line num="3" count="0" type="stmt"/>
          <line num="4" count="0" type="stmt"/>
          <line num="5" count="0" type="stmt"/>
          <line num="6" count="0" type="stmt"/>
          <line num="8" count="0" type="stmt"/>
          <line num="11" count="0" type="stmt"/>
          <line num="16" count="0" type="stmt"/>
          <line num="18" count="0" type="cond" truecount="0" falsecount="2"/>
          <line num="20" count="0" type="cond" truecount="0" falsecount="2"/>
          <line num="23" count="0" type="stmt"/>
          <line num="26" count="0" type="cond" truecount="0" falsecount="2"/>
          <line num="47" count="0" type="cond" truecount="0" falsecount="2"/>
          <line num="57" count="0" type="stmt"/>
          <line num="74" count="0" type="stmt"/>
          <line num="83" count="0" type="stmt"/>
          <line num="92" count="0" type="stmt"/>
        </file>
        <file name="PropertyManagersList.jsx" path="/Users/krystalfoster/Desktop/join-messenger-app/src/components/list/PropertyManagersList.jsx">
          <metrics statements="8" coveredstatements="0" conditionals="7" coveredconditionals="0" methods="2" coveredmethods="0"/>
          <line num="1" count="0" type="stmt"/>
          <line num="2" count="0" type="stmt"/>
          <line num="3" count="0" type="stmt"/>
          <line num="6" count="0" type="stmt"/>
          <line num="11" count="0" type="stmt"/>
          <line num="12" count="0" type="stmt"/>
          <line num="36" count="0" type="stmt"/>
          <line num="41" count="0" type="stmt"/>
        </file>
        <file name="TicketsList.jsx" path="/Users/krystalfoster/Desktop/join-messenger-app/src/components/list/TicketsList.jsx">
          <metrics statements="14" coveredstatements="0" conditionals="22" coveredconditionals="0" methods="2" coveredmethods="0"/>
          <line num="1" count="0" type="stmt"/>
          <line num="2" count="0" type="stmt"/>
          <line num="3" count="0" type="stmt"/>
          <line num="4" count="0" type="stmt"/>
          <line num="5" count="0" type="stmt"/>
          <line num="8" count="0" type="stmt"/>
          <line num="22" count="0" type="stmt"/>
          <line num="23" count="0" type="stmt"/>
          <line num="24" count="0" type="stmt"/>
          <line num="25" count="0" type="cond" truecount="0" falsecount="2"/>
          <line num="26" count="0" type="stmt"/>
          <line num="29" count="0" type="stmt"/>
          <line num="85" count="0" type="stmt"/>
          <line num="101" count="0" type="stmt"/>
        </file>
      </package>
      <package name="src.components.login">
        <metrics statements="44" coveredstatements="0" conditionals="12" coveredconditionals="0" methods="7" coveredmethods="0"/>
        <file name="LoginForm.jsx" path="/Users/krystalfoster/Desktop/join-messenger-app/src/components/login/LoginForm.jsx">
          <metrics statements="30" coveredstatements="0" conditionals="12" coveredconditionals="0" methods="5" coveredmethods="0"/>
          <line num="1" count="0" type="stmt"/>
          <line num="2" count="0" type="stmt"/>
          <line num="3" count="0" type="stmt"/>
          <line num="4" count="0" type="stmt"/>
          <line num="5" count="0" type="stmt"/>
          <line num="6" count="0" type="stmt"/>
          <line num="8" count="0" type="stmt"/>
          <line num="12" count="0" type="stmt"/>
          <line num="14" count="0" type="stmt"/>
          <line num="15" count="0" type="stmt"/>
          <line num="16" count="0" type="stmt"/>
          <line num="18" count="0" type="stmt"/>
          <line num="28" count="0" type="stmt"/>
          <line num="29" count="0" type="cond" truecount="0" falsecount="2"/>
          <line num="30" count="0" type="stmt"/>
          <line num="32" count="0" type="stmt"/>
          <line num="38" count="0" type="stmt"/>
          <line num="42" count="0" type="stmt"/>
          <line num="43" count="0" type="stmt"/>
          <line num="44" count="0" type="stmt"/>
          <line num="50" count="0" type="stmt"/>
          <line num="51" count="0" type="stmt"/>
          <line num="52" count="0" type="cond" truecount="0" falsecount="2"/>
          <line num="53" count="0" type="stmt"/>
          <line num="54" count="0" type="cond" truecount="0" falsecount="2"/>
          <line num="56" count="0" type="cond" truecount="0" falsecount="2"/>
          <line num="57" count="0" type="stmt"/>
          <line num="60" count="0" type="stmt"/>
          <line num="108" count="0" type="stmt"/>
          <line num="113" count="0" type="stmt"/>
        </file>
        <file name="LoginWithGoogle.jsx" path="/Users/krystalfoster/Desktop/join-messenger-app/src/components/login/LoginWithGoogle.jsx">
          <metrics statements="7" coveredstatements="0" conditionals="0" coveredconditionals="0" methods="1" coveredmethods="0"/>
          <line num="1" count="0" type="stmt"/>
          <line num="2" count="0" type="stmt"/>
          <line num="3" count="0" type="stmt"/>
          <line num="4" count="0" type="stmt"/>
          <line num="6" count="0" type="stmt"/>
          <line num="7" count="0" type="stmt"/>
          <line num="17" count="0" type="stmt"/>
        </file>
        <file name="LogoutButton.jsx" path="/Users/krystalfoster/Desktop/join-messenger-app/src/components/login/LogoutButton.jsx">
          <metrics statements="7" coveredstatements="0" conditionals="0" coveredconditionals="0" methods="1" coveredmethods="0"/>
          <line num="1" count="0" type="stmt"/>
          <line num="2" count="0" type="stmt"/>
          <line num="3" count="0" type="stmt"/>
          <line num="4" count="0" type="stmt"/>
          <line num="6" count="0" type="stmt"/>
          <line num="7" count="0" type="stmt"/>
          <line num="15" count="0" type="stmt"/>
        </file>
      </package>
      <package name="src.components.modal">
        <metrics statements="29" coveredstatements="0" conditionals="16" coveredconditionals="0" methods="10" coveredmethods="0"/>
        <file name="TicketModal.jsx" path="/Users/krystalfoster/Desktop/join-messenger-app/src/components/modal/TicketModal.jsx">
          <metrics statements="29" coveredstatements="0" conditionals="16" coveredconditionals="0" methods="10" coveredmethods="0"/>
          <line num="1" count="0" type="stmt"/>
          <line num="2" count="0" type="stmt"/>
          <line num="3" count="0" type="stmt"/>
          <line num="4" count="0" type="stmt"/>
          <line num="5" count="0" type="stmt"/>
          <line num="6" count="0" type="stmt"/>
          <line num="7" count="0" type="stmt"/>
          <line num="10" count="0" type="stmt"/>
          <line num="14" count="0" type="stmt"/>
          <line num="16" count="0" type="stmt"/>
          <line num="17" count="0" type="stmt"/>
          <line num="19" count="0" type="stmt"/>
          <line num="20" count="0" type="stmt"/>
          <line num="23" count="0" type="stmt"/>
          <line num="25" count="0" type="stmt"/>
          <line num="31" count="0" type="cond" truecount="0" falsecount="2"/>
          <line num="35" count="0" type="stmt"/>
          <line num="38" count="0" type="stmt"/>
          <line num="39" count="0" type="stmt"/>
          <line num="49" count="0" type="stmt"/>
          <line num="50" count="0" type="stmt"/>
          <line num="51" count="0" type="stmt"/>
          <line num="52" count="0" type="stmt"/>
          <line num="57" count="0" type="stmt"/>
          <line num="63" count="0" type="stmt"/>
          <line num="68" count="0" type="stmt"/>
          <line num="77" count="0" type="stmt"/>
          <line num="85" count="0" type="stmt"/>
          <line num="151" count="0" type="stmt"/>
        </file>
      </package>
      <package name="src.components.multi-select">
        <metrics statements="20" coveredstatements="0" conditionals="2" coveredconditionals="0" methods="10" coveredmethods="0"/>
        <file name="MultiSelect.jsx" path="/Users/krystalfoster/Desktop/join-messenger-app/src/components/multi-select/MultiSelect.jsx">
          <metrics statements="20" coveredstatements="0" conditionals="2" coveredconditionals="0" methods="10" coveredmethods="0"/>
          <line num="1" count="0" type="stmt"/>
          <line num="2" count="0" type="stmt"/>
          <line num="3" count="0" type="stmt"/>
          <line num="4" count="0" type="stmt"/>
          <line num="6" count="0" type="stmt"/>
          <line num="10" count="0" type="stmt"/>
          <line num="11" count="0" type="stmt"/>
          <line num="15" count="0" type="stmt"/>
          <line num="16" count="0" type="stmt"/>
          <line num="20" count="0" type="cond" truecount="0" falsecount="2"/>
          <line num="21" count="0" type="stmt"/>
          <line num="23" count="0" type="stmt"/>
          <line num="28" count="0" type="stmt"/>
          <line num="29" count="0" type="stmt"/>
          <line num="32" count="0" type="stmt"/>
          <line num="33" count="0" type="stmt"/>
          <line num="34" count="0" type="stmt"/>
          <line num="47" count="0" type="stmt"/>
          <line num="60" count="0" type="stmt"/>
          <line num="66" count="0" type="stmt"/>
        </file>
      </package>
      <package name="src.components.navigation">
        <metrics statements="51" coveredstatements="0" conditionals="28" coveredconditionals="0" methods="7" coveredmethods="0"/>
        <file name="AdminMenu.jsx" path="/Users/krystalfoster/Desktop/join-messenger-app/src/components/navigation/AdminMenu.jsx">
          <metrics statements="8" coveredstatements="0" conditionals="3" coveredconditionals="0" methods="1" coveredmethods="0"/>
          <line num="1" count="0" type="stmt"/>
          <line num="2" count="0" type="stmt"/>
          <line num="3" count="0" type="stmt"/>
          <line num="4" count="0" type="stmt"/>
          <line num="5" count="0" type="stmt"/>
          <line num="8" count="0" type="stmt"/>
          <line num="134" count="0" type="stmt"/>
          <line num="141" count="0" type="stmt"/>
        </file>
        <file name="Navigation.jsx" path="/Users/krystalfoster/Desktop/join-messenger-app/src/components/navigation/Navigation.jsx">
          <metrics statements="22" coveredstatements="0" conditionals="10" coveredconditionals="0" methods="4" coveredmethods="0"/>
          <line num="1" count="0" type="stmt"/>
          <line num="2" count="0" type="stmt"/>
          <line num="3" count="0" type="stmt"/>
          <line num="4" count="0" type="stmt"/>
          <line num="5" count="0" type="stmt"/>
          <line num="6" count="0" type="stmt"/>
          <line num="8" count="0" type="stmt"/>
          <line num="10" count="0" type="stmt"/>
          <line num="14" count="0" type="stmt"/>
          <line num="16" count="0" type="stmt"/>
          <line num="18" count="0" type="stmt"/>
          <line num="20" count="0" type="stmt"/>
          <line num="26" count="0" type="stmt"/>
          <line num="29" count="0" type="stmt"/>
          <line num="30" count="0" type="stmt"/>
          <line num="31" count="0" type="stmt"/>
          <line num="32" count="0" type="stmt"/>
          <line num="33" count="0" type="cond" truecount="0" falsecount="2"/>
          <line num="34" count="0" type="stmt"/>
          <line num="67" count="0" type="stmt"/>
          <line num="71" count="0" type="stmt"/>
          <line num="76" count="0" type="stmt"/>
        </file>
        <file name="NavigationContent.jsx" path="/Users/krystalfoster/Desktop/join-messenger-app/src/components/navigation/NavigationContent.jsx">
          <metrics statements="13" coveredstatements="0" conditionals="12" coveredconditionals="0" methods="1" coveredmethods="0"/>
          <line num="1" count="0" type="stmt"/>
          <line num="2" count="0" type="stmt"/>
          <line num="3" count="0" type="stmt"/>
          <line num="4" count="0" type="stmt"/>
          <line num="5" count="0" type="stmt"/>
          <line num="6" count="0" type="stmt"/>
          <line num="7" count="0" type="stmt"/>
          <line num="11" count="0" type="stmt"/>
          <line num="12" count="0" type="stmt"/>
          <line num="13" count="0" type="stmt"/>
          <line num="14" count="0" type="stmt"/>
          <line num="51" count="0" type="stmt"/>
          <line num="58" count="0" type="stmt"/>
        </file>
        <file name="StaffMenu.jsx" path="/Users/krystalfoster/Desktop/join-messenger-app/src/components/navigation/StaffMenu.jsx">
          <metrics statements="8" coveredstatements="0" conditionals="3" coveredconditionals="0" methods="1" coveredmethods="0"/>
          <line num="1" count="0" type="stmt"/>
          <line num="2" count="0" type="stmt"/>
          <line num="3" count="0" type="stmt"/>
          <line num="4" count="0" type="stmt"/>
          <line num="5" count="0" type="stmt"/>
          <line num="8" count="0" type="stmt"/>
          <line num="66" count="0" type="stmt"/>
          <line num="73" count="0" type="stmt"/>
        </file>
      </package>
      <package name="src.components.new-property">
        <metrics statements="8" coveredstatements="0" conditionals="0" coveredconditionals="0" methods="1" coveredmethods="0"/>
        <file name="NewProperty.jsx" path="/Users/krystalfoster/Desktop/join-messenger-app/src/components/new-property/NewProperty.jsx">
          <metrics statements="8" coveredstatements="0" conditionals="0" coveredconditionals="0" methods="1" coveredmethods="0"/>
          <line num="1" count="0" type="stmt"/>
          <line num="2" count="0" type="stmt"/>
          <line num="3" count="0" type="stmt"/>
          <line num="4" count="0" type="stmt"/>
          <line num="6" count="0" type="stmt"/>
          <line num="7" count="0" type="stmt"/>
          <line num="56" count="0" type="stmt"/>
          <line num="65" count="0" type="stmt"/>
        </file>
      </package>
      <package name="src.components.new-property-manager">
        <metrics statements="6" coveredstatements="0" conditionals="0" coveredconditionals="0" methods="1" coveredmethods="0"/>
        <file name="NewPropertyManager.jsx" path="/Users/krystalfoster/Desktop/join-messenger-app/src/components/new-property-manager/NewPropertyManager.jsx">
          <metrics statements="6" coveredstatements="0" conditionals="0" coveredconditionals="0" methods="1" coveredmethods="0"/>
          <line num="1" count="0" type="stmt"/>
          <line num="2" count="0" type="stmt"/>
          <line num="3" count="0" type="stmt"/>
          <line num="5" count="0" type="stmt"/>
          <line num="6" count="0" type="stmt"/>
          <line num="34" count="0" type="stmt"/>
        </file>
      </package>
      <package name="src.components.notes">
        <metrics statements="11" coveredstatements="0" conditionals="9" coveredconditionals="0" methods="2" coveredmethods="0"/>
        <file name="Notes.jsx" path="/Users/krystalfoster/Desktop/join-messenger-app/src/components/notes/Notes.jsx">
          <metrics statements="11" coveredstatements="0" conditionals="9" coveredconditionals="0" methods="2" coveredmethods="0"/>
          <line num="1" count="0" type="stmt"/>
          <line num="2" count="0" type="stmt"/>
          <line num="3" count="0" type="stmt"/>
          <line num="5" count="0" type="stmt"/>
          <line num="10" count="0" type="stmt"/>
          <line num="11" count="0" type="stmt"/>
          <line num="12" count="0" type="stmt"/>
          <line num="13" count="0" type="stmt"/>
          <line num="30" count="0" type="stmt"/>
          <line num="47" count="0" type="stmt"/>
          <line num="53" count="0" type="stmt"/>
        </file>
      </package>
      <package name="src.components.search">
        <metrics statements="67" coveredstatements="0" conditionals="30" coveredconditionals="0" methods="25" coveredmethods="0"/>
        <file name="Search.jsx" path="/Users/krystalfoster/Desktop/join-messenger-app/src/components/search/Search.jsx">
          <metrics statements="67" coveredstatements="0" conditionals="30" coveredconditionals="0" methods="25" coveredmethods="0"/>
          <line num="1" count="0" type="stmt"/>
          <line num="2" count="0" type="stmt"/>
          <line num="3" count="0" type="stmt"/>
          <line num="5" count="0" type="stmt"/>
          <line num="9" count="0" type="stmt"/>
          <line num="11" count="0" type="stmt"/>
          <line num="12" count="0" type="stmt"/>
          <line num="13" count="0" type="stmt"/>
          <line num="14" count="0" type="stmt"/>
          <line num="15" count="0" type="stmt"/>
          <line num="16" count="0" type="stmt"/>
          <line num="17" count="0" type="stmt"/>
          <line num="18" count="0" type="stmt"/>
          <line num="19" count="0" type="stmt"/>
          <line num="21" count="0" type="stmt"/>
          <line num="29" count="0" type="cond" truecount="0" falsecount="4"/>
          <line num="30" count="0" type="stmt"/>
          <line num="32" count="0" type="stmt"/>
          <line num="36" count="0" type="stmt"/>
          <line num="37" count="0" type="cond" truecount="0" falsecount="5"/>
          <line num="38" count="0" type="stmt"/>
          <line num="40" count="0" type="cond" truecount="0" falsecount="2"/>
          <line num="41" count="0" type="stmt"/>
          <line num="43" count="0" type="stmt"/>
          <line num="48" count="0" type="cond" truecount="0" falsecount="4"/>
          <line num="49" count="0" type="stmt"/>
          <line num="51" count="0" type="stmt"/>
          <line num="55" count="0" type="stmt"/>
          <line num="56" count="0" type="stmt"/>
          <line num="57" count="0" type="stmt"/>
          <line num="61" count="0" type="stmt"/>
          <line num="62" count="0" type="stmt"/>
          <line num="63" count="0" type="stmt"/>
          <line num="64" count="0" type="stmt"/>
          <line num="68" count="0" type="stmt"/>
          <line num="70" count="0" type="stmt"/>
          <line num="73" count="0" type="cond" truecount="0" falsecount="2"/>
          <line num="74" count="0" type="stmt"/>
          <line num="77" count="0" type="stmt"/>
          <line num="78" count="0" type="stmt"/>
          <line num="85" count="0" type="stmt"/>
          <line num="86" count="0" type="cond" truecount="0" falsecount="2"/>
          <line num="87" count="0" type="stmt"/>
          <line num="89" count="0" type="stmt"/>
          <line num="94" count="0" type="cond" truecount="0" falsecount="4"/>
          <line num="95" count="0" type="stmt"/>
          <line num="97" count="0" type="cond" truecount="0" falsecount="2"/>
          <line num="98" count="0" type="stmt"/>
          <line num="100" count="0" type="stmt"/>
          <line num="104" count="0" type="stmt"/>
          <line num="105" count="0" type="stmt"/>
          <line num="107" count="0" type="stmt"/>
          <line num="112" count="0" type="stmt"/>
          <line num="113" count="0" type="stmt"/>
          <line num="114" count="0" type="stmt"/>
          <line num="115" count="0" type="stmt"/>
          <line num="116" count="0" type="stmt"/>
          <line num="117" count="0" type="stmt"/>
          <line num="119" count="0" type="stmt"/>
          <line num="121" count="0" type="stmt"/>
          <line num="142" count="0" type="stmt"/>
          <line num="148" count="0" type="stmt"/>
          <line num="149" count="0" type="stmt"/>
          <line num="158" count="0" type="stmt"/>
          <line num="160" count="0" type="stmt"/>
          <line num="173" count="0" type="stmt"/>
          <line num="181" count="0" type="stmt"/>
        </file>
      </package>
      <package name="src.components.search-form">
        <metrics statements="25" coveredstatements="0" conditionals="10" coveredconditionals="0" methods="8" coveredmethods="0"/>
        <file name="SearchForm.jsx" path="/Users/krystalfoster/Desktop/join-messenger-app/src/components/search-form/SearchForm.jsx">
          <metrics statements="25" coveredstatements="0" conditionals="10" coveredconditionals="0" methods="8" coveredmethods="0"/>
          <line num="1" count="0" type="stmt"/>
          <line num="2" count="0" type="stmt"/>
          <line num="3" count="0" type="stmt"/>
          <line num="5" count="0" type="stmt"/>
          <line num="9" count="0" type="stmt"/>
          <line num="11" count="0" type="stmt"/>
          <line num="12" count="0" type="stmt"/>
          <line num="13" count="0" type="stmt"/>
          <line num="14" count="0" type="stmt"/>
          <line num="16" count="0" type="stmt"/>
          <line num="22" count="0" type="stmt"/>
          <line num="23" count="0" type="cond" truecount="0" falsecount="2"/>
          <line num="24" count="0" type="stmt"/>
          <line num="29" count="0" type="cond" truecount="0" falsecount="2"/>
          <line num="30" count="0" type="stmt"/>
          <line num="35" count="0" type="cond" truecount="0" falsecount="2"/>
          <line num="36" count="0" type="cond" truecount="0" falsecount="2"/>
          <line num="37" count="0" type="stmt"/>
          <line num="39" count="0" type="stmt"/>
          <line num="45" count="0" type="cond" truecount="0" falsecount="2"/>
          <line num="46" count="0" type="stmt"/>
          <line num="50" count="0" type="stmt"/>
          <line num="54" count="0" type="stmt"/>
          <line num="65" count="0" type="stmt"/>
          <line num="74" count="0" type="stmt"/>
        </file>
      </package>
      <package name="src.components.signup-form">
        <metrics statements="21" coveredstatements="0" conditionals="11" coveredconditionals="0" methods="4" coveredmethods="0"/>
        <file name="SignUpForm.jsx" path="/Users/krystalfoster/Desktop/join-messenger-app/src/components/signup-form/SignUpForm.jsx">
          <metrics statements="21" coveredstatements="0" conditionals="11" coveredconditionals="0" methods="4" coveredmethods="0"/>
          <line num="1" count="0" type="stmt"/>
          <line num="2" count="0" type="stmt"/>
          <line num="3" count="0" type="stmt"/>
          <line num="4" count="0" type="stmt"/>
          <line num="5" count="0" type="stmt"/>
          <line num="7" count="0" type="stmt"/>
          <line num="11" count="0" type="stmt"/>
          <line num="13" count="0" type="stmt"/>
          <line num="14" count="0" type="stmt"/>
          <line num="15" count="0" type="stmt"/>
          <line num="25" count="0" type="stmt"/>
          <line num="26" count="0" type="cond" truecount="0" falsecount="2"/>
          <line num="27" count="0" type="stmt"/>
          <line num="29" count="0" type="stmt"/>
          <line num="35" count="0" type="stmt"/>
          <line num="36" count="0" type="stmt"/>
          <line num="45" count="0" type="stmt"/>
          <line num="47" count="0" type="cond" truecount="0" falsecount="3"/>
          <line num="51" count="0" type="cond" truecount="0" falsecount="4"/>
          <line num="53" count="0" type="stmt"/>
          <line num="138" count="0" type="stmt"/>
        </file>
      </package>
      <package name="src.components.spinner">
        <metrics statements="4" coveredstatements="0" conditionals="0" coveredconditionals="0" methods="1" coveredmethods="0"/>
        <file name="Spinner.jsx" path="/Users/krystalfoster/Desktop/join-messenger-app/src/components/spinner/Spinner.jsx">
          <metrics statements="4" coveredstatements="0" conditionals="0" coveredconditionals="0" methods="1" coveredmethods="0"/>
          <line num="1" count="0" type="stmt"/>
          <line num="3" count="0" type="stmt"/>
          <line num="5" count="0" type="stmt"/>
          <line num="6" count="0" type="stmt"/>
        </file>
      </package>
      <package name="src.components.tickets">
        <metrics statements="56" coveredstatements="0" conditionals="34" coveredconditionals="0" methods="14" coveredmethods="0"/>
        <file name="ArchivedTickets.jsx" path="/Users/krystalfoster/Desktop/join-messenger-app/src/components/tickets/ArchivedTickets.jsx">
          <metrics statements="12" coveredstatements="0" conditionals="5" coveredconditionals="0" methods="2" coveredmethods="0"/>
          <line num="1" count="0" type="stmt"/>
          <line num="2" count="0" type="stmt"/>
          <line num="3" count="0" type="stmt"/>
          <line num="4" count="0" type="stmt"/>
          <line num="5" count="0" type="stmt"/>
          <line num="6" count="0" type="stmt"/>
          <line num="9" count="0" type="stmt"/>
          <line num="14" count="0" type="stmt"/>
          <line num="15" count="0" type="stmt"/>
          <line num="16" count="0" type="stmt"/>
          <line num="35" count="0" type="stmt"/>
          <line num="39" count="0" type="stmt"/>
        </file>
        <file name="ClosedTickets.jsx" path="/Users/krystalfoster/Desktop/join-messenger-app/src/components/tickets/ClosedTickets.jsx">
          <metrics statements="32" coveredstatements="0" conditionals="19" coveredconditionals="0" methods="10" coveredmethods="0"/>
          <line num="1" count="0" type="stmt"/>
          <line num="2" count="0" type="stmt"/>
          <line num="3" count="0" type="stmt"/>
          <line num="4" count="0" type="stmt"/>
          <line num="5" count="0" type="stmt"/>
          <line num="6" count="0" type="stmt"/>
          <line num="7" count="0" type="stmt"/>
          <line num="11" count="0" type="stmt"/>
          <line num="13" count="0" type="stmt"/>
          <line num="14" count="0" type="stmt"/>
          <line num="15" count="0" type="stmt"/>
          <line num="17" count="0" type="stmt"/>
          <line num="23" count="0" type="stmt"/>
          <line num="27" count="0" type="cond" truecount="0" falsecount="2"/>
          <line num="28" count="0" type="stmt"/>
          <line num="31" count="0" type="stmt"/>
          <line num="36" count="0" type="stmt"/>
          <line num="37" count="0" type="cond" truecount="0" falsecount="2"/>
          <line num="38" count="0" type="stmt"/>
          <line num="47" count="0" type="stmt"/>
          <line num="48" count="0" type="stmt"/>
          <line num="49" count="0" type="stmt"/>
          <line num="53" count="0" type="stmt"/>
          <line num="54" count="0" type="cond" truecount="0" falsecount="2"/>
          <line num="55" count="0" type="stmt"/>
          <line num="56" count="0" type="stmt"/>
          <line num="71" count="0" type="stmt"/>
          <line num="72" count="0" type="stmt"/>
          <line num="104" count="0" type="stmt"/>
          <line num="105" count="0" type="stmt"/>
          <line num="127" count="0" type="stmt"/>
          <line num="133" count="0" type="stmt"/>
        </file>
        <file name="OngoingTickets.jsx" path="/Users/krystalfoster/Desktop/join-messenger-app/src/components/tickets/OngoingTickets.jsx">
          <metrics statements="12" coveredstatements="0" conditionals="10" coveredconditionals="0" methods="2" coveredmethods="0"/>
          <line num="1" count="0" type="stmt"/>
          <line num="2" count="0" type="stmt"/>
          <line num="3" count="0" type="stmt"/>
          <line num="4" count="0" type="stmt"/>
          <line num="5" count="0" type="stmt"/>
          <line num="6" count="0" type="stmt"/>
          <line num="7" count="0" type="stmt"/>
          <line num="10" count="0" type="stmt"/>
          <line num="25" count="0" type="stmt"/>
          <line num="26" count="0" type="stmt"/>
          <line num="78" count="0" type="stmt"/>
          <line num="83" count="0" type="stmt"/>
        </file>
      </package>
      <package name="src.components.tile">
        <metrics statements="12" coveredstatements="0" conditionals="0" coveredconditionals="0" methods="5" coveredmethods="0"/>
        <file name="Tile.jsx" path="/Users/krystalfoster/Desktop/join-messenger-app/src/components/tile/Tile.jsx">
          <metrics statements="12" coveredstatements="0" conditionals="0" coveredconditionals="0" methods="5" coveredmethods="0"/>
          <line num="1" count="0" type="stmt"/>
          <line num="2" count="0" type="stmt"/>
          <line num="3" count="0" type="stmt"/>
          <line num="4" count="0" type="stmt"/>
          <line num="5" count="0" type="stmt"/>
          <line num="9" count="0" type="stmt"/>
          <line num="18" count="0" type="stmt"/>
          <line num="22" count="0" type="stmt"/>
          <line num="26" count="0" type="stmt"/>
          <line num="31" count="0" type="stmt"/>
          <line num="40" count="0" type="stmt"/>
          <line num="47" count="0" type="stmt"/>
        </file>
      </package>
      <package name="src.components.user-controls">
        <metrics statements="54" coveredstatements="0" conditionals="32" coveredconditionals="0" methods="12" coveredmethods="0"/>
        <file name="UserControls.jsx" path="/Users/krystalfoster/Desktop/join-messenger-app/src/components/user-controls/UserControls.jsx">
          <metrics statements="54" coveredstatements="0" conditionals="32" coveredconditionals="0" methods="12" coveredmethods="0"/>
          <line num="1" count="0" type="stmt"/>
          <line num="2" count="0" type="stmt"/>
          <line num="3" count="0" type="stmt"/>
          <line num="4" count="0" type="stmt"/>
          <line num="5" count="0" type="stmt"/>
          <line num="6" count="0" type="stmt"/>
          <line num="7" count="0" type="stmt"/>
          <line num="8" count="0" type="stmt"/>
          <line num="9" count="0" type="stmt"/>
          <line num="10" count="0" type="stmt"/>
          <line num="11" count="0" type="stmt"/>
          <line num="13" count="0" type="stmt"/>
          <line num="15" count="0" type="stmt"/>
          <line num="25" count="0" type="stmt"/>
          <line num="27" count="0" type="stmt"/>
          <line num="28" count="0" type="stmt"/>
          <line num="29" count="0" type="stmt"/>
          <line num="33" count="0" type="stmt"/>
          <line num="35" count="0" type="stmt"/>
          <line num="36" count="0" type="cond" truecount="0" falsecount="2"/>
          <line num="37" count="0" type="stmt"/>
          <line num="38" count="0" type="stmt"/>
          <line num="39" count="0" type="cond" truecount="0" falsecount="5"/>
          <line num="40" count="0" type="stmt"/>
          <line num="42" count="0" type="stmt"/>
          <line num="46" count="0" type="stmt"/>
          <line num="51" count="0" type="stmt"/>
          <line num="52" count="0" type="stmt"/>
          <line num="53" count="0" type="stmt"/>
          <line num="54" count="0" type="cond" truecount="0" falsecount="4"/>
          <line num="55" count="0" type="stmt"/>
          <line num="57" count="0" type="cond" truecount="0" falsecount="6"/>
          <line num="58" count="0" type="cond" truecount="0" falsecount="2"/>
          <line num="59" count="0" type="stmt"/>
          <line num="62" count="0" type="stmt"/>
          <line num="63" count="0" type="cond" truecount="0" falsecount="4"/>
          <line num="64" count="0" type="stmt"/>
          <line num="71" count="0" type="stmt"/>
          <line num="72" count="0" type="stmt"/>
          <line num="73" count="0" type="stmt"/>
          <line num="74" count="0" type="stmt"/>
          <line num="75" count="0" type="stmt"/>
          <line num="80" count="0" type="stmt"/>
          <line num="81" count="0" type="stmt"/>
          <line num="82" count="0" type="cond" truecount="0" falsecount="4"/>
          <line num="83" count="0" type="stmt"/>
          <line num="89" count="0" type="stmt"/>
          <line num="124" count="0" type="stmt"/>
          <line num="134" count="0" type="stmt"/>
          <line num="135" count="0" type="stmt"/>
          <line num="136" count="0" type="stmt"/>
          <line num="137" count="0" type="stmt"/>
          <line num="140" count="0" type="stmt"/>
          <line num="160" count="0" type="stmt"/>
        </file>
      </package>
      <package name="src.constants">
        <metrics statements="9" coveredstatements="0" conditionals="0" coveredconditionals="0" methods="0" coveredmethods="0"/>
        <file name="constants.js" path="/Users/krystalfoster/Desktop/join-messenger-app/src/constants/constants.js">
          <metrics statements="9" coveredstatements="0" conditionals="0" coveredconditionals="0" methods="0" coveredmethods="0"/>
          <line num="2" count="0" type="stmt"/>
          <line num="3" count="0" type="stmt"/>
          <line num="22" count="0" type="stmt"/>
          <line num="33" count="0" type="stmt"/>
          <line num="42" count="0" type="stmt"/>
          <line num="73" count="0" type="stmt"/>
          <line num="79" count="0" type="stmt"/>
          <line num="85" count="0" type="stmt"/>
          <line num="94" count="0" type="stmt"/>
        </file>
      </package>
      <package name="src.dux">
        <metrics statements="230" coveredstatements="17" conditionals="62" coveredconditionals="6" methods="75" coveredmethods="5"/>
        <file name="common.js" path="/Users/krystalfoster/Desktop/join-messenger-app/src/dux/common.js">
          <metrics statements="17" coveredstatements="17" conditionals="6" coveredconditionals="6" methods="5" coveredmethods="5"/>
          <line num="2" count="1" type="stmt"/>
          <line num="3" count="1" type="stmt"/>
          <line num="4" count="1" type="stmt"/>
          <line num="5" count="1" type="stmt"/>
          <line num="8" count="1" type="stmt"/>
          <line num="16" count="6" type="cond" truecount="5" falsecount="0"/>
          <line num="18" count="2" type="stmt"/>
          <line num="24" count="1" type="stmt"/>
          <line num="31" count="1" type="stmt"/>
          <line num="37" count="1" type="stmt"/>
          <line num="44" count="1" type="stmt"/>
          <line num="49" count="1" type="stmt"/>
          <line num="50" count="1" type="stmt"/>
          <line num="54" count="1" type="stmt"/>
          <line num="59" count="1" type="stmt"/>
          <line num="60" count="1" type="stmt"/>
          <line num="64" count="1" type="stmt"/>
        </file>
        <file name="emergencyNumbers.js" path="/Users/krystalfoster/Desktop/join-messenger-app/src/dux/emergencyNumbers.js">
          <metrics statements="72" coveredstatements="0" conditionals="9" coveredconditionals="0" methods="27" coveredmethods="0"/>
          <line num="1" count="0" type="stmt"/>
          <line num="3" count="0" type="stmt"/>
          <line num="4" count="0" type="stmt"/>
          <line num="5" count="0" type="stmt"/>
          <line num="6" count="0" type="stmt"/>
          <line num="7" count="0" type="stmt"/>
          <line num="8" count="0" type="stmt"/>
          <line num="9" count="0" type="stmt"/>
          <line num="12" count="0" type="stmt"/>
          <line num="20" count="0" type="stmt"/>
          <line num="22" count="0" type="stmt"/>
          <line num="27" count="0" type="stmt"/>
          <line num="33" count="0" type="stmt"/>
          <line num="38" count="0" type="stmt"/>
          <line num="39" count="0" type="stmt"/>
          <line num="40" count="0" type="stmt"/>
          <line num="48" count="0" type="stmt"/>
          <line num="54" count="0" type="stmt"/>
          <line num="58" count="0" type="stmt"/>
          <line num="59" count="0" type="stmt"/>
          <line num="61" count="0" type="stmt"/>
          <line num="65" count="0" type="stmt"/>
          <line num="66" count="0" type="stmt"/>
          <line num="68" count="0" type="stmt"/>
          <line num="72" count="0" type="stmt"/>
          <line num="77" count="0" type="stmt"/>
          <line num="78" count="0" type="stmt"/>
          <line num="83" count="0" type="stmt"/>
          <line num="90" count="0" type="stmt"/>
          <line num="91" count="0" type="stmt"/>
          <line num="102" count="0" type="stmt"/>
          <line num="103" count="0" type="stmt"/>
          <line num="114" count="0" type="stmt"/>
          <line num="115" count="0" type="stmt"/>
          <line num="121" count="0" type="stmt"/>
          <line num="122" count="0" type="stmt"/>
          <line num="131" count="0" type="stmt"/>
          <line num="132" count="0" type="stmt"/>
          <line num="133" count="0" type="stmt"/>
          <line num="134" count="0" type="stmt"/>
          <line num="138" count="0" type="stmt"/>
          <line num="139" count="0" type="stmt"/>
          <line num="146" count="0" type="stmt"/>
          <line num="148" count="0" type="stmt"/>
          <line num="149" count="0" type="stmt"/>
          <line num="150" count="0" type="stmt"/>
          <line num="151" count="0" type="stmt"/>
          <line num="153" count="0" type="stmt"/>
          <line num="158" count="0" type="stmt"/>
          <line num="159" count="0" type="stmt"/>
          <line num="166" count="0" type="stmt"/>
          <line num="169" count="0" type="stmt"/>
          <line num="170" count="0" type="stmt"/>
          <line num="171" count="0" type="stmt"/>
          <line num="172" count="0" type="stmt"/>
          <line num="174" count="0" type="stmt"/>
          <line num="179" count="0" type="stmt"/>
          <line num="180" count="0" type="stmt"/>
          <line num="187" count="0" type="stmt"/>
          <line num="189" count="0" type="stmt"/>
          <line num="190" count="0" type="stmt"/>
          <line num="191" count="0" type="stmt"/>
          <line num="192" count="0" type="stmt"/>
          <line num="194" count="0" type="stmt"/>
          <line num="198" count="0" type="stmt"/>
          <line num="199" count="0" type="stmt"/>
          <line num="206" count="0" type="stmt"/>
          <line num="208" count="0" type="stmt"/>
          <line num="209" count="0" type="stmt"/>
          <line num="210" count="0" type="stmt"/>
          <line num="211" count="0" type="stmt"/>
          <line num="213" count="0" type="stmt"/>
        </file>
        <file name="lease.js" path="/Users/krystalfoster/Desktop/join-messenger-app/src/dux/lease.js">
          <metrics statements="1" coveredstatements="0" conditionals="0" coveredconditionals="0" methods="0" coveredmethods="0"/>
          <line num="1" count="0" type="stmt"/>
        </file>
        <file name="notes.js" path="/Users/krystalfoster/Desktop/join-messenger-app/src/dux/notes.js">
          <metrics statements="1" coveredstatements="0" conditionals="0" coveredconditionals="0" methods="0" coveredmethods="0"/>
          <line num="1" count="0" type="stmt"/>
        </file>
        <file name="properties.js" path="/Users/krystalfoster/Desktop/join-messenger-app/src/dux/properties.js">
          <metrics statements="30" coveredstatements="0" conditionals="5" coveredconditionals="0" methods="9" coveredmethods="0"/>
          <line num="1" count="0" type="stmt"/>
          <line num="3" count="0" type="stmt"/>
          <line num="4" count="0" type="stmt"/>
          <line num="5" count="0" type="stmt"/>
          <line num="6" count="0" type="stmt"/>
          <line num="9" count="0" type="stmt"/>
          <line num="17" count="0" type="stmt"/>
          <line num="19" count="0" type="stmt"/>
          <line num="24" count="0" type="stmt"/>
          <line num="30" count="0" type="stmt"/>
          <line num="34" count="0" type="stmt"/>
          <line num="39" count="0" type="stmt"/>
          <line num="40" count="0" type="stmt"/>
          <line num="44" count="0" type="stmt"/>
          <line num="51" count="0" type="stmt"/>
          <line num="52" count="0" type="stmt"/>
          <line num="70" count="0" type="stmt"/>
          <line num="71" count="0" type="stmt"/>
          <line num="72" count="0" type="stmt"/>
          <line num="73" count="0" type="stmt"/>
          <line num="74" count="0" type="stmt"/>
          <line num="75" count="0" type="stmt"/>
          <line num="79" count="0" type="stmt"/>
          <line num="80" count="0" type="stmt"/>
          <line num="87" count="0" type="stmt"/>
          <line num="89" count="0" type="stmt"/>
          <line num="90" count="0" type="stmt"/>
          <line num="91" count="0" type="stmt"/>
          <line num="92" count="0" type="stmt"/>
          <line num="94" count="0" type="stmt"/>
        </file>
        <file name="propertyManagers.js" path="/Users/krystalfoster/Desktop/join-messenger-app/src/dux/propertyManagers.js">
          <metrics statements="18" coveredstatements="0" conditionals="6" coveredconditionals="0" methods="5" coveredmethods="0"/>
          <line num="1" count="0" type="stmt"/>
          <line num="3" count="0" type="stmt"/>
          <line num="4" count="0" type="stmt"/>
          <line num="5" count="0" type="stmt"/>
          <line num="8" count="0" type="stmt"/>
          <line num="16" count="0" type="stmt"/>
          <line num="18" count="0" type="stmt"/>
          <line num="23" count="0" type="stmt"/>
          <line num="29" count="0" type="stmt"/>
          <line num="34" count="0" type="stmt"/>
          <line num="35" count="0" type="stmt"/>
          <line num="39" count="0" type="stmt"/>
          <line num="51" count="0" type="stmt"/>
          <line num="52" count="0" type="stmt"/>
          <line num="53" count="0" type="stmt"/>
          <line num="54" count="0" type="stmt"/>
          <line num="55" count="0" type="cond" truecount="0" falsecount="2"/>
          <line num="57" count="0" type="stmt"/>
        </file>
        <file name="reducers.js" path="/Users/krystalfoster/Desktop/join-messenger-app/src/dux/reducers.js">
          <metrics statements="6" coveredstatements="0" conditionals="0" coveredconditionals="0" methods="0" coveredmethods="0"/>
          <line num="1" count="0" type="stmt"/>
          <line num="3" count="0" type="stmt"/>
          <line num="4" count="0" type="stmt"/>
          <line num="5" count="0" type="stmt"/>
          <line num="6" count="0" type="stmt"/>
          <line num="7" count="0" type="stmt"/>
        </file>
        <file name="tenants.js" path="/Users/krystalfoster/Desktop/join-messenger-app/src/dux/tenants.js">
[...]
          <line num="1" count="0" type="stmt"/>
          <line num="2" count="0" type="stmt"/>
          <line num="3" count="0" type="stmt"/>
          <line num="4" count="0" type="stmt"/>
          <line num="5" count="0" type="stmt"/>
          <line num="6" count="0" type="stmt"/>
          <line num="7" count="0" type="stmt"/>
          <line num="8" count="0" type="stmt"/>
          <line num="9" count="0" type="stmt"/>
          <line num="12" count="0" type="stmt"/>
          <line num="16" count="0" type="stmt"/>
          <line num="18" count="0" type="stmt"/>
          <line num="22" count="0" type="stmt"/>
          <line num="23" count="0" type="stmt"/>
          <line num="24" count="0" type="stmt"/>
          <line num="28" count="0" type="cond" truecount="0" falsecount="2"/>
          <line num="29" count="0" type="stmt"/>
          <line num="33" count="0" type="stmt"/>
          <line num="37" count="0" type="stmt"/>
          <line num="56" count="0" type="stmt"/>
        </file>
      </package>
      <package name="src.pages.settings">
        <metrics statements="51" coveredstatements="0" conditionals="12" coveredconditionals="0" methods="16" coveredmethods="0"/>
        <file name="OutOfOffice.jsx" path="/Users/krystalfoster/Desktop/join-messenger-app/src/pages/settings/OutOfOffice.jsx">
          <metrics statements="24" coveredstatements="0" conditionals="8" coveredconditionals="0" methods="8" coveredmethods="0"/>
          <line num="1" count="0" type="stmt"/>
          <line num="2" count="0" type="stmt"/>
          <line num="3" count="0" type="stmt"/>
          <line num="4" count="0" type="stmt"/>
          <line num="5" count="0" type="stmt"/>
          <line num="9" count="0" type="stmt"/>
          <line num="11" count="0" type="stmt"/>
          <line num="12" count="0" type="stmt"/>
          <line num="13" count="0" type="stmt"/>
          <line num="15" count="0" type="stmt"/>
          <line num="17" count="0" type="stmt"/>
          <line num="25" count="0" type="stmt"/>
          <line num="29" count="0" type="cond" truecount="0" falsecount="2"/>
          <line num="31" count="0" type="stmt"/>
          <line num="35" count="0" type="stmt"/>
          <line num="36" count="0" type="stmt"/>
          <line num="37" count="0" type="cond" truecount="0" falsecount="2"/>
          <line num="39" count="0" type="stmt"/>
          <line num="43" count="0" type="stmt"/>
          <line num="47" count="0" type="stmt"/>
          <line num="48" count="0" type="stmt"/>
          <line num="52" count="0" type="stmt"/>
          <line num="58" count="0" type="stmt"/>
          <line num="183" count="0" type="stmt"/>
        </file>
        <file name="Settings.jsx" path="/Users/krystalfoster/Desktop/join-messenger-app/src/pages/settings/Settings.jsx">
          <metrics statements="27" coveredstatements="0" conditionals="4" coveredconditionals="0" methods="8" coveredmethods="0"/>
          <line num="1" count="0" type="stmt"/>
          <line num="2" count="0" type="stmt"/>
          <line num="3" count="0" type="stmt"/>
          <line num="4" count="0" type="stmt"/>
          <line num="5" count="0" type="stmt"/>
          <line num="6" count="0" type="stmt"/>
          <line num="8" count="0" type="stmt"/>
          <line num="12" count="0" type="stmt"/>
          <line num="14" count="0" type="stmt"/>
          <line num="15" count="0" type="stmt"/>
          <line num="17" count="0" type="stmt"/>
          <line num="27" count="0" type="stmt"/>
          <line num="29" count="0" type="stmt"/>
          <line num="37" count="0" type="stmt"/>
          <line num="41" count="0" type="cond" truecount="0" falsecount="2"/>
          <line num="43" count="0" type="stmt"/>
          <line num="47" count="0" type="stmt"/>
          <line num="48" count="0" type="stmt"/>
          <line num="49" count="0" type="cond" truecount="0" falsecount="2"/>
          <line num="51" count="0" type="stmt"/>
          <line num="57" count="0" type="stmt"/>
          <line num="58" count="0" type="stmt"/>
          <line num="59" count="0" type="stmt"/>
          <line num="63" count="0" type="stmt"/>
          <line num="69" count="0" type="stmt"/>
          <line num="83" count="0" type="stmt"/>
          <line num="164" count="0" type="stmt"/>
        </file>
      </package>
      <package name="src.pages.signup">
        <metrics statements="19" coveredstatements="0" conditionals="11" coveredconditionals="0" methods="3" coveredmethods="0"/>
        <file name="Signup.jsx" path="/Users/krystalfoster/Desktop/join-messenger-app/src/pages/signup/Signup.jsx">
          <metrics statements="19" coveredstatements="0" conditionals="11" coveredconditionals="0" methods="3" coveredmethods="0"/>
          <line num="1" count="0" type="stmt"/>
          <line num="2" count="0" type="stmt"/>
          <line num="3" count="0" type="stmt"/>
          <line num="4" count="0" type="stmt"/>
          <line num="5" count="0" type="stmt"/>
          <line num="6" count="0" type="stmt"/>
          <line num="7" count="0" type="stmt"/>
          <line num="8" count="0" type="stmt"/>
          <line num="9" count="0" type="stmt"/>
          <line num="10" count="0" type="stmt"/>
          <line num="11" count="0" type="stmt"/>
          <line num="12" count="0" type="stmt"/>
          <line num="14" count="0" type="stmt"/>
          <line num="16" count="0" type="stmt"/>
          <line num="17" count="0" type="stmt"/>
          <line num="20" count="0" type="stmt"/>
          <line num="59" count="0" type="stmt"/>
          <line num="66" count="0" type="stmt"/>
          <line num="77" count="0" type="stmt"/>
        </file>
      </package>
      <package name="src.pages.staff-dashboard">
        <metrics statements="28" coveredstatements="0" conditionals="2" coveredconditionals="0" methods="8" coveredmethods="0"/>
        <file name="StaffDashboard.jsx" path="/Users/krystalfoster/Desktop/join-messenger-app/src/pages/staff-dashboard/StaffDashboard.jsx">
          <metrics statements="28" coveredstatements="0" conditionals="2" coveredconditionals="0" methods="8" coveredmethods="0"/>
          <line num="1" count="0" type="stmt"/>
          <line num="2" count="0" type="stmt"/>
          <line num="3" count="0" type="stmt"/>
          <line num="4" count="0" type="stmt"/>
          <line num="5" count="0" type="stmt"/>
          <line num="6" count="0" type="stmt"/>
          <line num="7" count="0" type="stmt"/>
          <line num="8" count="0" type="stmt"/>
          <line num="9" count="0" type="stmt"/>
          <line num="10" count="0" type="stmt"/>
          <line num="11" count="0" type="stmt"/>
          <line num="12" count="0" type="stmt"/>
          <line num="16" count="0" type="stmt"/>
          <line num="17" count="0" type="stmt"/>
          <line num="18" count="0" type="stmt"/>
          <line num="22" count="0" type="stmt"/>
          <line num="23" count="0" type="stmt"/>
          <line num="24" count="0" type="stmt"/>
          <line num="28" count="0" type="cond" truecount="0" falsecount="2"/>
          <line num="29" count="0" type="stmt"/>
          <line num="33" count="0" type="stmt"/>
          <line num="34" count="0" type="stmt"/>
          <line num="54" count="0" type="stmt"/>
          <line num="55" count="0" type="stmt"/>
          <line num="59" count="0" type="stmt"/>
          <line num="85" count="0" type="stmt"/>
          <line num="93" count="0" type="stmt"/>
          <line num="98" count="0" type="stmt"/>
        </file>
      </package>
      <package name="src.pages.tenant-dashboard">
        <metrics statements="26" coveredstatements="0" conditionals="2" coveredconditionals="0" methods="5" coveredmethods="0"/>
        <file name="TenantDashboard.jsx" path="/Users/krystalfoster/Desktop/join-messenger-app/src/pages/tenant-dashboard/TenantDashboard.jsx">
          <metrics statements="26" coveredstatements="0" conditionals="2" coveredconditionals="0" methods="5" coveredmethods="0"/>
          <line num="1" count="0" type="stmt"/>
          <line num="2" count="0" type="stmt"/>
          <line num="3" count="0" type="stmt"/>
          <line num="4" count="0" type="stmt"/>
          <line num="5" count="0" type="stmt"/>
          <line num="6" count="0" type="stmt"/>
          <line num="7" count="0" type="stmt"/>
          <line num="8" count="0" type="stmt"/>
          <line num="9" count="0" type="stmt"/>
          <line num="10" count="0" type="stmt"/>
          <line num="11" count="0" type="stmt"/>
          <line num="12" count="0" type="stmt"/>
          <line num="13" count="0" type="stmt"/>
          <line num="14" count="0" type="stmt"/>
          <line num="18" count="0" type="stmt"/>
          <line num="19" count="0" type="stmt"/>
          <line num="37" count="0" type="stmt"/>
          <line num="38" count="0" type="stmt"/>
          <line num="39" count="0" type="stmt"/>
          <line num="40" count="0" type="stmt"/>
          <line num="44" count="0" type="stmt"/>
          <line num="45" count="0" type="stmt"/>
          <line num="49" count="0" type="stmt"/>
          <line num="102" count="0" type="stmt"/>
          <line num="113" count="0" type="stmt"/>
          <line num="118" count="0" type="stmt"/>
        </file>
      </package>
      <package name="src.pages.tenant-details">
        <metrics statements="44" coveredstatements="0" conditionals="6" coveredconditionals="0" methods="16" coveredmethods="0"/>
        <file name="Archive.jsx" path="/Users/krystalfoster/Desktop/join-messenger-app/src/pages/tenant-details/Archive.jsx">
          <metrics statements="16" coveredstatements="0" conditionals="0" coveredconditionals="0" methods="4" coveredmethods="0"/>
          <line num="1" count="0" type="stmt"/>
          <line num="2" count="0" type="stmt"/>
          <line num="3" count="0" type="stmt"/>
          <line num="4" count="0" type="stmt"/>
          <line num="5" count="0" type="stmt"/>
          <line num="6" count="0" type="stmt"/>
          <line num="7" count="0" type="stmt"/>
          <line num="8" count="0" type="stmt"/>
          <line num="11" count="0" type="stmt"/>
          <line num="15" count="0" type="stmt"/>
          <line num="19" count="0" type="stmt"/>
          <line num="20" count="0" type="stmt"/>
          <line num="21" count="0" type="stmt"/>
          <line num="23" count="0" type="stmt"/>
          <line num="27" count="0" type="stmt"/>
          <line num="58" count="0" type="stmt"/>
        </file>
        <file name="TenantDetails.jsx" path="/Users/krystalfoster/Desktop/join-messenger-app/src/pages/tenant-details/TenantDetails.jsx">
          <metrics statements="28" coveredstatements="0" conditionals="6" coveredconditionals="0" methods="12" coveredmethods="0"/>
          <line num="1" count="0" type="stmt"/>
          <line num="2" count="0" type="stmt"/>
          <line num="3" count="0" type="stmt"/>
          <line num="4" count="0" type="stmt"/>
          <line num="5" count="0" type="stmt"/>
          <line num="6" count="0" type="stmt"/>
          <line num="7" count="0" type="stmt"/>
          <line num="8" count="0" type="stmt"/>
          <line num="9" count="0" type="stmt"/>
          <line num="12" count="0" type="stmt"/>
          <line num="16" count="0" type="stmt"/>
          <line num="18" count="0" type="stmt"/>
          <line num="20" count="0" type="stmt"/>
          <line num="24" count="0" type="stmt"/>
          <line num="29" count="0" type="stmt"/>
          <line num="30" count="0" type="stmt"/>
          <line num="34" count="0" type="stmt"/>
          <line num="35" count="0" type="stmt"/>
          <line num="36" count="0" type="stmt"/>
          <line num="39" count="0" type="stmt"/>
          <line num="42" count="0" type="stmt"/>
          <line num="44" count="0" type="stmt"/>
          <line num="50" count="0" type="stmt"/>
          <line num="62" count="0" type="stmt"/>
          <line num="73" count="0" type="stmt"/>
          <line num="133" count="0" type="stmt"/>
          <line num="143" count="0" type="stmt"/>
          <line num="159" count="0" type="stmt"/>
        </file>
      </package>
      <package name="src.pages.tenants">
        <metrics statements="23" coveredstatements="0" conditionals="2" coveredconditionals="0" methods="7" coveredmethods="0"/>
        <file name="Tenants.jsx" path="/Users/krystalfoster/Desktop/join-messenger-app/src/pages/tenants/Tenants.jsx">
          <metrics statements="23" coveredstatements="0" conditionals="2" coveredconditionals="0" methods="7" coveredmethods="0"/>
          <line num="1" count="0" type="stmt"/>
          <line num="2" count="0" type="stmt"/>
          <line num="3" count="0" type="stmt"/>
          <line num="4" count="0" type="stmt"/>
          <line num="5" count="0" type="stmt"/>
          <line num="6" count="0" type="stmt"/>
          <line num="7" count="0" type="stmt"/>
          <line num="8" count="0" type="stmt"/>
          <line num="11" count="0" type="stmt"/>
          <line num="12" count="0" type="stmt"/>
          <line num="16" count="0" type="stmt"/>
          <line num="18" count="0" type="stmt"/>
          <line num="20" count="0" type="stmt"/>
          <line num="24" count="0" type="stmt"/>
          <line num="28" count="0" type="cond" truecount="0" falsecount="2"/>
          <line num="29" count="0" type="stmt"/>
          <line num="33" count="0" type="stmt"/>
          <line num="34" count="0" type="stmt"/>
          <line num="35" count="0" type="stmt"/>
          <line num="39" count="0" type="stmt"/>
          <line num="79" count="0" type="stmt"/>
          <line num="89" count="0" type="stmt"/>
          <line num="104" count="0" type="stmt"/>
        </file>
      </package>
      <package name="src.pages.terms-conditions">
        <metrics statements="11" coveredstatements="0" conditionals="0" coveredconditionals="0" methods="3" coveredmethods="0"/>
        <file name="TermsConditions.jsx" path="/Users/krystalfoster/Desktop/join-messenger-app/src/pages/terms-conditions/TermsConditions.jsx">
          <metrics statements="11" coveredstatements="0" conditionals="0" coveredconditionals="0" methods="3" coveredmethods="0"/>
          <line num="1" count="0" type="stmt"/>
          <line num="2" count="0" type="stmt"/>
          <line num="3" count="0" type="stmt"/>
          <line num="4" count="0" type="stmt"/>
          <line num="5" count="0" type="stmt"/>
          <line num="6" count="0" type="stmt"/>
          <line num="9" count="0" type="stmt"/>
          <line num="12" count="0" type="stmt"/>
          <line num="13" count="0" type="stmt"/>
          <line num="16" count="0" type="stmt"/>
          <line num="105" count="0" type="stmt"/>
        </file>
      </package>
      <package name="src.pages.tickets">
        <metrics statements="28" coveredstatements="0" conditionals="12" coveredconditionals="0" methods="10" coveredmethods="0"/>
        <file name="Tickets.jsx" path="/Users/krystalfoster/Desktop/join-messenger-app/src/pages/tickets/Tickets.jsx">
          <metrics statements="28" coveredstatements="0" conditionals="12" coveredconditionals="0" methods="10" coveredmethods="0"/>
          <line num="1" count="0" type="stmt"/>
          <line num="2" count="0" type="stmt"/>
          <line num="3" count="0" type="stmt"/>
          <line num="4" count="0" type="stmt"/>
          <line num="5" count="0" type="stmt"/>
          <line num="6" count="0" type="stmt"/>
          <line num="7" count="0" type="stmt"/>
          <line num="8" count="0" type="stmt"/>
          <line num="9" count="0" type="stmt"/>
          <line num="12" count="0" type="stmt"/>
          <line num="16" count="0" type="stmt"/>
          <line num="18" count="0" type="stmt"/>
          <line num="20" count="0" type="stmt"/>
          <line num="24" count="0" type="stmt"/>
          <line num="29" count="0" type="stmt"/>
          <line num="31" count="0" type="cond" truecount="0" falsecount="2"/>
          <line num="39" count="0" type="stmt"/>
          <line num="42" count="0" type="stmt"/>
          <line num="45" count="0" type="stmt"/>
          <line num="46" count="0" type="stmt"/>
          <line num="47" count="0" type="stmt"/>
          <line num="50" count="0" type="stmt"/>
          <line num="53" count="0" type="stmt"/>
          <line num="55" count="0" type="stmt"/>
          <line num="59" count="0" type="stmt"/>
          <line num="101" count="0" type="stmt"/>
          <line num="106" count="0" type="stmt"/>
          <line num="117" count="0" type="stmt"/>
        </file>
      </package>
      <package name="src.pages.waiting-for-role">
        <metrics statements="13" coveredstatements="0" conditionals="0" coveredconditionals="0" methods="3" coveredmethods="0"/>
        <file name="WaitingForRole.jsx" path="/Users/krystalfoster/Desktop/join-messenger-app/src/pages/waiting-for-role/WaitingForRole.jsx">
          <metrics statements="13" coveredstatements="0" conditionals="0" coveredconditionals="0" methods="3" coveredmethods="0"/>
          <line num="1" count="0" type="stmt"/>
          <line num="2" count="0" type="stmt"/>
          <line num="3" count="0" type="stmt"/>
          <line num="4" count="0" type="stmt"/>
          <line num="5" count="0" type="stmt"/>
          <line num="6" count="0" type="stmt"/>
          <line num="7" count="0" type="stmt"/>
          <line num="11" count="0" type="stmt"/>
          <line num="15" count="0" type="stmt"/>
          <line num="16" count="0" type="stmt"/>
          <line num="17" count="0" type="stmt"/>
          <line num="21" count="0" type="stmt"/>
          <line num="44" count="0" type="stmt"/>
        </file>
      </package>
      <package name="src.translations">
        <metrics statements="27" coveredstatements="0" conditionals="6" coveredconditionals="0" methods="2" coveredmethods="0"/>
        <file name="i18n.js" path="/Users/krystalfoster/Desktop/join-messenger-app/src/translations/i18n.js">
          <metrics statements="14" coveredstatements="0" conditionals="6" coveredconditionals="0" methods="2" coveredmethods="0"/>
          <line num="1" count="0" type="stmt"/>
          <line num="2" count="0" type="stmt"/>
          <line num="3" count="0" type="stmt"/>
          <line num="4" count="0" type="stmt"/>
          <line num="5" count="0" type="stmt"/>
          <line num="6" count="0" type="stmt"/>
          <line num="8" count="0" type="stmt"/>
          <line num="13" count="0" type="stmt"/>
          <line num="14" count="0" type="stmt"/>
          <line num="17" count="0" type="stmt"/>
          <line num="18" count="0" type="cond" truecount="0" falsecount="2"/>
          <line num="21" count="0" type="stmt"/>
          <line num="25" count="0" type="stmt"/>
          <line num="30" count="0" type="stmt"/>
        </file>
        <file name="messages.js" path="/Users/krystalfoster/Desktop/join-messenger-app/src/translations/messages.js">
          <metrics statements="13" coveredstatements="0" conditionals="0" coveredconditionals="0" methods="0" coveredmethods="0"/>
          <line num="1" count="0" type="stmt"/>
          <line num="4" count="0" type="stmt"/>
          <line num="35" count="0" type="stmt"/>
          <line num="50" count="0" type="stmt"/>
          <line num="91" count="0" type="stmt"/>
          <line num="154" count="0" type="stmt"/>
          <line num="182" count="0" type="stmt"/>
          <line num="198" count="0" type="stmt"/>
          <line num="312" count="0" type="stmt"/>
          <line num="337" count="0" type="stmt"/>
          <line num="448" count="0" type="stmt"/>
          <line num="456" count="0" type="stmt"/>
          <line num="464" count="0" type="stmt"/>
        </file>
      </package>
    </metrics>
  </project>
</coverage>
