{"/Users/krystalfoster/Desktop/join-messenger-app/src/data.js": {"path":"/Users/krystalfoster/Desktop/join-messenger-app/src/data.js","statementMap":{"0":{"start":{"line":3,"column":13},"end":{"line":3,"column":7}},"1":{"start":{"line":15,"column":13},"end":{"line":15,"column":7}},"2":{"start":{"line":123,"column":13},"end":{"line":123,"column":7}},"3":{"start":{"line":158,"column":13},"end":{"line":158,"column":7}},"4":{"start":{"line":176,"column":13},"end":{"line":176,"column":7}},"5":{"start":{"line":205,"column":13},"end":{"line":205,"column":7}}},"fnMap":{},"branchMap":{},"s":{"0":0,"1":0,"2":0,"3":0,"4":0,"5":0},"f":{},"b":{}}
,"/Users/krystalfoster/Desktop/join-messenger-app/src/index.jsx": {"path":"/Users/krystalfoster/Desktop/join-messenger-app/src/index.jsx","statementMap":{"0":{"start":{"line":2,"column":0},"end":{"line":null,"column":-1}},"1":{"start":{"line":3,"column":0},"end":{"line":null,"column":-1}},"2":{"start":{"line":4,"column":0},"end":{"line":null,"column":-1}},"3":{"start":{"line":7,"column":0},"end":{"line":null,"column":-1}},"4":{"start":{"line":8,"column":0},"end":{"line":null,"column":-1}},"5":{"start":{"line":9,"column":0},"end":{"line":null,"column":-1}},"6":{"start":{"line":11,"column":0},"end":{"line":null,"column":-1}},"7":{"start":{"line":12,"column":0},"end":{"line":null,"column":-1}},"8":{"start":{"line":13,"column":0},"end":{"line":null,"column":-1}},"9":{"start":{"line":16,"column":0},"end":{"line":null,"column":-1}},"10":{"start":{"line":17,"column":0},"end":{"line":null,"column":-1}},"11":{"start":{"line":18,"column":0},"end":{"line":null,"column":-1}},"12":{"start":{"line":19,"column":0},"end":{"line":null,"column":-1}},"13":{"start":{"line":20,"column":0},"end":{"line":null,"column":-1}},"14":{"start":{"line":23,"column":0},"end":{"line":null,"column":-1}},"15":{"start":{"line":26,"column":0},"end":{"line":null,"column":-1}},"16":{"start":{"line":27,"column":0},"end":{"line":null,"column":-1}},"17":{"start":{"line":30,"column":0},"end":{"line":null,"column":-1}},"18":{"start":{"line":31,"column":0},"end":{"line":null,"column":-1}},"19":{"start":{"line":32,"column":0},"end":{"line":null,"column":-1}},"20":{"start":{"line":33,"column":0},"end":{"line":null,"column":-1}},"21":{"start":{"line":34,"column":0},"end":{"line":null,"column":-1}},"22":{"start":{"line":35,"column":0},"end":{"line":null,"column":-1}},"23":{"start":{"line":36,"column":0},"end":{"line":null,"column":-1}},"24":{"start":{"line":37,"column":0},"end":{"line":null,"column":-1}},"25":{"start":{"line":38,"column":0},"end":{"line":null,"column":-1}},"26":{"start":{"line":39,"column":0},"end":{"line":null,"column":-1}},"27":{"start":{"line":40,"column":0},"end":{"line":null,"column":-1}},"28":{"start":{"line":41,"column":0},"end":{"line":null,"column":-1}},"29":{"start":{"line":42,"column":0},"end":{"line":null,"column":-1}},"30":{"start":{"line":43,"column":0},"end":{"line":null,"column":-1}},"31":{"start":{"line":44,"column":0},"end":{"line":null,"column":-1}},"32":{"start":{"line":45,"column":0},"end":{"line":null,"column":-1}},"33":{"start":{"line":46,"column":0},"end":{"line":null,"column":-1}},"34":{"start":{"line":47,"column":0},"end":{"line":null,"column":-1}},"35":{"start":{"line":48,"column":0},"end":{"line":null,"column":-1}},"36":{"start":{"line":49,"column":0},"end":{"line":null,"column":-1}},"37":{"start":{"line":50,"column":0},"end":{"line":null,"column":-1}},"38":{"start":{"line":51,"column":0},"end":{"line":null,"column":-1}},"39":{"start":{"line":52,"column":0},"end":{"line":null,"column":-1}},"40":{"start":{"line":53,"column":0},"end":{"line":null,"column":-1}},"41":{"start":{"line":54,"column":0},"end":{"line":null,"column":-1}},"42":{"start":{"line":55,"column":0},"end":{"line":null,"column":-1}},"43":{"start":{"line":56,"column":0},"end":{"line":null,"column":-1}},"44":{"start":{"line":59,"column":0},"end":{"line":null,"column":-1}},"45":{"start":{"line":60,"column":0},"end":{"line":null,"column":-1}},"46":{"start":{"line":63,"column":0},"end":{"line":null,"column":-1}},"47":{"start":{"line":65,"column":13},"end":{"line":65,"column":0}},"48":{"start":{"line":68,"column":16},"end":{"line":68,"column":0}},"49":{"start":{"line":69,"column":13},"end":{"line":69,"column":0}},"50":{"start":{"line":70,"column":16},"end":{"line":70,"column":0}},"51":{"start":{"line":70,"column":54},"end":{"line":70,"column":16}},"52":{"start":{"line":72,"column":0},"end":{"line":75,"column":1}},"53":{"start":{"line":73,"column":2},"end":{"line":null,"column":-1}},"54":{"start":{"line":74,"column":2},"end":{"line":null,"column":-1}},"55":{"start":{"line":78,"column":18},"end":{"line":78,"column":0}},"56":{"start":{"line":79,"column":18},"end":{"line":79,"column":0}},"57":{"start":{"line":80,"column":17},"end":{"line":80,"column":0}},"58":{"start":{"line":82,"column":0},"end":{"line":null,"column":-1}},"59":{"start":{"line":175,"column":0},"end":{"line":null,"column":-1}}},"fnMap":{"0":{"name":"(anonymous_1)","decl":{"start":{"line":70,"column":44},"end":{"line":70,"column":53}},"loc":{"start":{"line":70,"column":54},"end":{"line":70,"column":16}}}},"branchMap":{"0":{"loc":{"start":{"line":72,"column":0},"end":{"line":75,"column":1}},"type":"if","locations":[{"start":{"line":72,"column":0},"end":{"line":75,"column":1}},{"start":{"line":72,"column":0},"end":{"line":75,"column":1}}]}},"s":{"0":0,"1":0,"2":0,"3":0,"4":0,"5":0,"6":0,"7":0,"8":0,"9":0,"10":0,"11":0,"12":0,"13":0,"14":0,"15":0,"16":0,"17":0,"18":0,"19":0,"20":0,"21":0,"22":0,"23":0,"24":0,"25":0,"26":0,"27":0,"28":0,"29":0,"30":0,"31":0,"32":0,"33":0,"34":0,"35":0,"36":0,"37":0,"38":0,"39":0,"40":0,"41":0,"42":0,"43":0,"44":0,"45":0,"46":0,"47":0,"48":0,"49":0,"50":0,"51":0,"52":0,"53":0,"54":0,"55":0,"56":0,"57":0,"58":0,"59":0},"f":{"0":0},"b":{"0":[0,0]}}
,"/Users/krystalfoster/Desktop/join-messenger-app/src/registerServiceWorker.js": {"path":"/Users/krystalfoster/Desktop/join-messenger-app/src/registerServiceWorker.js","statementMap":{"0":{"start":{"line":11,"column":20},"end":{"line":11,"column":0}},"1":{"start":{"line":22,"column":2},"end":{"line":52,"column":3}},"2":{"start":{"line":24,"column":22},"end":{"line":24,"column":4}},"3":{"start":{"line":25,"column":4},"end":{"line":30,"column":5}},"4":{"start":{"line":29,"column":6},"end":{"line":null,"column":-1}},"5":{"start":{"line":32,"column":4},"end":{"line":null,"column":-1}},"6":{"start":{"line":33,"column":21},"end":{"line":33,"column":6}},"7":{"start":{"line":35,"column":6},"end":{"line":50,"column":7}},"8":{"start":{"line":37,"column":8},"end":{"line":null,"column":-1}},"9":{"start":{"line":41,"column":8},"end":{"line":null,"column":-1}},"10":{"start":{"line":42,"column":10},"end":{"line":null,"column":-1}},"11":{"start":{"line":49,"column":8},"end":{"line":null,"column":-1}},"12":{"start":{"line":56,"column":2},"end":{"line":null,"column":-1}},"13":{"start":{"line":59,"column":6},"end":{"line":null,"column":-1}},"14":{"start":{"line":60,"column":33},"end":{"line":60,"column":8}},"15":{"start":{"line":61,"column":8},"end":{"line":null,"column":-1}},"16":{"start":{"line":62,"column":10},"end":{"line":75,"column":11}},"17":{"start":{"line":63,"column":12},"end":{"line":74,"column":13}},"18":{"start":{"line":68,"column":14},"end":{"line":null,"column":-1}},"19":{"start":{"line":73,"column":14},"end":{"line":null,"column":-1}},"20":{"start":{"line":80,"column":6},"end":{"line":null,"column":-1}},"21":{"start":{"line":86,"column":2},"end":{"line":null,"column":-1}},"22":{"start":{"line":89,"column":6},"end":{"line":102,"column":7}},"23":{"start":{"line":94,"column":8},"end":{"line":null,"column":-1}},"24":{"start":{"line":95,"column":10},"end":{"line":null,"column":-1}},"25":{"start":{"line":96,"column":12},"end":{"line":null,"column":-1}},"26":{"start":{"line":101,"column":8},"end":{"line":null,"column":-1}},"27":{"start":{"line":105,"column":6},"end":{"line":null,"column":-1}},"28":{"start":{"line":112,"column":2},"end":{"line":116,"column":3}},"29":{"start":{"line":113,"column":4},"end":{"line":null,"column":-1}},"30":{"start":{"line":114,"column":6},"end":{"line":null,"column":-1}}},"fnMap":{"0":{"name":"register","decl":{"start":{"line":21,"column":24},"end":{"line":21,"column":15}},"loc":{"start":{"line":21,"column":35},"end":{"line":53,"column":1}}},"1":{"name":"(anonymous_1)","decl":{"start":{"line":32,"column":36},"end":{"line":32,"column":41}},"loc":{"start":{"line":32,"column":42},"end":{"line":32,"column":4}}},"2":{"name":"(anonymous_2)","decl":{"start":{"line":41,"column":43},"end":{"line":41,"column":48}},"loc":{"start":{"line":41,"column":49},"end":{"line":41,"column":8}}},"3":{"name":"registerValidSW","decl":{"start":{"line":55,"column":9},"end":{"line":55,"column":0}},"loc":{"start":{"line":55,"column":32},"end":{"line":82,"column":1}}},"4":{"name":"(anonymous_4)","decl":{"start":{"line":58,"column":10},"end":{"line":58,"column":25}},"loc":{"start":{"line":58,"column":26},"end":{"line":56,"column":2}}},"5":{"name":"(anonymous_5)","decl":{"start":{"line":59,"column":35},"end":{"line":59,"column":40}},"loc":{"start":{"line":59,"column":41},"end":{"line":59,"column":6}}},"6":{"name":"(anonymous_6)","decl":{"start":{"line":61,"column":41},"end":{"line":61,"column":46}},"loc":{"start":{"line":61,"column":47},"end":{"line":61,"column":8}}},"7":{"name":"(anonymous_7)","decl":{"start":{"line":79,"column":11},"end":{"line":79,"column":19}},"loc":{"start":{"line":79,"column":20},"end":{"line":56,"column":2}}},"8":{"name":"checkValidServiceWorker","decl":{"start":{"line":84,"column":9},"end":{"line":84,"column":0}},"loc":{"start":{"line":84,"column":40},"end":{"line":109,"column":1}}},"9":{"name":"(anonymous_9)","decl":{"start":{"line":87,"column":10},"end":{"line":87,"column":21}},"loc":{"start":{"line":87,"column":22},"end":{"line":86,"column":2}}},"10":{"name":"(anonymous_10)","decl":{"start":{"line":94,"column":43},"end":{"line":94,"column":58}},"loc":{"start":{"line":94,"column":59},"end":{"line":94,"column":8}}},"11":{"name":"(anonymous_11)","decl":{"start":{"line":95,"column":41},"end":{"line":95,"column":46}},"loc":{"start":{"line":95,"column":47},"end":{"line":95,"column":10}}},"12":{"name":"(anonymous_12)","decl":{"start":{"line":104,"column":11},"end":{"line":104,"column":16}},"loc":{"start":{"line":104,"column":17},"end":{"line":86,"column":2}}},"13":{"name":"unregister","decl":{"start":{"line":111,"column":16},"end":{"line":111,"column":7}},"loc":{"start":{"line":111,"column":29},"end":{"line":117,"column":1}}},"14":{"name":"(anonymous_14)","decl":{"start":{"line":113,"column":39},"end":{"line":113,"column":54}},"loc":{"start":{"line":113,"column":55},"end":{"line":113,"column":4}}}},"branchMap":{"0":{"loc":{"start":{"line":12,"column":2},"end":{"line":12,"column":1}},"type":"binary-expr","locations":[{"start":{"line":12,"column":2},"end":{"line":12,"column":1}},{"start":{"line":14,"column":4},"end":{"line":12,"column":2}},{"start":{"line":16,"column":4},"end":{"line":11,"column":20}}]},"1":{"loc":{"start":{"line":22,"column":2},"end":{"line":52,"column":3}},"type":"if","locations":[{"start":{"line":22,"column":2},"end":{"line":52,"column":3}},{"start":{"line":22,"column":2},"end":{"line":52,"column":3}}]},"2":{"loc":{"start":{"line":22,"column":6},"end":{"line":22,"column":5}},"type":"binary-expr","locations":[{"start":{"line":22,"column":6},"end":{"line":22,"column":5}},{"start":{"line":22,"column":47},"end":{"line":22,"column":2}}]},"3":{"loc":{"start":{"line":25,"column":4},"end":{"line":30,"column":5}},"type":"if","locations":[{"start":{"line":25,"column":4},"end":{"line":30,"column":5}},{"start":{"line":25,"column":4},"end":{"line":30,"column":5}}]},"4":{"loc":{"start":{"line":35,"column":6},"end":{"line":50,"column":7}},"type":"if","locations":[{"start":{"line":35,"column":6},"end":{"line":50,"column":7}},{"start":{"line":35,"column":6},"end":{"line":50,"column":7}}]},"5":{"loc":{"start":{"line":62,"column":10},"end":{"line":75,"column":11}},"type":"if","locations":[{"start":{"line":62,"column":10},"end":{"line":75,"column":11}},{"start":{"line":62,"column":10},"end":{"line":75,"column":11}}]},"6":{"loc":{"start":{"line":63,"column":12},"end":{"line":74,"column":13}},"type":"if","locations":[{"start":{"line":63,"column":12},"end":{"line":74,"column":13}},{"start":{"line":63,"column":12},"end":{"line":74,"column":13}}]},"7":{"loc":{"start":{"line":89,"column":6},"end":{"line":102,"column":7}},"type":"if","locations":[{"start":{"line":89,"column":6},"end":{"line":102,"column":7}},{"start":{"line":89,"column":6},"end":{"line":102,"column":7}}]},"8":{"loc":{"start":{"line":90,"column":8},"end":{"line":90,"column":7}},"type":"binary-expr","locations":[{"start":{"line":90,"column":8},"end":{"line":90,"column":7}},{"start":{"line":91,"column":8},"end":{"line":89,"column":6}}]},"9":{"loc":{"start":{"line":112,"column":2},"end":{"line":116,"column":3}},"type":"if","locations":[{"start":{"line":112,"column":2},"end":{"line":116,"column":3}},{"start":{"line":112,"column":2},"end":{"line":116,"column":3}}]}},"s":{"0":0,"1":0,"2":0,"3":0,"4":0,"5":0,"6":0,"7":0,"8":0,"9":0,"10":0,"11":0,"12":0,"13":0,"14":0,"15":0,"16":0,"17":0,"18":0,"19":0,"20":0,"21":0,"22":0,"23":0,"24":0,"25":0,"26":0,"27":0,"28":0,"29":0,"30":0},"f":{"0":0,"1":0,"2":0,"3":0,"4":0,"5":0,"6":0,"7":0,"8":0,"9":0,"10":0,"11":0,"12":0,"13":0,"14":0},"b":{"0":[0,0,0],"1":[0,0],"2":[0,0],"3":[0,0],"4":[0,0],"5":[0,0],"6":[0,0],"7":[0,0],"8":[0,0],"9":[0,0]}}
,"/Users/krystalfoster/Desktop/join-messenger-app/src/store.js": {"path":"/Users/krystalfoster/Desktop/join-messenger-app/src/store.js","statementMap":{"0":{"start":{"line":1,"column":0},"end":{"line":null,"column":-1}},"1":{"start":{"line":2,"column":0},"end":{"line":null,"column":-1}},"2":{"start":{"line":3,"column":0},"end":{"line":null,"column":-1}},"3":{"start":{"line":4,"column":0},"end":{"line":null,"column":-1}},"4":{"start":{"line":5,"column":0},"end":{"line":null,"column":-1}},"5":{"start":{"line":7,"column":13},"end":{"line":7,"column":7}},"6":{"start":{"line":9,"column":21},"end":{"line":9,"column":0}},"7":{"start":{"line":10,"column":18},"end":{"line":10,"column":0}},"8":{"start":{"line":11,"column":19},"end":{"line":11,"column":0}},"9":{"start":{"line":16,"column":0},"end":{"line":22,"column":1}},"10":{"start":{"line":17,"column":28},"end":{"line":17,"column":2}},"11":{"start":{"line":19,"column":2},"end":{"line":21,"column":3}},"12":{"start":{"line":20,"column":4},"end":{"line":null,"column":-1}},"13":{"start":{"line":24,"column":26},"end":{"line":24,"column":0}},"14":{"start":{"line":29,"column":14},"end":{"line":29,"column":0}}},"fnMap":{},"branchMap":{"0":{"loc":{"start":{"line":16,"column":0},"end":{"line":22,"column":1}},"type":"if","locations":[{"start":{"line":16,"column":0},"end":{"line":22,"column":1}},{"start":{"line":16,"column":0},"end":{"line":22,"column":1}}]},"1":{"loc":{"start":{"line":19,"column":2},"end":{"line":21,"column":3}},"type":"if","locations":[{"start":{"line":19,"column":2},"end":{"line":21,"column":3}},{"start":{"line":19,"column":2},"end":{"line":21,"column":3}}]}},"s":{"0":0,"1":0,"2":0,"3":0,"4":0,"5":0,"6":0,"7":0,"8":0,"9":0,"10":0,"11":0,"12":0,"13":0,"14":0},"f":{},"b":{"0":[0,0],"1":[0,0]}}
,"/Users/krystalfoster/Desktop/join-messenger-app/src/utils.js": {"path":"/Users/krystalfoster/Desktop/join-messenger-app/src/utils.js","statementMap":{"0":{"start":{"line":10,"column":16},"end":{"line":10,"column":2}},"1":{"start":{"line":11,"column":2},"end":{"line":21,"column":3}},"2":{"start":{"line":12,"column":4},"end":{"line":14,"column":5}},"3":{"start":{"line":13,"column":6},"end":{"line":null,"column":-1}},"4":{"start":{"line":15,"column":4},"end":{"line":17,"column":5}},"5":{"start":{"line":16,"column":6},"end":{"line":null,"column":-1}},"6":{"start":{"line":18,"column":4},"end":{"line":20,"column":5}},"7":{"start":{"line":19,"column":6},"end":{"line":null,"column":-1}},"8":{"start":{"line":22,"column":2},"end":{"line":null,"column":-1}},"9":{"start":{"line":31,"column":15},"end":{"line":31,"column":2}},"10":{"start":{"line":32,"column":2},"end":{"line":null,"column":-1}},"11":{"start":{"line":41,"column":16},"end":{"line":41,"column":2}},"12":{"start":{"line":42,"column":14},"end":{"line":42,"column":2}},"13":{"start":{"line":43,"column":16},"end":{"line":43,"column":2}},"14":{"start":{"line":44,"column":18},"end":{"line":44,"column":2}},"15":{"start":{"line":47,"column":4},"end":{"line":null,"column":-1}},"16":{"start":{"line":50,"column":2},"end":{"line":null,"column":-1}},"17":{"start":{"line":63,"column":2},"end":{"line":null,"column":-1}},"18":{"start":{"line":72,"column":20},"end":{"line":72,"column":2}},"19":{"start":{"line":74,"column":2},"end":{"line":null,"column":-1}},"20":{"start":{"line":77,"column":19},"end":{"line":77,"column":2}},"21":{"start":{"line":78,"column":2},"end":{"line":null,"column":-1}},"22":{"start":{"line":86,"column":13},"end":{"line":86,"column":7}},"23":{"start":{"line":89,"column":4},"end":{"line":null,"column":-1}},"24":{"start":{"line":90,"column":4},"end":{"line":null,"column":-1}},"25":{"start":{"line":93,"column":4},"end":{"line":null,"column":-1}},"26":{"start":{"line":94,"column":4},"end":{"line":null,"column":-1}}},"fnMap":{"0":{"name":"getUserRoleString","decl":{"start":{"line":9,"column":16},"end":{"line":9,"column":7}},"loc":{"start":{"line":9,"column":51},"end":{"line":23,"column":1}}},"1":{"name":"formatDateFromString","decl":{"start":{"line":30,"column":16},"end":{"line":30,"column":7}},"loc":{"start":{"line":30,"column":42},"end":{"line":33,"column":1}}},"2":{"name":"formatDatepickerDate","decl":{"start":{"line":40,"column":16},"end":{"line":40,"column":7}},"loc":{"start":{"line":40,"column":43},"end":{"line":55,"column":1}}},"3":{"name":"formatDateNumberWithLeadingZero","decl":{"start":{"line":46,"column":11},"end":{"line":46,"column":2}},"loc":{"start":{"line":46,"column":48},"end":{"line":48,"column":3}}},"4":{"name":"formatPhoneNumber","decl":{"start":{"line":62,"column":16},"end":{"line":62,"column":7}},"loc":{"start":{"line":62,"column":42},"end":{"line":67,"column":1}}},"5":{"name":"backURL","decl":{"start":{"line":70,"column":16},"end":{"line":70,"column":7}},"loc":{"start":{"line":70,"column":35},"end":{"line":79,"column":1}}}},"branchMap":{"0":{"loc":{"start":{"line":11,"column":2},"end":{"line":21,"column":3}},"type":"if","locations":[{"start":{"line":11,"column":2},"end":{"line":21,"column":3}},{"start":{"line":11,"column":2},"end":{"line":21,"column":3}}]},"1":{"loc":{"start":{"line":12,"column":4},"end":{"line":14,"column":5}},"type":"if","locations":[{"start":{"line":12,"column":4},"end":{"line":14,"column":5}},{"start":{"line":12,"column":4},"end":{"line":14,"column":5}}]},"2":{"loc":{"start":{"line":15,"column":4},"end":{"line":17,"column":5}},"type":"if","locations":[{"start":{"line":15,"column":4},"end":{"line":17,"column":5}},{"start":{"line":15,"column":4},"end":{"line":17,"column":5}}]},"3":{"loc":{"start":{"line":18,"column":4},"end":{"line":20,"column":5}},"type":"if","locations":[{"start":{"line":18,"column":4},"end":{"line":20,"column":5}},{"start":{"line":18,"column":4},"end":{"line":20,"column":5}}]},"4":{"loc":{"start":{"line":47,"column":23},"end":{"line":47,"column":11}},"type":"cond-expr","locations":[{"start":{"line":47,"column":23},"end":{"line":47,"column":11}},{"start":{"line":47,"column":34},"end":{"line":47,"column":4}}]},"5":{"loc":{"start":{"line":63,"column":39},"end":{"line":63,"column":18}},"type":"cond-expr","locations":[{"start":{"line":63,"column":39},"end":{"line":63,"column":18}},{"start":{"line":63,"column":49},"end":{"line":63,"column":17}}]},"6":{"loc":{"start":{"line":78,"column":31},"end":{"line":78,"column":23}},"type":"cond-expr","locations":[{"start":{"line":78,"column":31},"end":{"line":78,"column":23}},{"start":{"line":78,"column":43},"end":{"line":78,"column":46}}]}},"s":{"0":0,"1":0,"2":0,"3":0,"4":0,"5":0,"6":0,"7":0,"8":0,"9":0,"10":0,"11":0,"12":0,"13":0,"14":0,"15":0,"16":0,"17":0,"18":0,"19":0,"20":0,"21":0,"22":0,"23":0,"24":0,"25":0,"26":0},"f":{"0":0,"1":0,"2":0,"3":0,"4":0,"5":0},"b":{"0":[0,0],"1":[0,0],"2":[0,0],"3":[0,0],"4":[0,0],"5":[0,0],"6":[0,0]}}
,"/Users/krystalfoster/Desktop/join-messenger-app/src/components/MessageBox/MessageBox.jsx": {"path":"/Users/krystalfoster/Desktop/join-messenger-app/src/components/MessageBox/MessageBox.jsx","statementMap":{"0":{"start":{"line":1,"column":0},"end":{"line":null,"column":-1}},"1":{"start":{"line":2,"column":0},"end":{"line":null,"column":-1}},"2":{"start":{"line":6,"column":30},"end":{"line":5,"column":11}},"3":{"start":{"line":5,"column":11},"end":{"line":5,"column":10}},"4":{"start":{"line":7,"column":4},"end":{"line":null,"column":-1}},"5":{"start":{"line":9,"column":38},"end":{"line":9,"column":9}},"6":{"start":{"line":15,"column":0},"end":{"line":null,"column":-1}},"7":{"start":{"line":20,"column":0},"end":{"line":null,"column":-1}}},"fnMap":{"0":{"name":"(anonymous_1)","decl":{"start":{"line":5,"column":2},"end":{"line":5,"column":10}},"loc":{"start":{"line":5,"column":11},"end":{"line":12,"column":3}}},"1":{"name":"(anonymous_2)","decl":{"start":{"line":9,"column":33},"end":{"line":9,"column":37}},"loc":{"start":{"line":9,"column":38},"end":{"line":9,"column":9}}}},"branchMap":{"0":{"loc":{"start":{"line":8,"column":38},"end":{"line":8,"column":31}},"type":"cond-expr","locations":[{"start":{"line":8,"column":38},"end":{"line":8,"column":31}},{"start":{"line":8,"column":63},"end":{"line":8,"column":66}}]}},"s":{"0":0,"1":0,"2":0,"3":0,"4":0,"5":0,"6":0,"7":0},"f":{"0":0,"1":0},"b":{"0":[0,0]}}
,"/Users/krystalfoster/Desktop/join-messenger-app/src/components/accordion/Accordion.jsx": {"path":"/Users/krystalfoster/Desktop/join-messenger-app/src/components/accordion/Accordion.jsx","statementMap":{"0":{"start":{"line":1,"column":0},"end":{"line":null,"column":-1}},"1":{"start":{"line":2,"column":0},"end":{"line":null,"column":-1}},"2":{"start":{"line":3,"column":0},"end":{"line":null,"column":-1}},"3":{"start":{"line":6,"column":0},"end":{"line":null,"column":-1}},"4":{"start":{"line":10,"column":4},"end":{"line":null,"column":-1}},"5":{"start":{"line":18,"column":4},"end":{"line":null,"column":-1}},"6":{"start":{"line":73,"column":4},"end":{"line":null,"column":-1}},"7":{"start":{"line":117,"column":4},"end":{"line":null,"column":-1}},"8":{"start":{"line":185,"column":4},"end":{"line":null,"column":-1}},"9":{"start":{"line":188,"column":10},"end":{"line":187,"column":9}},"10":{"start":{"line":195,"column":0},"end":{"line":null,"column":-1}},"11":{"start":{"line":202,"column":0},"end":{"line":null,"column":-1}}},"fnMap":{"0":{"name":"(anonymous_1)","decl":{"start":{"line":9,"column":2},"end":{"line":9,"column":8}},"loc":{"start":{"line":9,"column":36},"end":{"line":15,"column":3}}},"1":{"name":"(anonymous_2)","decl":{"start":{"line":17,"column":2},"end":{"line":17,"column":8}},"loc":{"start":{"line":17,"column":48},"end":{"line":70,"column":3}}},"2":{"name":"(anonymous_3)","decl":{"start":{"line":72,"column":2},"end":{"line":72,"column":8}},"loc":{"start":{"line":72,"column":26},"end":{"line":114,"column":3}}},"3":{"name":"(anonymous_4)","decl":{"start":{"line":116,"column":2},"end":{"line":116,"column":8}},"loc":{"start":{"line":116,"column":44},"end":{"line":182,"column":3}}},"4":{"name":"(anonymous_5)","decl":{"start":{"line":184,"column":2},"end":{"line":184,"column":10}},"loc":{"start":{"line":184,"column":11},"end":{"line":192,"column":3}}},"5":{"name":"(anonymous_6)","decl":{"start":{"line":187,"column":49},"end":{"line":188,"column":9}},"loc":{"start":{"line":188,"column":10},"end":{"line":187,"column":9}}}},"branchMap":{"0":{"loc":{"start":{"line":21,"column":8},"end":{"line":20,"column":7}},"type":"cond-expr","locations":[{"start":{"line":21,"column":8},"end":{"line":20,"column":7}},{"start":{"line":67,"column":8},"end":{"line":null,"column":-1}}]},"1":{"loc":{"start":{"line":76,"column":8},"end":{"line":75,"column":9}},"type":"cond-expr","locations":[{"start":{"line":76,"column":8},"end":{"line":75,"column":9}},{"start":{"line":111,"column":10},"end":{"line":null,"column":-1}}]},"2":{"loc":{"start":{"line":120,"column":8},"end":{"line":119,"column":9}},"type":"cond-expr","locations":[{"start":{"line":120,"column":8},"end":{"line":119,"column":9}},{"start":{"line":179,"column":10},"end":{"line":null,"column":-1}}]}},"s":{"0":0,"1":0,"2":0,"3":0,"4":0,"5":0,"6":0,"7":0,"8":0,"9":0,"10":0,"11":0},"f":{"0":0,"1":0,"2":0,"3":0,"4":0,"5":0},"b":{"0":[0,0],"1":[0,0],"2":[0,0]}}
,"/Users/krystalfoster/Desktop/join-messenger-app/src/components/authorization/Authorization.jsx": {"path":"/Users/krystalfoster/Desktop/join-messenger-app/src/components/authorization/Authorization.jsx","statementMap":{"0":{"start":{"line":1,"column":0},"end":{"line":null,"column":-1}},"1":{"start":{"line":2,"column":0},"end":{"line":null,"column":-1}},"2":{"start":{"line":3,"column":0},"end":{"line":null,"column":-1}},"3":{"start":{"line":4,"column":0},"end":{"line":null,"column":-1}},"4":{"start":{"line":7,"column":0},"end":{"line":null,"column":-1}},"5":{"start":{"line":10,"column":2},"end":{"line":null,"column":-1}},"6":{"start":{"line":11,"column":4},"end":{"line":10,"column":2}},"7":{"start":{"line":13,"column":8},"end":{"line":null,"column":-1}},"8":{"start":{"line":15,"column":8},"end":{"line":null,"column":-1}},"9":{"start":{"line":19,"column":25},"end":{"line":18,"column":15}},"10":{"start":{"line":20,"column":24},"end":{"line":20,"column":8}},"11":{"start":{"line":21,"column":8},"end":{"line":23,"column":9}},"12":{"start":{"line":22,"column":10},"end":{"line":null,"column":-1}},"13":{"start":{"line":25,"column":8},"end":{"line":null,"column":-1}}},"fnMap":{"0":{"name":"Authorization","decl":{"start":{"line":9,"column":9},"end":{"line":9,"column":0}},"loc":{"start":{"line":9,"column":37},"end":{"line":28,"column":1}}},"1":{"name":"(anonymous_2)","decl":{"start":{"line":10,"column":9},"end":{"line":11,"column":3}},"loc":{"start":{"line":11,"column":4},"end":{"line":10,"column":2}}},"2":{"name":"(anonymous_3)","decl":{"start":{"line":12,"column":6},"end":{"line":12,"column":17}},"loc":{"start":{"line":12,"column":25},"end":{"line":16,"column":7}}},"3":{"name":"(anonymous_4)","decl":{"start":{"line":18,"column":6},"end":{"line":18,"column":14}},"loc":{"start":{"line":18,"column":15},"end":{"line":26,"column":7}}}},"branchMap":{"0":{"loc":{"start":{"line":21,"column":8},"end":{"line":23,"column":9}},"type":"if","locations":[{"start":{"line":21,"column":8},"end":{"line":23,"column":9}},{"start":{"line":21,"column":8},"end":{"line":23,"column":9}}]}},"s":{"0":0,"1":0,"2":0,"3":0,"4":0,"5":0,"6":0,"7":0,"8":0,"9":0,"10":0,"11":0,"12":0,"13":0},"f":{"0":0,"1":0,"2":0,"3":0},"b":{"0":[0,0]}}
,"/Users/krystalfoster/Desktop/join-messenger-app/src/components/authorization/PrivateRoute.jsx": {"path":"/Users/krystalfoster/Desktop/join-messenger-app/src/components/authorization/PrivateRoute.jsx","statementMap":{"0":{"start":{"line":1,"column":0},"end":{"line":null,"column":-1}},"1":{"start":{"line":2,"column":0},"end":{"line":null,"column":-1}},"2":{"start":{"line":3,"column":0},"end":{"line":null,"column":-1}},"3":{"start":{"line":4,"column":0},"end":{"line":null,"column":-1}},"4":{"start":{"line":5,"column":0},"end":{"line":null,"column":-1}},"5":{"start":{"line":6,"column":0},"end":{"line":null,"column":-1}},"6":{"start":{"line":9,"column":16},"end":{"line":9,"column":0}},"7":{"start":{"line":10,"column":17},"end":{"line":10,"column":0}},"8":{"start":{"line":11,"column":20},"end":{"line":11,"column":0}},"9":{"start":{"line":12,"column":21},"end":{"line":12,"column":0}},"10":{"start":{"line":13,"column":0},"end":{"line":15,"column":1}},"11":{"start":{"line":14,"column":2},"end":{"line":null,"column":-1}},"12":{"start":{"line":19,"column":0},"end":{"line":null,"column":-1}},"13":{"start":{"line":22,"column":63},"end":{"line":22,"column":62}},"14":{"start":{"line":22,"column":63},"end":{"line":null,"column":-1}},"15":{"start":{"line":23,"column":2},"end":{"line":null,"column":-1}},"16":{"start":{"line":27,"column":8},"end":{"line":24,"column":4}},"17":{"start":{"line":39,"column":0},"end":{"line":null,"column":-1}},"18":{"start":{"line":45,"column":0},"end":{"line":null,"column":-1}},"19":{"start":{"line":49,"column":24},"end":{"line":49,"column":0}},"20":{"start":{"line":49,"column":39},"end":{"line":49,"column":24}}},"fnMap":{"0":{"name":"PrivateRoute","decl":{"start":{"line":22,"column":9},"end":{"line":22,"column":0}},"loc":{"start":{"line":22,"column":63},"end":{"line":37,"column":1}}},"1":{"name":"(anonymous_3)","decl":{"start":{"line":26,"column":14},"end":{"line":27,"column":7}},"loc":{"start":{"line":27,"column":8},"end":{"line":24,"column":4}}},"2":{"name":"(anonymous_4)","decl":{"start":{"line":49,"column":24},"end":{"line":49,"column":25}},"loc":{"start":{"line":49,"column":39},"end":{"line":49,"column":24}}}},"branchMap":{"0":{"loc":{"start":{"line":12,"column":21},"end":{"line":12,"column":33}},"type":"binary-expr","locations":[{"start":{"line":12,"column":21},"end":{"line":12,"column":33}},{"start":{"line":12,"column":34},"end":{"line":12,"column":33}},{"start":{"line":12,"column":54},"end":{"line":12,"column":34}},{"start":{"line":12,"column":84},"end":{"line":12,"column":21}}]},"1":{"loc":{"start":{"line":13,"column":0},"end":{"line":15,"column":1}},"type":"if","locations":[{"start":{"line":13,"column":0},"end":{"line":15,"column":1}},{"start":{"line":13,"column":0},"end":{"line":15,"column":1}}]},"2":{"loc":{"start":{"line":13,"column":4},"end":{"line":13,"column":15}},"type":"binary-expr","locations":[{"start":{"line":13,"column":4},"end":{"line":13,"column":15}},{"start":{"line":13,"column":16},"end":{"line":13,"column":0}}]},"3":{"loc":{"start":{"line":28,"column":10},"end":{"line":27,"column":8}},"type":"cond-expr","locations":[{"start":{"line":28,"column":10},"end":{"line":27,"column":8}},{"start":{"line":30,"column":10},"end":{"line":24,"column":4}}]}},"s":{"0":0,"1":0,"2":0,"3":0,"4":0,"5":0,"6":0,"7":0,"8":0,"9":0,"10":0,"11":0,"12":0,"13":0,"14":0,"15":0,"16":0,"17":0,"18":0,"19":0,"20":0},"f":{"0":0,"1":0,"2":0},"b":{"0":[0,0,0,0],"1":[0,0],"2":[0,0],"3":[0,0]}}
,"/Users/krystalfoster/Desktop/join-messenger-app/src/components/card/Card.jsx": {"path":"/Users/krystalfoster/Desktop/join-messenger-app/src/components/card/Card.jsx","statementMap":{"0":{"start":{"line":1,"column":0},"end":{"line":null,"column":-1}},"1":{"start":{"line":2,"column":0},"end":{"line":null,"column":-1}},"2":{"start":{"line":3,"column":0},"end":{"line":null,"column":-1}},"3":{"start":{"line":4,"column":0},"end":{"line":null,"column":-1}},"4":{"start":{"line":5,"column":0},"end":{"line":null,"column":-1}},"5":{"start":{"line":20,"column":21},"end":{"line":20,"column":4}},"6":{"start":{"line":20,"column":61},"end":{"line":20,"column":53}},"7":{"start":{"line":24,"column":22},"end":{"line":24,"column":4}},"8":{"start":{"line":25,"column":20},"end":{"line":25,"column":4}},"9":{"start":{"line":26,"column":4},"end":{"line":null,"column":-1}},"10":{"start":{"line":30,"column":12},"end":{"line":29,"column":11}},"11":{"start":{"line":36,"column":16},"end":{"line":35,"column":15}},"12":{"start":{"line":62,"column":6},"end":{"line":61,"column":4}},"13":{"start":{"line":68,"column":4},"end":{"line":null,"column":-1}},"14":{"start":{"line":108,"column":4},"end":{"line":null,"column":-1}},"15":{"start":{"line":112,"column":4},"end":{"line":null,"column":-1}},"16":{"start":{"line":116,"column":41},"end":{"line":115,"column":11}},"17":{"start":{"line":115,"column":11},"end":{"line":115,"column":10}},"18":{"start":{"line":118,"column":6},"end":{"line":117,"column":4}},"19":{"start":{"line":118,"column":44},"end":{"line":118,"column":25}},"20":{"start":{"line":119,"column":4},"end":{"line":null,"column":-1}},"21":{"start":{"line":122,"column":10},"end":{"line":121,"column":9}},"22":{"start":{"line":132,"column":0},"end":{"line":null,"column":-1}},"23":{"start":{"line":142,"column":0},"end":{"line":null,"column":-1}}},"fnMap":{"0":{"name":"(anonymous_1)","decl":{"start":{"line":18,"column":2},"end":{"line":18,"column":8}},"loc":{"start":{"line":18,"column":42},"end":{"line":58,"column":3}}},"1":{"name":"(anonymous_2)","decl":{"start":{"line":20,"column":53},"end":{"line":20,"column":60}},"loc":{"start":{"line":20,"column":61},"end":{"line":20,"column":53}}},"2":{"name":"(anonymous_3)","decl":{"start":{"line":29,"column":40},"end":{"line":30,"column":11}},"loc":{"start":{"line":30,"column":12},"end":{"line":29,"column":11}}},"3":{"name":"(anonymous_4)","decl":{"start":{"line":35,"column":28},"end":{"line":35,"column":29}},"loc":{"start":{"line":36,"column":16},"end":{"line":35,"column":15}}},"4":{"name":"(anonymous_5)","decl":{"start":{"line":60,"column":2},"end":{"line":60,"column":8}},"loc":{"start":{"line":60,"column":72},"end":{"line":105,"column":3}}},"5":{"name":"(anonymous_6)","decl":{"start":{"line":107,"column":2},"end":{"line":107,"column":8}},"loc":{"start":{"line":107,"column":31},"end":{"line":109,"column":3}}},"6":{"name":"(anonymous_7)","decl":{"start":{"line":111,"column":2},"end":{"line":111,"column":8}},"loc":{"start":{"line":111,"column":30},"end":{"line":113,"column":3}}},"7":{"name":"(anonymous_8)","decl":{"start":{"line":115,"column":2},"end":{"line":115,"column":10}},"loc":{"start":{"line":115,"column":11},"end":{"line":129,"column":3}}},"8":{"name":"(anonymous_9)","decl":{"start":{"line":118,"column":35},"end":{"line":118,"column":43}},"loc":{"start":{"line":118,"column":44},"end":{"line":118,"column":25}}},"9":{"name":"(anonymous_10)","decl":{"start":{"line":121,"column":49},"end":{"line":122,"column":9}},"loc":{"start":{"line":122,"column":10},"end":{"line":121,"column":9}}}},"branchMap":{"0":{"loc":{"start":{"line":32,"column":11},"end":{"line":33,"column":11}},"type":"binary-expr","locations":[{"start":{"line":32,"column":11},"end":{"line":33,"column":11}},{"start":{"line":33,"column":12},"end":{"line":null,"column":-1}}]},"1":{"loc":{"start":{"line":40,"column":20},"end":{"line":40,"column":19}},"type":"binary-expr","locations":[{"start":{"line":40,"column":20},"end":{"line":40,"column":19}},{"start":{"line":41,"column":22},"end":{"line":41,"column":51}},{"start":{"line":41,"column":52},"end":{"line":41,"column":21}},{"start":{"line":42,"column":23},"end":{"line":42,"column":51}},{"start":{"line":42,"column":52},"end":{"line":40,"column":20}}]},"2":{"loc":{"start":{"line":50,"column":9},"end":{"line":51,"column":9}},"type":"binary-expr","locations":[{"start":{"line":50,"column":9},"end":{"line":51,"column":9}},{"start":{"line":51,"column":10},"end":{"line":null,"column":-1}}]},"3":{"loc":{"start":{"line":63,"column":8},"end":{"line":62,"column":6}},"type":"cond-expr","locations":[{"start":{"line":63,"column":8},"end":{"line":62,"column":6}},{"start":{"line":65,"column":8},"end":{"line":61,"column":4}}]},"4":{"loc":{"start":{"line":62,"column":6},"end":{"line":62,"column":5}},"type":"binary-expr","locations":[{"start":{"line":62,"column":6},"end":{"line":62,"column":5}},{"start":{"line":62,"column":32},"end":{"line":62,"column":6}}]},"5":{"loc":{"start":{"line":70,"column":9},"end":{"line":71,"column":9}},"type":"binary-expr","locations":[{"start":{"line":70,"column":9},"end":{"line":71,"column":9}},{"start":{"line":71,"column":10},"end":{"line":69,"column":6}}]},"6":{"loc":{"start":{"line":80,"column":9},"end":{"line":81,"column":9}},"type":"binary-expr","locations":[{"start":{"line":80,"column":9},"end":{"line":81,"column":9}},{"start":{"line":81,"column":10},"end":{"line":80,"column":9}},{"start":{"line":82,"column":12},"end":{"line":69,"column":6}}]},"7":{"loc":{"start":{"line":87,"column":28},"end":{"line":87,"column":16}},"type":"cond-expr","locations":[{"start":{"line":87,"column":28},"end":{"line":87,"column":16}},{"start":{"line":87,"column":53},"end":{"line":88,"column":15}}]},"8":{"loc":{"start":{"line":94,"column":9},"end":{"line":95,"column":9}},"type":"binary-expr","locations":[{"start":{"line":94,"column":9},"end":{"line":95,"column":9}},{"start":{"line":95,"column":10},"end":{"line":94,"column":9}},{"start":{"line":96,"column":10},"end":{"line":94,"column":9}},{"start":{"line":97,"column":12},"end":{"line":69,"column":6}}]},"9":{"loc":{"start":{"line":100,"column":11},"end":{"line":100,"column":10}},"type":"binary-expr","locations":[{"start":{"line":100,"column":11},"end":{"line":100,"column":10}},{"start":{"line":100,"column":36},"end":{"line":99,"column":8}}]},"10":{"loc":{"start":{"line":118,"column":25},"end":{"line":118,"column":6}},"type":"cond-expr","locations":[{"start":{"line":118,"column":25},"end":{"line":118,"column":6}},{"start":{"line":118,"column":72},"end":{"line":117,"column":4}}]}},"s":{"0":0,"1":0,"2":0,"3":0,"4":0,"5":0,"6":0,"7":0,"8":0,"9":0,"10":0,"11":0,"12":0,"13":0,"14":0,"15":0,"16":0,"17":0,"18":0,"19":0,"20":0,"21":0,"22":0,"23":0},"f":{"0":0,"1":0,"2":0,"3":0,"4":0,"5":0,"6":0,"7":0,"8":0,"9":0},"b":{"0":[0,0],"1":[0,0,0,0,0],"2":[0,0],"3":[0,0],"4":[0,0],"5":[0,0],"6":[0,0,0],"7":[0,0],"8":[0,0,0,0],"9":[0,0],"10":[0,0]}}
,"/Users/krystalfoster/Desktop/join-messenger-app/src/components/emergency/EmergencyContactsList.jsx": {"path":"/Users/krystalfoster/Desktop/join-messenger-app/src/components/emergency/EmergencyContactsList.jsx","statementMap":{"0":{"start":{"line":1,"column":0},"end":{"line":null,"column":-1}},"1":{"start":{"line":2,"column":0},"end":{"line":null,"column":-1}},"2":{"start":{"line":3,"column":0},"end":{"line":null,"column":-1}},"3":{"start":{"line":4,"column":0},"end":{"line":null,"column":-1}},"4":{"start":{"line":5,"column":0},"end":{"line":null,"column":-1}},"5":{"start":{"line":9,"column":31},"end":{"line":9,"column":4}},"6":{"start":{"line":20,"column":4},"end":{"line":null,"column":-1}},"7":{"start":{"line":34,"column":12},"end":{"line":36,"column":13}},"8":{"start":{"line":35,"column":14},"end":{"line":null,"column":-1}},"9":{"start":{"line":37,"column":12},"end":{"line":43,"column":13}},"10":{"start":{"line":38,"column":14},"end":{"line":null,"column":-1}},"11":{"start":{"line":44,"column":12},"end":{"line":null,"column":-1}}},"fnMap":{"0":{"name":"(anonymous_1)","decl":{"start":{"line":8,"column":2},"end":{"line":8,"column":10}},"loc":{"start":{"line":8,"column":11},"end":{"line":49,"column":3}}},"1":{"name":"(anonymous_2)","decl":{"start":{"line":33,"column":11},"end":{"line":33,"column":12}},"loc":{"start":{"line":33,"column":41},"end":{"line":45,"column":11}}}},"branchMap":{"0":{"loc":{"start":{"line":34,"column":12},"end":{"line":36,"column":13}},"type":"if","locations":[{"start":{"line":34,"column":12},"end":{"line":36,"column":13}},{"start":{"line":34,"column":12},"end":{"line":36,"column":13}}]},"1":{"loc":{"start":{"line":37,"column":12},"end":{"line":43,"column":13}},"type":"if","locations":[{"start":{"line":37,"column":12},"end":{"line":43,"column":13}},{"start":{"line":37,"column":12},"end":{"line":43,"column":13}}]}},"s":{"0":0,"1":0,"2":0,"3":0,"4":0,"5":0,"6":0,"7":0,"8":0,"9":0,"10":0,"11":0},"f":{"0":0,"1":0},"b":{"0":[0,0],"1":[0,0]}}
,"/Users/krystalfoster/Desktop/join-messenger-app/src/components/emergency/EmergencyList.jsx": {"path":"/Users/krystalfoster/Desktop/join-messenger-app/src/components/emergency/EmergencyList.jsx","statementMap":{"0":{"start":{"line":1,"column":0},"end":{"line":null,"column":-1}},"1":{"start":{"line":2,"column":0},"end":{"line":null,"column":-1}},"2":{"start":{"line":3,"column":0},"end":{"line":null,"column":-1}},"3":{"start":{"line":4,"column":0},"end":{"line":null,"column":-1}},"4":{"start":{"line":5,"column":0},"end":{"line":null,"column":-1}},"5":{"start":{"line":6,"column":0},"end":{"line":null,"column":-1}},"6":{"start":{"line":7,"column":0},"end":{"line":null,"column":-1}},"7":{"start":{"line":8,"column":0},"end":{"line":null,"column":-1}},"8":{"start":{"line":9,"column":0},"end":{"line":null,"column":-1}},"9":{"start":{"line":11,"column":0},"end":{"line":null,"column":-1}},"10":{"start":{"line":12,"column":0},"end":{"line":null,"column":-1}},"11":{"start":{"line":17,"column":25},"end":{"line":16,"column":22}},"12":{"start":{"line":18,"column":4},"end":{"line":null,"column":-1}},"13":{"start":{"line":24,"column":39},"end":{"line":23,"column":11}},"14":{"start":{"line":23,"column":11},"end":{"line":23,"column":10}},"15":{"start":{"line":25,"column":4},"end":{"line":null,"column":-1}},"16":{"start":{"line":41,"column":12},"end":{"line":40,"column":10}},"17":{"start":{"line":51,"column":0},"end":{"line":null,"column":-1}},"18":{"start":{"line":57,"column":24},"end":{"line":57,"column":0}},"19":{"start":{"line":57,"column":34},"end":{"line":57,"column":24}}},"fnMap":{"0":{"name":"(anonymous_1)","decl":{"start":{"line":16,"column":2},"end":{"line":16,"column":21}},"loc":{"start":{"line":16,"column":22},"end":{"line":19,"column":3}}},"1":{"name":"(anonymous_2)","decl":{"start":{"line":23,"column":2},"end":{"line":23,"column":10}},"loc":{"start":{"line":23,"column":11},"end":{"line":48,"column":3}}},"2":{"name":"(anonymous_3)","decl":{"start":{"line":40,"column":39},"end":{"line":41,"column":11}},"loc":{"start":{"line":41,"column":12},"end":{"line":40,"column":10}}},"3":{"name":"(anonymous_4)","decl":{"start":{"line":57,"column":24},"end":{"line":57,"column":33}},"loc":{"start":{"line":57,"column":34},"end":{"line":57,"column":24}}}},"branchMap":{"0":{"loc":{"start":{"line":40,"column":10},"end":{"line":39,"column":10}},"type":"cond-expr","locations":[{"start":{"line":40,"column":10},"end":{"line":39,"column":10}},{"start":{"line":44,"column":14},"end":{"line":null,"column":-1}}]}},"s":{"0":0,"1":0,"2":0,"3":0,"4":0,"5":0,"6":0,"7":0,"8":0,"9":0,"10":0,"11":0,"12":0,"13":0,"14":0,"15":0,"16":0,"17":0,"18":0,"19":0},"f":{"0":0,"1":0,"2":0,"3":0},"b":{"0":[0,0]}}
,"/Users/krystalfoster/Desktop/join-messenger-app/src/components/emergency/EmergencyNumber.jsx": {"path":"/Users/krystalfoster/Desktop/join-messenger-app/src/components/emergency/EmergencyNumber.jsx","statementMap":{"0":{"start":{"line":1,"column":0},"end":{"line":null,"column":-1}},"1":{"start":{"line":2,"column":0},"end":{"line":null,"column":-1}},"2":{"start":{"line":3,"column":0},"end":{"line":null,"column":-1}},"3":{"start":{"line":4,"column":0},"end":{"line":null,"column":-1}},"4":{"start":{"line":5,"column":0},"end":{"line":null,"column":-1}},"5":{"start":{"line":7,"column":0},"end":{"line":null,"column":-1}},"6":{"start":{"line":9,"column":0},"end":{"line":null,"column":-1}},"7":{"start":{"line":13,"column":4},"end":{"line":null,"column":-1}},"8":{"start":{"line":14,"column":4},"end":{"line":null,"column":-1}},"9":{"start":{"line":24,"column":4},"end":{"line":null,"column":-1}},"10":{"start":{"line":25,"column":4},"end":{"line":null,"column":-1}},"11":{"start":{"line":26,"column":4},"end":{"line":null,"column":-1}},"12":{"start":{"line":27,"column":4},"end":{"line":null,"column":-1}},"13":{"start":{"line":28,"column":4},"end":{"line":null,"column":-1}},"14":{"start":{"line":29,"column":4},"end":{"line":null,"column":-1}},"15":{"start":{"line":34,"column":4},"end":{"line":null,"column":-1}},"16":{"start":{"line":34,"column":32},"end":{"line":34,"column":18}},"17":{"start":{"line":38,"column":25},"end":{"line":37,"column":35}},"18":{"start":{"line":39,"column":87},"end":{"line":37,"column":35}},"19":{"start":{"line":37,"column":35},"end":{"line":37,"column":34}},"20":{"start":{"line":40,"column":4},"end":{"line":null,"column":-1}},"21":{"start":{"line":48,"column":4},"end":{"line":null,"column":-1}},"22":{"start":{"line":48,"column":32},"end":{"line":48,"column":18}},"23":{"start":{"line":52,"column":25},"end":{"line":51,"column":35}},"24":{"start":{"line":53,"column":87},"end":{"line":51,"column":35}},"25":{"start":{"line":51,"column":35},"end":{"line":51,"column":34}},"26":{"start":{"line":54,"column":4},"end":{"line":null,"column":-1}},"27":{"start":{"line":65,"column":25},"end":{"line":64,"column":34}},"28":{"start":{"line":66,"column":19},"end":{"line":64,"column":34}},"29":{"start":{"line":67,"column":4},"end":{"line":null,"column":-1}},"30":{"start":{"line":71,"column":23},"end":{"line":70,"column":22}},"31":{"start":{"line":72,"column":21},"end":{"line":70,"column":22}},"32":{"start":{"line":73,"column":22},"end":{"line":70,"column":22}},"33":{"start":{"line":75,"column":4},"end":{"line":null,"column":-1}},"34":{"start":{"line":81,"column":23},"end":{"line":80,"column":30}},"35":{"start":{"line":82,"column":21},"end":{"line":80,"column":30}},"36":{"start":{"line":83,"column":30},"end":{"line":80,"column":30}},"37":{"start":{"line":84,"column":22},"end":{"line":80,"column":30}},"38":{"start":{"line":85,"column":23},"end":{"line":85,"column":4}},"39":{"start":{"line":86,"column":23},"end":{"line":86,"column":4}},"40":{"start":{"line":87,"column":4},"end":{"line":null,"column":-1}},"41":{"start":{"line":87,"column":32},"end":{"line":87,"column":18}},"42":{"start":{"line":96,"column":26},"end":{"line":95,"column":11}},"43":{"start":{"line":97,"column":87},"end":{"line":95,"column":11}},"44":{"start":{"line":98,"column":4},"end":{"line":null,"column":-1}},"45":{"start":{"line":131,"column":0},"end":{"line":null,"column":-1}},"46":{"start":{"line":143,"column":0},"end":{"line":null,"column":-1}}},"fnMap":{"0":{"name":"(anonymous_1)","decl":{"start":{"line":12,"column":2},"end":{"line":12,"column":13}},"loc":{"start":{"line":12,"column":21},"end":{"line":30,"column":3}}},"1":{"name":"(anonymous_2)","decl":{"start":{"line":33,"column":2},"end":{"line":33,"column":23}},"loc":{"start":{"line":33,"column":24},"end":{"line":35,"column":3}}},"2":{"name":"(anonymous_3)","decl":{"start":{"line":34,"column":18},"end":{"line":34,"column":31}},"loc":{"start":{"line":34,"column":32},"end":{"line":34,"column":18}}},"3":{"name":"(anonymous_4)","decl":{"start":{"line":37,"column":2},"end":{"line":37,"column":34}},"loc":{"start":{"line":37,"column":35},"end":{"line":49,"column":3}}},"4":{"name":"(anonymous_5)","decl":{"start":{"line":48,"column":18},"end":{"line":48,"column":31}},"loc":{"start":{"line":48,"column":32},"end":{"line":48,"column":18}}},"5":{"name":"(anonymous_6)","decl":{"start":{"line":51,"column":2},"end":{"line":51,"column":34}},"loc":{"start":{"line":51,"column":35},"end":{"line":62,"column":3}}},"6":{"name":"(anonymous_7)","decl":{"start":{"line":64,"column":2},"end":{"line":64,"column":33}},"loc":{"start":{"line":64,"column":34},"end":{"line":68,"column":3}}},"7":{"name":"(anonymous_8)","decl":{"start":{"line":70,"column":2},"end":{"line":70,"column":14}},"loc":{"start":{"line":70,"column":22},"end":{"line":78,"column":3}}},"8":{"name":"(anonymous_9)","decl":{"start":{"line":80,"column":2},"end":{"line":80,"column":26}},"loc":{"start":{"line":80,"column":30},"end":{"line":93,"column":3}}},"9":{"name":"(anonymous_10)","decl":{"start":{"line":87,"column":18},"end":{"line":87,"column":31}},"loc":{"start":{"line":87,"column":32},"end":{"line":87,"column":18}}},"10":{"name":"(anonymous_11)","decl":{"start":{"line":95,"column":2},"end":{"line":95,"column":10}},"loc":{"start":{"line":95,"column":11},"end":{"line":128,"column":3}}}},"branchMap":{"0":{"loc":{"start":{"line":102,"column":10},"end":{"line":101,"column":8}},"type":"cond-expr","locations":[{"start":{"line":102,"column":10},"end":{"line":101,"column":8}},{"start":{"line":112,"column":10},"end":{"line":null,"column":-1}}]},"1":{"loc":{"start":{"line":117,"column":23},"end":{"line":117,"column":22}},"type":"binary-expr","locations":[{"start":{"line":117,"column":23},"end":{"line":117,"column":22}},{"start":{"line":117,"column":48},"end":{"line":112,"column":10}}]},"2":{"loc":{"start":{"line":118,"column":25},"end":{"line":118,"column":24}},"type":"binary-expr","locations":[{"start":{"line":118,"column":25},"end":{"line":118,"column":24}},{"start":{"line":118,"column":52},"end":{"line":112,"column":10}}]}},"s":{"0":0,"1":0,"2":0,"3":0,"4":0,"5":0,"6":0,"7":0,"8":0,"9":0,"10":0,"11":0,"12":0,"13":0,"14":0,"15":0,"16":0,"17":0,"18":0,"19":0,"20":0,"21":0,"22":0,"23":0,"24":0,"25":0,"26":0,"27":0,"28":0,"29":0,"30":0,"31":0,"32":0,"33":0,"34":0,"35":0,"36":0,"37":0,"38":0,"39":0,"40":0,"41":0,"42":0,"43":0,"44":0,"45":0,"46":0},"f":{"0":0,"1":0,"2":0,"3":0,"4":0,"5":0,"6":0,"7":0,"8":0,"9":0,"10":0},"b":{"0":[0,0],"1":[0,0],"2":[0,0]}}
,"/Users/krystalfoster/Desktop/join-messenger-app/src/components/emergency/EmergencyNumberStatic.jsx": {"path":"/Users/krystalfoster/Desktop/join-messenger-app/src/components/emergency/EmergencyNumberStatic.jsx","statementMap":{"0":{"start":{"line":1,"column":0},"end":{"line":null,"column":-1}},"1":{"start":{"line":2,"column":0},"end":{"line":null,"column":-1}},"2":{"start":{"line":4,"column":0},"end":{"line":null,"column":-1}},"3":{"start":{"line":6,"column":31},"end":{"line":6,"column":0}},"4":{"start":{"line":7,"column":24},"end":{"line":6,"column":41}},"5":{"start":{"line":8,"column":81},"end":{"line":6,"column":41}},"6":{"start":{"line":9,"column":2},"end":{"line":null,"column":-1}},"7":{"start":{"line":88,"column":0},"end":{"line":null,"column":-1}},"8":{"start":{"line":119,"column":0},"end":{"line":null,"column":-1}}},"fnMap":{"0":{"name":"(anonymous_1)","decl":{"start":{"line":6,"column":31},"end":{"line":6,"column":29}},"loc":{"start":{"line":6,"column":41},"end":{"line":6,"column":0}}}},"branchMap":{"0":{"loc":{"start":{"line":12,"column":30},"end":{"line":12,"column":9}},"type":"cond-expr","locations":[{"start":{"line":12,"column":30},"end":{"line":12,"column":9}},{"start":{"line":12,"column":40},"end":{"line":11,"column":6}}]},"1":{"loc":{"start":{"line":13,"column":9},"end":{"line":13,"column":8}},"type":"binary-expr","locations":[{"start":{"line":13,"column":9},"end":{"line":13,"column":8}},{"start":{"line":13,"column":29},"end":{"line":13,"column":9}},{"start":{"line":15,"column":10},"end":{"line":null,"column":-1}}]},"2":{"loc":{"start":{"line":17,"column":36},"end":{"line":17,"column":15}},"type":"cond-expr","locations":[{"start":{"line":17,"column":36},"end":{"line":17,"column":15}},{"start":{"line":17,"column":46},"end":{"line":17,"column":52}}]},"3":{"loc":{"start":{"line":26,"column":10},"end":{"line":25,"column":9}},"type":"cond-expr","locations":[{"start":{"line":26,"column":10},"end":{"line":25,"column":9}},{"start":{"line":32,"column":10},"end":{"line":null,"column":-1}}]},"4":{"loc":{"start":{"line":27,"column":40},"end":{"line":27,"column":19}},"type":"cond-expr","locations":[{"start":{"line":27,"column":40},"end":{"line":27,"column":19}},{"start":{"line":27,"column":65},"end":{"line":27,"column":12}}]},"5":{"loc":{"start":{"line":28,"column":49},"end":{"line":28,"column":28}},"type":"cond-expr","locations":[{"start":{"line":28,"column":49},"end":{"line":28,"column":28}},{"start":{"line":28,"column":73},"end":{"line":28,"column":99}}]},"6":{"loc":{"start":{"line":29,"column":34},"end":{"line":29,"column":13}},"type":"cond-expr","locations":[{"start":{"line":29,"column":34},"end":{"line":29,"column":13}},{"start":{"line":29,"column":58},"end":{"line":29,"column":77}}]},"7":{"loc":{"start":{"line":32,"column":47},"end":{"line":32,"column":26}},"type":"cond-expr","locations":[{"start":{"line":32,"column":47},"end":{"line":32,"column":26}},{"start":{"line":32,"column":71},"end":{"line":32,"column":97}}]},"8":{"loc":{"start":{"line":33,"column":32},"end":{"line":33,"column":11}},"type":"cond-expr","locations":[{"start":{"line":33,"column":32},"end":{"line":33,"column":11}},{"start":{"line":33,"column":56},"end":{"line":33,"column":75}}]},"9":{"loc":{"start":{"line":37,"column":9},"end":{"line":37,"column":8}},"type":"binary-expr","locations":[{"start":{"line":37,"column":9},"end":{"line":37,"column":8}},{"start":{"line":39,"column":10},"end":{"line":23,"column":6}}]},"10":{"loc":{"start":{"line":41,"column":14},"end":{"line":40,"column":13}},"type":"cond-expr","locations":[{"start":{"line":41,"column":14},"end":{"line":40,"column":13}},{"start":{"line":49,"column":14},"end":{"line":null,"column":-1}}]},"11":{"loc":{"start":{"line":43,"column":40},"end":{"line":43,"column":19}},"type":"cond-expr","locations":[{"start":{"line":43,"column":40},"end":{"line":43,"column":19}},{"start":{"line":43,"column":65},"end":{"line":42,"column":16}}]},"12":{"loc":{"start":{"line":45,"column":53},"end":{"line":45,"column":32}},"type":"cond-expr","locations":[{"start":{"line":45,"column":53},"end":{"line":45,"column":32}},{"start":{"line":45,"column":77},"end":{"line":45,"column":103}}]},"13":{"loc":{"start":{"line":46,"column":40},"end":{"line":46,"column":19}},"type":"cond-expr","locations":[{"start":{"line":46,"column":40},"end":{"line":46,"column":19}},{"start":{"line":46,"column":64},"end":{"line":46,"column":83}}]},"14":{"loc":{"start":{"line":49,"column":51},"end":{"line":49,"column":30}},"type":"cond-expr","locations":[{"start":{"line":49,"column":51},"end":{"line":49,"column":30}},{"start":{"line":49,"column":75},"end":{"line":49,"column":101}}]},"15":{"loc":{"start":{"line":50,"column":38},"end":{"line":50,"column":17}},"type":"cond-expr","locations":[{"start":{"line":50,"column":38},"end":{"line":50,"column":17}},{"start":{"line":50,"column":62},"end":{"line":50,"column":81}}]},"16":{"loc":{"start":{"line":56,"column":9},"end":{"line":56,"column":8}},"type":"binary-expr","locations":[{"start":{"line":56,"column":9},"end":{"line":56,"column":8}},{"start":{"line":58,"column":10},"end":{"line":23,"column":6}}]},"17":{"loc":{"start":{"line":60,"column":14},"end":{"line":59,"column":13}},"type":"cond-expr","locations":[{"start":{"line":60,"column":14},"end":{"line":59,"column":13}},{"start":{"line":68,"column":14},"end":{"line":null,"column":-1}}]},"18":{"loc":{"start":{"line":62,"column":40},"end":{"line":62,"column":19}},"type":"cond-expr","locations":[{"start":{"line":62,"column":40},"end":{"line":62,"column":19}},{"start":{"line":62,"column":67},"end":{"line":61,"column":16}}]},"19":{"loc":{"start":{"line":64,"column":53},"end":{"line":64,"column":32}},"type":"cond-expr","locations":[{"start":{"line":64,"column":53},"end":{"line":64,"column":32}},{"start":{"line":64,"column":79},"end":{"line":64,"column":107}}]},"20":{"loc":{"start":{"line":65,"column":40},"end":{"line":65,"column":19}},"type":"cond-expr","locations":[{"start":{"line":65,"column":40},"end":{"line":65,"column":19}},{"start":{"line":65,"column":66},"end":{"line":65,"column":87}}]},"21":{"loc":{"start":{"line":68,"column":51},"end":{"line":68,"column":30}},"type":"cond-expr","locations":[{"start":{"line":68,"column":51},"end":{"line":68,"column":30}},{"start":{"line":68,"column":77},"end":{"line":68,"column":105}}]},"22":{"loc":{"start":{"line":69,"column":38},"end":{"line":69,"column":17}},"type":"cond-expr","locations":[{"start":{"line":69,"column":38},"end":{"line":69,"column":17}},{"start":{"line":69,"column":64},"end":{"line":69,"column":85}}]}},"s":{"0":0,"1":0,"2":0,"3":0,"4":0,"5":0,"6":0,"7":0,"8":0},"f":{"0":0},"b":{"0":[0,0],"1":[0,0,0],"2":[0,0],"3":[0,0],"4":[0,0],"5":[0,0],"6":[0,0],"7":[0,0],"8":[0,0],"9":[0,0],"10":[0,0],"11":[0,0],"12":[0,0],"13":[0,0],"14":[0,0],"15":[0,0],"16":[0,0],"17":[0,0],"18":[0,0],"19":[0,0],"20":[0,0],"21":[0,0],"22":[0,0]}}
,"/Users/krystalfoster/Desktop/join-messenger-app/src/components/fields/Fields.jsx": {"path":"/Users/krystalfoster/Desktop/join-messenger-app/src/components/fields/Fields.jsx","statementMap":{"0":{"start":{"line":1,"column":0},"end":{"line":null,"column":-1}},"1":{"start":{"line":2,"column":0},"end":{"line":null,"column":-1}},"2":{"start":{"line":3,"column":0},"end":{"line":null,"column":-1}},"3":{"start":{"line":5,"column":15},"end":{"line":5,"column":0}},"4":{"start":{"line":6,"column":2},"end":{"line":5,"column":0}},"5":{"start":{"line":8,"column":6},"end":{"line":7,"column":5}},"6":{"start":{"line":20,"column":0},"end":{"line":null,"column":-1}},"7":{"start":{"line":36,"column":0},"end":{"line":null,"column":-1}}},"fnMap":{"0":{"name":"(anonymous_1)","decl":{"start":{"line":5,"column":15},"end":{"line":5,"column":16}},"loc":{"start":{"line":6,"column":2},"end":{"line":5,"column":0}}},"1":{"name":"(anonymous_2)","decl":{"start":{"line":7,"column":20},"end":{"line":7,"column":21}},"loc":{"start":{"line":8,"column":6},"end":{"line":7,"column":5}}}},"branchMap":{},"s":{"0":0,"1":0,"2":0,"3":0,"4":0,"5":0,"6":0,"7":0},"f":{"0":0,"1":0},"b":{}}
,"/Users/krystalfoster/Desktop/join-messenger-app/src/components/forgot-password-form/ForgotPasswordForm.jsx": {"path":"/Users/krystalfoster/Desktop/join-messenger-app/src/components/forgot-password-form/ForgotPasswordForm.jsx","statementMap":{"0":{"start":{"line":1,"column":0},"end":{"line":null,"column":-1}},"1":{"start":{"line":2,"column":0},"end":{"line":null,"column":-1}},"2":{"start":{"line":3,"column":0},"end":{"line":null,"column":-1}},"3":{"start":{"line":4,"column":0},"end":{"line":null,"column":-1}},"4":{"start":{"line":5,"column":0},"end":{"line":null,"column":-1}},"5":{"start":{"line":8,"column":0},"end":{"line":null,"column":-1}},"6":{"start":{"line":12,"column":4},"end":{"line":null,"column":-1}},"7":{"start":{"line":14,"column":4},"end":{"line":null,"column":-1}},"8":{"start":{"line":15,"column":4},"end":{"line":null,"column":-1}},"9":{"start":{"line":17,"column":4},"end":{"line":null,"column":-1}},"10":{"start":{"line":24,"column":23},"end":{"line":23,"column":22}},"11":{"start":{"line":25,"column":18},"end":{"line":25,"column":4}},"12":{"start":{"line":26,"column":21},"end":{"line":23,"column":22}},"13":{"start":{"line":28,"column":4},"end":{"line":null,"column":-1}},"14":{"start":{"line":35,"column":4},"end":{"line":null,"column":-1}},"15":{"start":{"line":36,"column":4},"end":{"line":null,"column":-1}},"16":{"start":{"line":37,"column":4},"end":{"line":null,"column":-1}},"17":{"start":{"line":41,"column":21},"end":{"line":40,"column":11}},"18":{"start":{"line":42,"column":22},"end":{"line":40,"column":11}},"19":{"start":{"line":43,"column":24},"end":{"line":43,"column":4}},"20":{"start":{"line":45,"column":4},"end":{"line":null,"column":-1}},"21":{"start":{"line":79,"column":0},"end":{"line":null,"column":-1}},"22":{"start":{"line":85,"column":0},"end":{"line":null,"column":-1}}},"fnMap":{"0":{"name":"(anonymous_1)","decl":{"start":{"line":11,"column":2},"end":{"line":11,"column":13}},"loc":{"start":{"line":11,"column":21},"end":{"line":21,"column":3}}},"1":{"name":"(anonymous_2)","decl":{"start":{"line":23,"column":2},"end":{"line":23,"column":14}},"loc":{"start":{"line":23,"column":22},"end":{"line":31,"column":3}}},"2":{"name":"(anonymous_3)","decl":{"start":{"line":34,"column":2},"end":{"line":34,"column":14}},"loc":{"start":{"line":34,"column":22},"end":{"line":38,"column":3}}},"3":{"name":"(anonymous_4)","decl":{"start":{"line":40,"column":2},"end":{"line":40,"column":10}},"loc":{"start":{"line":40,"column":11},"end":{"line":76,"column":3}}}},"branchMap":{"0":{"loc":{"start":{"line":25,"column":47},"end":{"line":25,"column":18}},"type":"cond-expr","locations":[{"start":{"line":25,"column":47},"end":{"line":25,"column":18}},{"start":{"line":25,"column":64},"end":{"line":25,"column":4}}]},"1":{"loc":{"start":{"line":67,"column":24},"end":{"line":67,"column":38}},"type":"binary-expr","locations":[{"start":{"line":67,"column":24},"end":{"line":67,"column":38}},{"start":{"line":67,"column":39},"end":{"line":65,"column":12}}]},"2":{"loc":{"start":{"line":73,"column":9},"end":{"line":73,"column":8}},"type":"binary-expr","locations":[{"start":{"line":73,"column":9},"end":{"line":73,"column":8}},{"start":{"line":73,"column":29},"end":{"line":null,"column":-1}}]}},"s":{"0":0,"1":0,"2":0,"3":0,"4":0,"5":0,"6":0,"7":0,"8":0,"9":0,"10":0,"11":0,"12":0,"13":0,"14":0,"15":0,"16":0,"17":0,"18":0,"19":0,"20":0,"21":0,"22":0},"f":{"0":0,"1":0,"2":0,"3":0},"b":{"0":[0,0],"1":[0,0],"2":[0,0]}}
,"/Users/krystalfoster/Desktop/join-messenger-app/src/components/forms/EmergencyNumberCreate.jsx": {"path":"/Users/krystalfoster/Desktop/join-messenger-app/src/components/forms/EmergencyNumberCreate.jsx","statementMap":{"0":{"start":{"line":1,"column":0},"end":{"line":null,"column":-1}},"1":{"start":{"line":2,"column":0},"end":{"line":null,"column":-1}},"2":{"start":{"line":3,"column":0},"end":{"line":null,"column":-1}},"3":{"start":{"line":4,"column":0},"end":{"line":null,"column":-1}},"4":{"start":{"line":5,"column":0},"end":{"line":null,"column":-1}},"5":{"start":{"line":6,"column":0},"end":{"line":null,"column":-1}},"6":{"start":{"line":7,"column":0},"end":{"line":null,"column":-1}},"7":{"start":{"line":8,"column":0},"end":{"line":null,"column":-1}},"8":{"start":{"line":11,"column":0},"end":{"line":null,"column":-1}},"9":{"start":{"line":13,"column":0},"end":{"line":null,"column":-1}},"10":{"start":{"line":17,"column":4},"end":{"line":17,"column":15}},"11":{"start":{"line":17,"column":15},"end":{"line":null,"column":-1}},"12":{"start":{"line":18,"column":4},"end":{"line":null,"column":-1}},"13":{"start":{"line":22,"column":4},"end":{"line":null,"column":-1}},"14":{"start":{"line":24,"column":4},"end":{"line":null,"column":-1}},"15":{"start":{"line":25,"column":4},"end":{"line":null,"column":-1}},"16":{"start":{"line":26,"column":4},"end":{"line":null,"column":-1}},"17":{"start":{"line":29,"column":4},"end":{"line":null,"column":-1}},"18":{"start":{"line":32,"column":4},"end":{"line":null,"column":-1}},"19":{"start":{"line":33,"column":4},"end":{"line":null,"column":-1}},"20":{"start":{"line":58,"column":23},"end":{"line":57,"column":27}},"21":{"start":{"line":59,"column":18},"end":{"line":59,"column":4}},"22":{"start":{"line":60,"column":21},"end":{"line":57,"column":27}},"23":{"start":{"line":62,"column":4},"end":{"line":null,"column":-1}},"24":{"start":{"line":68,"column":23},"end":{"line":67,"column":34}},"25":{"start":{"line":69,"column":21},"end":{"line":67,"column":34}},"26":{"start":{"line":70,"column":30},"end":{"line":67,"column":34}},"27":{"start":{"line":71,"column":22},"end":{"line":67,"column":34}},"28":{"start":{"line":72,"column":23},"end":{"line":72,"column":4}},"29":{"start":{"line":73,"column":23},"end":{"line":73,"column":4}},"30":{"start":{"line":74,"column":4},"end":{"line":null,"column":-1}},"31":{"start":{"line":74,"column":32},"end":{"line":74,"column":18}},"32":{"start":{"line":83,"column":4},"end":{"line":null,"column":-1}},"33":{"start":{"line":83,"column":32},"end":{"line":83,"column":18}},"34":{"start":{"line":89,"column":4},"end":{"line":null,"column":-1}},"35":{"start":{"line":93,"column":25},"end":{"line":92,"column":39}},"36":{"start":{"line":100,"column":8},"end":{"line":92,"column":39}},"37":{"start":{"line":92,"column":39},"end":{"line":92,"column":38}},"38":{"start":{"line":101,"column":4},"end":{"line":null,"column":-1}},"39":{"start":{"line":114,"column":40},"end":{"line":112,"column":11}},"40":{"start":{"line":112,"column":11},"end":{"line":112,"column":10}},"41":{"start":{"line":115,"column":24},"end":{"line":115,"column":4}},"42":{"start":{"line":117,"column":4},"end":{"line":null,"column":-1}},"43":{"start":{"line":121,"column":12},"end":{"line":null,"column":-1}},"44":{"start":{"line":245,"column":0},"end":{"line":null,"column":-1}}},"fnMap":{"0":{"name":"(anonymous_1)","decl":{"start":{"line":16,"column":2},"end":{"line":16,"column":8}},"loc":{"start":{"line":16,"column":29},"end":{"line":19,"column":3}}},"1":{"name":"(anonymous_2)","decl":{"start":{"line":21,"column":2},"end":{"line":21,"column":13}},"loc":{"start":{"line":21,"column":21},"end":{"line":55,"column":3}}},"2":{"name":"(anonymous_3)","decl":{"start":{"line":57,"column":2},"end":{"line":57,"column":19}},"loc":{"start":{"line":57,"column":27},"end":{"line":65,"column":3}}},"3":{"name":"(anonymous_4)","decl":{"start":{"line":67,"column":2},"end":{"line":67,"column":26}},"loc":{"start":{"line":67,"column":34},"end":{"line":80,"column":3}}},"4":{"name":"(anonymous_5)","decl":{"start":{"line":74,"column":18},"end":{"line":74,"column":31}},"loc":{"start":{"line":74,"column":32},"end":{"line":74,"column":18}}},"5":{"name":"(anonymous_6)","decl":{"start":{"line":82,"column":2},"end":{"line":82,"column":30}},"loc":{"start":{"line":82,"column":31},"end":{"line":86,"column":3}}},"6":{"name":"(anonymous_7)","decl":{"start":{"line":83,"column":18},"end":{"line":83,"column":31}},"loc":{"start":{"line":83,"column":32},"end":{"line":83,"column":18}}},"7":{"name":"(anonymous_8)","decl":{"start":{"line":88,"column":2},"end":{"line":88,"column":13}},"loc":{"start":{"line":88,"column":21},"end":{"line":90,"column":3}}},"8":{"name":"(anonymous_9)","decl":{"start":{"line":92,"column":2},"end":{"line":92,"column":38}},"loc":{"start":{"line":92,"column":39},"end":{"line":110,"column":3}}},"9":{"name":"(anonymous_10)","decl":{"start":{"line":112,"column":2},"end":{"line":112,"column":10}},"loc":{"start":{"line":112,"column":11},"end":{"line":242,"column":3}}},"10":{"name":"(anonymous_11)","decl":{"start":{"line":120,"column":11},"end":{"line":121,"column":11}},"loc":{"start":{"line":121,"column":12},"end":{"line":null,"column":-1}}}},"branchMap":{"0":{"loc":{"start":{"line":17,"column":4},"end":{"line":17,"column":15}},"type":"if","locations":[{"start":{"line":17,"column":4},"end":{"line":17,"column":15}},{"start":{"line":17,"column":4},"end":{"line":17,"column":15}}]},"1":{"loc":{"start":{"line":59,"column":47},"end":{"line":59,"column":18}},"type":"cond-expr","locations":[{"start":{"line":59,"column":47},"end":{"line":59,"column":18}},{"start":{"line":59,"column":64},"end":{"line":59,"column":4}}]},"2":{"loc":{"start":{"line":115,"column":24},"end":{"line":115,"column":23}},"type":"binary-expr","locations":[{"start":{"line":115,"column":24},"end":{"line":115,"column":23}},{"start":{"line":115,"column":42},"end":{"line":115,"column":4}}]},"3":{"loc":{"start":{"line":187,"column":11},"end":{"line":187,"column":10}},"type":"binary-expr","locations":[{"start":{"line":187,"column":11},"end":{"line":187,"column":10}},{"start":{"line":188,"column":12},"end":{"line":132,"column":8}}]},"4":{"loc":{"start":{"line":234,"column":11},"end":{"line":234,"column":10}},"type":"binary-expr","locations":[{"start":{"line":234,"column":11},"end":{"line":234,"column":10}},{"start":{"line":235,"column":12},"end":{"line":null,"column":-1}}]}},"s":{"0":0,"1":0,"2":0,"3":0,"4":0,"5":0,"6":0,"7":0,"8":0,"9":0,"10":0,"11":0,"12":0,"13":0,"14":0,"15":0,"16":0,"17":0,"18":0,"19":0,"20":0,"21":0,"22":0,"23":0,"24":0,"25":0,"26":0,"27":0,"28":0,"29":0,"30":0,"31":0,"32":0,"33":0,"34":0,"35":0,"36":0,"37":0,"38":0,"39":0,"40":0,"41":0,"42":0,"43":0,"44":0},"f":{"0":0,"1":0,"2":0,"3":0,"4":0,"5":0,"6":0,"7":0,"8":0,"9":0,"10":0},"b":{"0":[0,0],"1":[0,0],"2":[0,0],"3":[0,0],"4":[0,0]}}
,"/Users/krystalfoster/Desktop/join-messenger-app/src/components/forms/EmergencyNumberEdit.jsx": {"path":"/Users/krystalfoster/Desktop/join-messenger-app/src/components/forms/EmergencyNumberEdit.jsx","statementMap":{"0":{"start":{"line":1,"column":0},"end":{"line":null,"column":-1}},"1":{"start":{"line":2,"column":0},"end":{"line":null,"column":-1}},"2":{"start":{"line":4,"column":29},"end":{"line":4,"column":0}},"3":{"start":{"line":5,"column":19},"end":{"line":5,"column":2}},"4":{"start":{"line":6,"column":4},"end":{"line":null,"column":-1}},"5":{"start":{"line":7,"column":4},"end":{"line":null,"column":-1}},"6":{"start":{"line":9,"column":2},"end":{"line":null,"column":-1}},"7":{"start":{"line":80,"column":63},"end":{"line":80,"column":10}},"8":{"start":{"line":89,"column":0},"end":{"line":null,"column":-1}},"9":{"start":{"line":115,"column":0},"end":{"line":null,"column":-1}}},"fnMap":{"0":{"name":"(anonymous_1)","decl":{"start":{"line":4,"column":29},"end":{"line":4,"column":27}},"loc":{"start":{"line":4,"column":39},"end":{"line":4,"column":0}}},"1":{"name":"(anonymous_2)","decl":{"start":{"line":5,"column":19},"end":{"line":5,"column":24}},"loc":{"start":{"line":5,"column":25},"end":{"line":5,"column":2}}},"2":{"name":"(anonymous_3)","decl":{"start":{"line":80,"column":57},"end":{"line":80,"column":62}},"loc":{"start":{"line":80,"column":63},"end":{"line":80,"column":10}}}},"branchMap":{"0":{"loc":{"start":{"line":26,"column":60},"end":{"line":26,"column":25}},"type":"cond-expr","locations":[{"start":{"line":26,"column":60},"end":{"line":26,"column":25}},{"start":{"line":26,"column":86},"end":{"line":23,"column":10}}]},"1":{"loc":{"start":{"line":33,"column":56},"end":{"line":33,"column":25}},"type":"cond-expr","locations":[{"start":{"line":33,"column":56},"end":{"line":33,"column":25}},{"start":{"line":33,"column":78},"end":{"line":31,"column":10}}]},"2":{"loc":{"start":{"line":36,"column":9},"end":{"line":36,"column":8}},"type":"binary-expr","locations":[{"start":{"line":36,"column":9},"end":{"line":36,"column":8}},{"start":{"line":36,"column":37},"end":{"line":36,"column":9}},{"start":{"line":38,"column":12},"end":{"line":21,"column":6}}]},"3":{"loc":{"start":{"line":41,"column":62},"end":{"line":41,"column":27}},"type":"cond-expr","locations":[{"start":{"line":41,"column":62},"end":{"line":41,"column":27}},{"start":{"line":41,"column":88},"end":{"line":39,"column":14}}]},"4":{"loc":{"start":{"line":45,"column":63},"end":{"line":45,"column":29}},"type":"cond-expr","locations":[{"start":{"line":45,"column":63},"end":{"line":45,"column":29}},{"start":{"line":45,"column":88},"end":{"line":43,"column":14}}]},"5":{"loc":{"start":{"line":50,"column":60},"end":{"line":50,"column":29}},"type":"cond-expr","locations":[{"start":{"line":50,"column":60},"end":{"line":50,"column":29}},{"start":{"line":50,"column":82},"end":{"line":48,"column":14}}]},"6":{"loc":{"start":{"line":56,"column":9},"end":{"line":56,"column":8}},"type":"binary-expr","locations":[{"start":{"line":56,"column":9},"end":{"line":56,"column":8}},{"start":{"line":56,"column":39},"end":{"line":56,"column":9}},{"start":{"line":58,"column":12},"end":{"line":null,"column":-1}}]}},"s":{"0":0,"1":0,"2":0,"3":0,"4":0,"5":0,"6":0,"7":0,"8":0,"9":0},"f":{"0":0,"1":0,"2":0},"b":{"0":[0,0],"1":[0,0],"2":[0,0,0],"3":[0,0],"4":[0,0],"5":[0,0],"6":[0,0,0]}}
,"/Users/krystalfoster/Desktop/join-messenger-app/src/components/header/Header.jsx": {"path":"/Users/krystalfoster/Desktop/join-messenger-app/src/components/header/Header.jsx","statementMap":{"0":{"start":{"line":1,"column":0},"end":{"line":null,"column":-1}},"1":{"start":{"line":2,"column":0},"end":{"line":null,"column":-1}},"2":{"start":{"line":4,"column":0},"end":{"line":null,"column":-1}},"3":{"start":{"line":8,"column":4},"end":{"line":null,"column":-1}},"4":{"start":{"line":17,"column":57},"end":{"line":16,"column":11}},"5":{"start":{"line":16,"column":11},"end":{"line":16,"column":10}},"6":{"start":{"line":19,"column":6},"end":{"line":18,"column":4}},"7":{"start":{"line":20,"column":35},"end":{"line":20,"column":10}},"8":{"start":{"line":22,"column":4},"end":{"line":null,"column":-1}},"9":{"start":{"line":34,"column":0},"end":{"line":null,"column":-1}},"10":{"start":{"line":42,"column":0},"end":{"line":null,"column":-1}}},"fnMap":{"0":{"name":"(anonymous_1)","decl":{"start":{"line":7,"column":2},"end":{"line":7,"column":8}},"loc":{"start":{"line":7,"column":42},"end":{"line":14,"column":3}}},"1":{"name":"(anonymous_2)","decl":{"start":{"line":16,"column":2},"end":{"line":16,"column":10}},"loc":{"start":{"line":16,"column":11},"end":{"line":31,"column":3}}},"2":{"name":"(anonymous_3)","decl":{"start":{"line":20,"column":23},"end":{"line":20,"column":34}},"loc":{"start":{"line":20,"column":35},"end":{"line":20,"column":10}}}},"branchMap":{"0":{"loc":{"start":{"line":9,"column":38},"end":{"line":9,"column":46}},"type":"binary-expr","locations":[{"start":{"line":9,"column":38},"end":{"line":9,"column":46}},{"start":{"line":9,"column":47},"end":{"line":9,"column":72}}]},"1":{"loc":{"start":{"line":10,"column":9},"end":{"line":10,"column":17}},"type":"binary-expr","locations":[{"start":{"line":10,"column":9},"end":{"line":10,"column":17}},{"start":{"line":10,"column":18},"end":{"line":9,"column":6}}]},"2":{"loc":{"start":{"line":11,"column":9},"end":{"line":11,"column":20}},"type":"binary-expr","locations":[{"start":{"line":11,"column":9},"end":{"line":11,"column":20}},{"start":{"line":11,"column":21},"end":{"line":null,"column":-1}}]},"3":{"loc":{"start":{"line":20,"column":10},"end":{"line":19,"column":6}},"type":"cond-expr","locations":[{"start":{"line":20,"column":10},"end":{"line":19,"column":6}},{"start":{"line":21,"column":10},"end":{"line":18,"column":4}}]},"4":{"loc":{"start":{"line":19,"column":6},"end":{"line":19,"column":17}},"type":"binary-expr","locations":[{"start":{"line":19,"column":6},"end":{"line":19,"column":17}},{"start":{"line":19,"column":18},"end":{"line":19,"column":6}}]},"5":{"loc":{"start":{"line":25,"column":21},"end":{"line":25,"column":10}},"type":"cond-expr","locations":[{"start":{"line":25,"column":21},"end":{"line":25,"column":10}},{"start":{"line":25,"column":41},"end":{"line":26,"column":9}}]},"6":{"loc":{"start":{"line":27,"column":9},"end":{"line":27,"column":17}},"type":"binary-expr","locations":[{"start":{"line":27,"column":9},"end":{"line":27,"column":17}},{"start":{"line":27,"column":18},"end":{"line":27,"column":9}},{"start":{"line":27,"column":26},"end":{"line":23,"column":6}}]},"7":{"loc":{"start":{"line":28,"column":9},"end":{"line":28,"column":20}},"type":"binary-expr","locations":[{"start":{"line":28,"column":9},"end":{"line":28,"column":20}},{"start":{"line":28,"column":21},"end":{"line":null,"column":-1}}]}},"s":{"0":0,"1":0,"2":0,"3":0,"4":0,"5":0,"6":0,"7":0,"8":0,"9":0,"10":0},"f":{"0":0,"1":0,"2":0},"b":{"0":[0,0],"1":[0,0],"2":[0,0],"3":[0,0],"4":[0,0],"5":[0,0],"6":[0,0,0],"7":[0,0]}}
,"/Users/krystalfoster/Desktop/join-messenger-app/src/components/icon/Icon.jsx": {"path":"/Users/krystalfoster/Desktop/join-messenger-app/src/components/icon/Icon.jsx","statementMap":{"0":{"start":{"line":1,"column":0},"end":{"line":null,"column":-1}},"1":{"start":{"line":2,"column":0},"end":{"line":null,"column":-1}},"2":{"start":{"line":3,"column":0},"end":{"line":null,"column":-1}},"3":{"start":{"line":38,"column":4},"end":{"line":null,"column":-1}},"4":{"start":{"line":47,"column":4},"end":{"line":null,"column":-1}},"5":{"start":{"line":55,"column":4},"end":{"line":null,"column":-1}},"6":{"start":{"line":63,"column":4},"end":{"line":null,"column":-1}},"7":{"start":{"line":71,"column":4},"end":{"line":null,"column":-1}},"8":{"start":{"line":79,"column":4},"end":{"line":null,"column":-1}},"9":{"start":{"line":88,"column":4},"end":{"line":null,"column":-1}},"10":{"start":{"line":97,"column":4},"end":{"line":null,"column":-1}},"11":{"start":{"line":105,"column":4},"end":{"line":null,"column":-1}},"12":{"start":{"line":113,"column":4},"end":{"line":null,"column":-1}},"13":{"start":{"line":122,"column":4},"end":{"line":null,"column":-1}},"14":{"start":{"line":130,"column":4},"end":{"line":null,"column":-1}},"15":{"start":{"line":138,"column":4},"end":{"line":null,"column":-1}},"16":{"start":{"line":146,"column":4},"end":{"line":null,"column":-1}},"17":{"start":{"line":154,"column":4},"end":{"line":null,"column":-1}},"18":{"start":{"line":162,"column":4},"end":{"line":null,"column":-1}},"19":{"start":{"line":170,"column":4},"end":{"line":null,"column":-1}},"20":{"start":{"line":179,"column":4},"end":{"line":null,"column":-1}},"21":{"start":{"line":187,"column":4},"end":{"line":null,"column":-1}},"22":{"start":{"line":195,"column":4},"end":{"line":null,"column":-1}},"23":{"start":{"line":203,"column":4},"end":{"line":null,"column":-1}},"24":{"start":{"line":211,"column":4},"end":{"line":null,"column":-1}},"25":{"start":{"line":224,"column":4},"end":{"line":null,"column":-1}},"26":{"start":{"line":232,"column":4},"end":{"line":null,"column":-1}},"27":{"start":{"line":240,"column":4},"end":{"line":null,"column":-1}},"28":{"start":{"line":248,"column":33},"end":{"line":247,"column":11}},"29":{"start":{"line":247,"column":11},"end":{"line":247,"column":10}},"30":{"start":{"line":249,"column":23},"end":{"line":249,"column":4}},"31":{"start":{"line":250,"column":4},"end":{"line":null,"column":-1}},"32":{"start":{"line":258,"column":0},"end":{"line":null,"column":-1}},"33":{"start":{"line":263,"column":0},"end":{"line":null,"column":-1}}},"fnMap":{"0":{"name":"(anonymous_1)","decl":{"start":{"line":37,"column":2},"end":{"line":37,"column":8}},"loc":{"start":{"line":37,"column":19},"end":{"line":44,"column":3}}},"1":{"name":"(anonymous_2)","decl":{"start":{"line":46,"column":2},"end":{"line":46,"column":8}},"loc":{"start":{"line":46,"column":21},"end":{"line":52,"column":3}}},"2":{"name":"(anonymous_3)","decl":{"start":{"line":54,"column":2},"end":{"line":54,"column":8}},"loc":{"start":{"line":54,"column":22},"end":{"line":60,"column":3}}},"3":{"name":"(anonymous_4)","decl":{"start":{"line":62,"column":2},"end":{"line":62,"column":8}},"loc":{"start":{"line":62,"column":20},"end":{"line":68,"column":3}}},"4":{"name":"(anonymous_5)","decl":{"start":{"line":70,"column":2},"end":{"line":70,"column":8}},"loc":{"start":{"line":70,"column":20},"end":{"line":76,"column":3}}},"5":{"name":"(anonymous_6)","decl":{"start":{"line":78,"column":2},"end":{"line":78,"column":8}},"loc":{"start":{"line":78,"column":20},"end":{"line":85,"column":3}}},"6":{"name":"(anonymous_7)","decl":{"start":{"line":87,"column":2},"end":{"line":87,"column":8}},"loc":{"start":{"line":87,"column":20},"end":{"line":94,"column":3}}},"7":{"name":"(anonymous_8)","decl":{"start":{"line":96,"column":2},"end":{"line":96,"column":8}},"loc":{"start":{"line":96,"column":17},"end":{"line":102,"column":3}}},"8":{"name":"(anonymous_9)","decl":{"start":{"line":104,"column":2},"end":{"line":104,"column":8}},"loc":{"start":{"line":104,"column":19},"end":{"line":110,"column":3}}},"9":{"name":"(anonymous_10)","decl":{"start":{"line":112,"column":2},"end":{"line":112,"column":8}},"loc":{"start":{"line":112,"column":26},"end":{"line":119,"column":3}}},"10":{"name":"(anonymous_11)","decl":{"start":{"line":121,"column":2},"end":{"line":121,"column":8}},"loc":{"start":{"line":121,"column":16},"end":{"line":127,"column":3}}},"11":{"name":"(anonymous_12)","decl":{"start":{"line":129,"column":2},"end":{"line":129,"column":8}},"loc":{"start":{"line":129,"column":23},"end":{"line":135,"column":3}}},"12":{"name":"(anonymous_13)","decl":{"start":{"line":137,"column":2},"end":{"line":137,"column":8}},"loc":{"start":{"line":137,"column":16},"end":{"line":143,"column":3}}},"13":{"name":"(anonymous_14)","decl":{"start":{"line":145,"column":2},"end":{"line":145,"column":8}},"loc":{"start":{"line":145,"column":17},"end":{"line":151,"column":3}}},"14":{"name":"(anonymous_15)","decl":{"start":{"line":153,"column":2},"end":{"line":153,"column":8}},"loc":{"start":{"line":153,"column":24},"end":{"line":159,"column":3}}},"15":{"name":"(anonymous_16)","decl":{"start":{"line":161,"column":2},"end":{"line":161,"column":8}},"loc":{"start":{"line":161,"column":16},"end":{"line":167,"column":3}}},"16":{"name":"(anonymous_17)","decl":{"start":{"line":169,"column":2},"end":{"line":169,"column":8}},"loc":{"start":{"line":169,"column":27},"end":{"line":176,"column":3}}},"17":{"name":"(anonymous_18)","decl":{"start":{"line":178,"column":2},"end":{"line":178,"column":8}},"loc":{"start":{"line":178,"column":18},"end":{"line":184,"column":3}}},"18":{"name":"(anonymous_19)","decl":{"start":{"line":186,"column":2},"end":{"line":186,"column":8}},"loc":{"start":{"line":186,"column":17},"end":{"line":192,"column":3}}},"19":{"name":"(anonymous_20)","decl":{"start":{"line":194,"column":2},"end":{"line":194,"column":8}},"loc":{"start":{"line":194,"column":16},"end":{"line":200,"column":3}}},"20":{"name":"(anonymous_21)","decl":{"start":{"line":202,"column":2},"end":{"line":202,"column":8}},"loc":{"start":{"line":202,"column":18},"end":{"line":208,"column":3}}},"21":{"name":"(anonymous_2
[...]
column":4}},"21":{"start":{"line":39,"column":57},"end":{"line":39,"column":26}},"22":{"start":{"line":42,"column":27},"end":{"line":42,"column":4}},"23":{"start":{"line":42,"column":58},"end":{"line":42,"column":27}},"24":{"start":{"line":44,"column":4},"end":{"line":null,"column":-1}},"25":{"start":{"line":50,"column":16},"end":{"line":null,"column":-1}},"26":{"start":{"line":62,"column":22},"end":{"line":null,"column":-1}},"27":{"start":{"line":73,"column":33},"end":{"line":71,"column":29}},"28":{"start":{"line":133,"column":20},"end":{"line":130,"column":16}},"29":{"start":{"line":143,"column":20},"end":{"line":140,"column":16}},"30":{"start":{"line":159,"column":0},"end":{"line":null,"column":-1}}},"fnMap":{"0":{"name":"(anonymous_1)","decl":{"start":{"line":15,"column":2},"end":{"line":15,"column":13}},"loc":{"start":{"line":15,"column":21},"end":{"line":21,"column":3}}},"1":{"name":"(anonymous_2)","decl":{"start":{"line":20,"column":31},"end":{"line":20,"column":32}},"loc":{"start":{"line":20,"column":43},"end":{"line":20,"column":18}}},"2":{"name":"(anonymous_3)","decl":{"start":{"line":23,"column":2},"end":{"line":23,"column":21}},"loc":{"start":{"line":23,"column":22},"end":{"line":25,"column":3}}},"3":{"name":"(anonymous_4)","decl":{"start":{"line":27,"column":2},"end":{"line":27,"column":21}},"loc":{"start":{"line":27,"column":26},"end":{"line":31,"column":3}}},"4":{"name":"(anonymous_5)","decl":{"start":{"line":33,"column":2},"end":{"line":33,"column":10}},"loc":{"start":{"line":33,"column":11},"end":{"line":156,"column":3}}},"5":{"name":"(anonymous_6)","decl":{"start":{"line":39,"column":41},"end":{"line":39,"column":42}},"loc":{"start":{"line":39,"column":57},"end":{"line":39,"column":26}}},"6":{"name":"(anonymous_7)","decl":{"start":{"line":42,"column":42},"end":{"line":42,"column":43}},"loc":{"start":{"line":42,"column":58},"end":{"line":42,"column":27}}},"7":{"name":"(anonymous_8)","decl":{"start":{"line":49,"column":15},"end":{"line":50,"column":15}},"loc":{"start":{"line":50,"column":16},"end":{"line":null,"column":-1}}},"8":{"name":"(anonymous_9)","decl":{"start":{"line":61,"column":21},"end":{"line":62,"column":21}},"loc":{"start":{"line":62,"column":22},"end":{"line":null,"column":-1}}},"9":{"name":"(anonymous_10)","decl":{"start":{"line":72,"column":30},"end":{"line":72,"column":31}},"loc":{"start":{"line":73,"column":33},"end":{"line":71,"column":29}}},"10":{"name":"(anonymous_11)","decl":{"start":{"line":132,"column":29},"end":{"line":133,"column":19}},"loc":{"start":{"line":133,"column":20},"end":{"line":130,"column":16}}},"11":{"name":"(anonymous_12)","decl":{"start":{"line":142,"column":29},"end":{"line":143,"column":19}},"loc":{"start":{"line":143,"column":20},"end":{"line":140,"column":16}}}},"branchMap":{"0":{"loc":{"start":{"line":46,"column":9},"end":{"line":47,"column":9}},"type":"binary-expr","locations":[{"start":{"line":46,"column":9},"end":{"line":47,"column":9}},{"start":{"line":47,"column":10},"end":{"line":null,"column":-1}}]},"1":{"loc":{"start":{"line":68,"column":25},"end":{"line":69,"column":25}},"type":"binary-expr","locations":[{"start":{"line":68,"column":25},"end":{"line":69,"column":25}},{"start":{"line":69,"column":26},"end":{"line":62,"column":22}}]},"2":{"loc":{"start":{"line":74,"column":63},"end":{"line":74,"column":34}},"type":"cond-expr","locations":[{"start":{"line":74,"column":63},"end":{"line":74,"column":34}},{"start":{"line":74,"column":70},"end":{"line":75,"column":33}}]}},"s":{"0":0,"1":0,"2":0,"3":0,"4":0,"5":0,"6":0,"7":0,"8":0,"9":0,"10":0,"11":0,"12":0,"13":0,"14":0,"15":0,"16":0,"17":0,"18":0,"19":0,"20":0,"21":0,"22":0,"23":0,"24":0,"25":0,"26":0,"27":0,"28":0,"29":0,"30":0},"f":{"0":0,"1":0,"2":0,"3":0,"4":0,"5":0,"6":0,"7":0,"8":0,"9":0,"10":0,"11":0},"b":{"0":[0,0],"1":[0,0],"2":[0,0]}}
,"/Users/krystalfoster/Desktop/join-messenger-app/src/pages/tenants/Tenants.jsx": {"path":"/Users/krystalfoster/Desktop/join-messenger-app/src/pages/tenants/Tenants.jsx","statementMap":{"0":{"start":{"line":1,"column":0},"end":{"line":null,"column":-1}},"1":{"start":{"line":2,"column":0},"end":{"line":null,"column":-1}},"2":{"start":{"line":3,"column":0},"end":{"line":null,"column":-1}},"3":{"start":{"line":4,"column":0},"end":{"line":null,"column":-1}},"4":{"start":{"line":5,"column":0},"end":{"line":null,"column":-1}},"5":{"start":{"line":6,"column":0},"end":{"line":null,"column":-1}},"6":{"start":{"line":7,"column":0},"end":{"line":null,"column":-1}},"7":{"start":{"line":8,"column":0},"end":{"line":null,"column":-1}},"8":{"start":{"line":11,"column":0},"end":{"line":null,"column":-1}},"9":{"start":{"line":12,"column":0},"end":{"line":null,"column":-1}},"10":{"start":{"line":16,"column":4},"end":{"line":null,"column":-1}},"11":{"start":{"line":18,"column":4},"end":{"line":null,"column":-1}},"12":{"start":{"line":20,"column":4},"end":{"line":null,"column":-1}},"13":{"start":{"line":24,"column":4},"end":{"line":null,"column":-1}},"14":{"start":{"line":28,"column":4},"end":{"line":28,"column":15}},"15":{"start":{"line":28,"column":15},"end":{"line":null,"column":-1}},"16":{"start":{"line":29,"column":4},"end":{"line":null,"column":-1}},"17":{"start":{"line":33,"column":22},"end":{"line":32,"column":11}},"18":{"start":{"line":34,"column":24},"end":{"line":32,"column":11}},"19":{"start":{"line":35,"column":4},"end":{"line":null,"column":-1}},"20":{"start":{"line":39,"column":12},"end":{"line":null,"column":-1}},"21":{"start":{"line":79,"column":14},"end":{"line":75,"column":10}},"22":{"start":{"line":89,"column":14},"end":{"line":86,"column":10}},"23":{"start":{"line":104,"column":0},"end":{"line":null,"column":-1}}},"fnMap":{"0":{"name":"(anonymous_1)","decl":{"start":{"line":15,"column":2},"end":{"line":15,"column":13}},"loc":{"start":{"line":15,"column":21},"end":{"line":21,"column":3}}},"1":{"name":"(anonymous_2)","decl":{"start":{"line":23,"column":2},"end":{"line":23,"column":21}},"loc":{"start":{"line":23,"column":22},"end":{"line":25,"column":3}}},"2":{"name":"(anonymous_3)","decl":{"start":{"line":27,"column":2},"end":{"line":27,"column":14}},"loc":{"start":{"line":27,"column":22},"end":{"line":30,"column":3}}},"3":{"name":"(anonymous_4)","decl":{"start":{"line":32,"column":2},"end":{"line":32,"column":10}},"loc":{"start":{"line":32,"column":11},"end":{"line":101,"column":3}}},"4":{"name":"(anonymous_5)","decl":{"start":{"line":38,"column":11},"end":{"line":39,"column":11}},"loc":{"start":{"line":39,"column":12},"end":{"line":null,"column":-1}}},"5":{"name":"(anonymous_6)","decl":{"start":{"line":78,"column":23},"end":{"line":79,"column":13}},"loc":{"start":{"line":79,"column":14},"end":{"line":75,"column":10}}},"6":{"name":"(anonymous_7)","decl":{"start":{"line":88,"column":23},"end":{"line":89,"column":13}},"loc":{"start":{"line":89,"column":14},"end":{"line":86,"column":10}}}},"branchMap":{"0":{"loc":{"start":{"line":28,"column":4},"end":{"line":28,"column":15}},"type":"if","locations":[{"start":{"line":28,"column":4},"end":{"line":28,"column":15}},{"start":{"line":28,"column":4},"end":{"line":28,"column":15}}]}},"s":{"0":0,"1":0,"2":0,"3":0,"4":0,"5":0,"6":0,"7":0,"8":0,"9":0,"10":0,"11":0,"12":0,"13":0,"14":0,"15":0,"16":0,"17":0,"18":0,"19":0,"20":0,"21":0,"22":0,"23":0},"f":{"0":0,"1":0,"2":0,"3":0,"4":0,"5":0,"6":0},"b":{"0":[0,0]}}
,"/Users/krystalfoster/Desktop/join-messenger-app/src/pages/terms-conditions/TermsConditions.jsx": {"path":"/Users/krystalfoster/Desktop/join-messenger-app/src/pages/terms-conditions/TermsConditions.jsx","statementMap":{"0":{"start":{"line":1,"column":0},"end":{"line":null,"column":-1}},"1":{"start":{"line":2,"column":0},"end":{"line":null,"column":-1}},"2":{"start":{"line":3,"column":0},"end":{"line":null,"column":-1}},"3":{"start":{"line":4,"column":0},"end":{"line":null,"column":-1}},"4":{"start":{"line":5,"column":0},"end":{"line":null,"column":-1}},"5":{"start":{"line":6,"column":0},"end":{"line":null,"column":-1}},"6":{"start":{"line":9,"column":2},"end":{"line":null,"column":-1}},"7":{"start":{"line":12,"column":24},"end":{"line":12,"column":0}},"8":{"start":{"line":13,"column":2},"end":{"line":12,"column":0}},"9":{"start":{"line":16,"column":8},"end":{"line":null,"column":-1}},"10":{"start":{"line":105,"column":0},"end":{"line":null,"column":-1}}},"fnMap":{"0":{"name":"createMarkup","decl":{"start":{"line":8,"column":9},"end":{"line":8,"column":0}},"loc":{"start":{"line":8,"column":30},"end":{"line":10,"column":1}}},"1":{"name":"(anonymous_2)","decl":{"start":{"line":12,"column":24},"end":{"line":12,"column":25}},"loc":{"start":{"line":13,"column":2},"end":{"line":12,"column":0}}},"2":{"name":"(anonymous_3)","decl":{"start":{"line":15,"column":7},"end":{"line":16,"column":7}},"loc":{"start":{"line":16,"column":8},"end":{"line":null,"column":-1}}}},"branchMap":{},"s":{"0":0,"1":0,"2":0,"3":0,"4":0,"5":0,"6":0,"7":0,"8":0,"9":0,"10":0},"f":{"0":0,"1":0,"2":0},"b":{}}
,"/Users/krystalfoster/Desktop/join-messenger-app/src/pages/tickets/Tickets.jsx": {"path":"/Users/krystalfoster/Desktop/join-messenger-app/src/pages/tickets/Tickets.jsx","statementMap":{"0":{"start":{"line":1,"column":0},"end":{"line":null,"column":-1}},"1":{"start":{"line":2,"column":0},"end":{"line":null,"column":-1}},"2":{"start":{"line":3,"column":0},"end":{"line":null,"column":-1}},"3":{"start":{"line":4,"column":0},"end":{"line":null,"column":-1}},"4":{"start":{"line":5,"column":0},"end":{"line":null,"column":-1}},"5":{"start":{"line":6,"column":0},"end":{"line":null,"column":-1}},"6":{"start":{"line":7,"column":0},"end":{"line":null,"column":-1}},"7":{"start":{"line":8,"column":0},"end":{"line":null,"column":-1}},"8":{"start":{"line":9,"column":0},"end":{"line":null,"column":-1}},"9":{"start":{"line":12,"column":0},"end":{"line":null,"column":-1}},"10":{"start":{"line":16,"column":4},"end":{"line":null,"column":-1}},"11":{"start":{"line":18,"column":4},"end":{"line":null,"column":-1}},"12":{"start":{"line":20,"column":4},"end":{"line":null,"column":-1}},"13":{"start":{"line":24,"column":4},"end":{"line":null,"column":-1}},"14":{"start":{"line":29,"column":28},"end":{"line":29,"column":4}},"15":{"start":{"line":31,"column":9},"end":{"line":29,"column":28}},"16":{"start":{"line":39,"column":4},"end":{"line":null,"column":-1}},"17":{"start":{"line":42,"column":4},"end":{"line":null,"column":-1}},"18":{"start":{"line":46,"column":32},"end":{"line":45,"column":11}},"19":{"start":{"line":45,"column":11},"end":{"line":45,"column":10}},"20":{"start":{"line":47,"column":24},"end":{"line":45,"column":11}},"21":{"start":{"line":50,"column":26},"end":{"line":50,"column":4}},"22":{"start":{"line":50,"column":57},"end":{"line":50,"column":26}},"23":{"start":{"line":53,"column":24},"end":{"line":53,"column":4}},"24":{"start":{"line":53,"column":55},"end":{"line":53,"column":24}},"25":{"start":{"line":55,"column":4},"end":{"line":null,"column":-1}},"26":{"start":{"line":59,"column":12},"end":{"line":null,"column":-1}},"27":{"start":{"line":101,"column":29},"end":{"line":99,"column":10}},"28":{"start":{"line":106,"column":14},"end":{"line":103,"column":10}},"29":{"start":{"line":117,"column":0},"end":{"line":null,"column":-1}}},"fnMap":{"0":{"name":"(anonymous_1)","decl":{"start":{"line":15,"column":2},"end":{"line":15,"column":13}},"loc":{"start":{"line":15,"column":21},"end":{"line":21,"column":3}}},"1":{"name":"(anonymous_2)","decl":{"start":{"line":23,"column":2},"end":{"line":23,"column":21}},"loc":{"start":{"line":23,"column":22},"end":{"line":25,"column":3}}},"2":{"name":"(anonymous_3)","decl":{"start":{"line":27,"column":2},"end":{"line":27,"column":14}},"loc":{"start":{"line":27,"column":27},"end":{"line":43,"column":3}}},"3":{"name":"(anonymous_4)","decl":{"start":{"line":30,"column":6},"end":{"line":30,"column":7}},"loc":{"start":{"line":31,"column":9},"end":{"line":29,"column":28}}},"4":{"name":"(anonymous_5)","decl":{"start":{"line":45,"column":2},"end":{"line":45,"column":10}},"loc":{"start":{"line":45,"column":11},"end":{"line":114,"column":3}}},"5":{"name":"(anonymous_6)","decl":{"start":{"line":50,"column":41},"end":{"line":50,"column":42}},"loc":{"start":{"line":50,"column":57},"end":{"line":50,"column":26}}},"6":{"name":"(anonymous_7)","decl":{"start":{"line":53,"column":39},"end":{"line":53,"column":40}},"loc":{"start":{"line":53,"column":55},"end":{"line":53,"column":24}}},"7":{"name":"(anonymous_8)","decl":{"start":{"line":58,"column":11},"end":{"line":59,"column":11}},"loc":{"start":{"line":59,"column":12},"end":{"line":null,"column":-1}}},"8":{"name":"(anonymous_9)","decl":{"start":{"line":101,"column":23},"end":{"line":101,"column":28}},"loc":{"start":{"line":101,"column":29},"end":{"line":99,"column":10}}},"9":{"name":"(anonymous_10)","decl":{"start":{"line":105,"column":23},"end":{"line":106,"column":13}},"loc":{"start":{"line":106,"column":14},"end":{"line":103,"column":10}}}},"branchMap":{"0":{"loc":{"start":{"line":31,"column":30},"end":{"line":31,"column":29}},"type":"binary-expr","locations":[{"start":{"line":31,"column":30},"end":{"line":31,"column":29}},{"start":{"line":32,"column":10},"end":{"line":32,"column":37}}]},"1":{"loc":{"start":{"line":32,"column":40},"end":{"line":32,"column":39}},"type":"binary-expr","locations":[{"start":{"line":32,"column":40},"end":{"line":32,"column":39}},{"start":{"line":33,"column":10},"end":{"line":33,"column":37}}]},"2":{"loc":{"start":{"line":33,"column":40},"end":{"line":33,"column":39}},"type":"binary-expr","locations":[{"start":{"line":33,"column":40},"end":{"line":33,"column":39}},{"start":{"line":34,"column":10},"end":{"line":34,"column":31}}]},"3":{"loc":{"start":{"line":34,"column":34},"end":{"line":34,"column":43}},"type":"binary-expr","locations":[{"start":{"line":34,"column":34},"end":{"line":34,"column":43}},{"start":{"line":34,"column":44},"end":{"line":34,"column":60}}]},"4":{"loc":{"start":{"line":40,"column":44},"end":{"line":40,"column":6}},"type":"cond-expr","locations":[{"start":{"line":40,"column":44},"end":{"line":40,"column":6}},{"start":{"line":40,"column":62},"end":{"line":39,"column":4}}]},"5":{"loc":{"start":{"line":40,"column":6},"end":{"line":40,"column":19}},"type":"binary-expr","locations":[{"start":{"line":40,"column":6},"end":{"line":40,"column":19}},{"start":{"line":40,"column":20},"end":{"line":40,"column":6}}]}},"s":{"0":0,"1":0,"2":0,"3":0,"4":0,"5":0,"6":0,"7":0,"8":0,"9":0,"10":0,"11":0,"12":0,"13":0,"14":0,"15":0,"16":0,"17":0,"18":0,"19":0,"20":0,"21":0,"22":0,"23":0,"24":0,"25":0,"26":0,"27":0,"28":0,"29":0},"f":{"0":0,"1":0,"2":0,"3":0,"4":0,"5":0,"6":0,"7":0,"8":0,"9":0},"b":{"0":[0,0],"1":[0,0],"2":[0,0],"3":[0,0],"4":[0,0],"5":[0,0]}}
,"/Users/krystalfoster/Desktop/join-messenger-app/src/pages/waiting-for-role/WaitingForRole.jsx": {"path":"/Users/krystalfoster/Desktop/join-messenger-app/src/pages/waiting-for-role/WaitingForRole.jsx","statementMap":{"0":{"start":{"line":1,"column":0},"end":{"line":null,"column":-1}},"1":{"start":{"line":2,"column":0},"end":{"line":null,"column":-1}},"2":{"start":{"line":3,"column":0},"end":{"line":null,"column":-1}},"3":{"start":{"line":4,"column":0},"end":{"line":null,"column":-1}},"4":{"start":{"line":5,"column":0},"end":{"line":null,"column":-1}},"5":{"start":{"line":6,"column":0},"end":{"line":null,"column":-1}},"6":{"start":{"line":7,"column":0},"end":{"line":null,"column":-1}},"7":{"start":{"line":11,"column":4},"end":{"line":null,"column":-1}},"8":{"start":{"line":15,"column":22},"end":{"line":14,"column":11}},"9":{"start":{"line":16,"column":20},"end":{"line":16,"column":4}},"10":{"start":{"line":17,"column":4},"end":{"line":null,"column":-1}},"11":{"start":{"line":21,"column":12},"end":{"line":null,"column":-1}},"12":{"start":{"line":44,"column":0},"end":{"line":null,"column":-1}}},"fnMap":{"0":{"name":"(anonymous_1)","decl":{"start":{"line":10,"column":2},"end":{"line":10,"column":21}},"loc":{"start":{"line":10,"column":22},"end":{"line":12,"column":3}}},"1":{"name":"(anonymous_2)","decl":{"start":{"line":14,"column":2},"end":{"line":14,"column":10}},"loc":{"start":{"line":14,"column":11},"end":{"line":41,"column":3}}},"2":{"name":"(anonymous_3)","decl":{"start":{"line":20,"column":11},"end":{"line":21,"column":11}},"loc":{"start":{"line":21,"column":12},"end":{"line":null,"column":-1}}}},"branchMap":{},"s":{"0":0,"1":0,"2":0,"3":0,"4":0,"5":0,"6":0,"7":0,"8":0,"9":0,"10":0,"11":0,"12":0},"f":{"0":0,"1":0,"2":0},"b":{}}
,"/Users/krystalfoster/Desktop/join-messenger-app/src/translations/i18n.js": {"path":"/Users/krystalfoster/Desktop/join-messenger-app/src/translations/i18n.js","statementMap":{"0":{"start":{"line":1,"column":0},"end":{"line":null,"column":-1}},"1":{"start":{"line":2,"column":0},"end":{"line":null,"column":-1}},"2":{"start":{"line":3,"column":0},"end":{"line":null,"column":-1}},"3":{"start":{"line":4,"column":0},"end":{"line":null,"column":-1}},"4":{"start":{"line":5,"column":0},"end":{"line":null,"column":-1}},"5":{"start":{"line":6,"column":0},"end":{"line":null,"column":-1}},"6":{"start":{"line":8,"column":0},"end":{"line":null,"column":-1}},"7":{"start":{"line":13,"column":13},"end":{"line":13,"column":7}},"8":{"start":{"line":14,"column":35},"end":{"line":14,"column":2}},"9":{"start":{"line":17,"column":2},"end":{"line":null,"column":-1}},"10":{"start":{"line":18,"column":29},"end":{"line":18,"column":4}},"11":{"start":{"line":21,"column":4},"end":{"line":null,"column":-1}},"12":{"start":{"line":25,"column":13},"end":{"line":25,"column":7}},"13":{"start":{"line":30,"column":13},"end":{"line":30,"column":7}}},"fnMap":{"0":{"name":"(anonymous_1)","decl":{"start":{"line":13,"column":41},"end":{"line":13,"column":43}},"loc":{"start":{"line":13,"column":65},"end":{"line":13,"column":7}}},"1":{"name":"(anonymous_2)","decl":{"start":{"line":17,"column":41},"end":{"line":17,"column":43}},"loc":{"start":{"line":17,"column":71},"end":{"line":17,"column":9}}}},"branchMap":{"0":{"loc":{"start":{"line":15,"column":6},"end":{"line":14,"column":35}},"type":"cond-expr","locations":[{"start":{"line":15,"column":6},"end":{"line":14,"column":35}},{"start":{"line":16,"column":6},"end":{"line":14,"column":2}}]},"1":{"loc":{"start":{"line":19,"column":8},"end":{"line":18,"column":29}},"type":"cond-expr","locations":[{"start":{"line":19,"column":8},"end":{"line":18,"column":29}},{"start":{"line":20,"column":8},"end":{"line":18,"column":4}}]},"2":{"loc":{"start":{"line":18,"column":29},"end":{"line":18,"column":28}},"type":"binary-expr","locations":[{"start":{"line":18,"column":29},"end":{"line":18,"column":28}},{"start":{"line":18,"column":49},"end":{"line":18,"column":29}}]}},"s":{"0":0,"1":0,"2":0,"3":0,"4":0,"5":0,"6":0,"7":0,"8":0,"9":0,"10":0,"11":0,"12":0,"13":0},"f":{"0":0,"1":0},"b":{"0":[0,0],"1":[0,0],"2":[0,0]}}
,"/Users/krystalfoster/Desktop/join-messenger-app/src/translations/messages.js": {"path":"/Users/krystalfoster/Desktop/join-messenger-app/src/translations/messages.js","statementMap":{"0":{"start":{"line":1,"column":0},"end":{"line":null,"column":-1}},"1":{"start":{"line":4,"column":13},"end":{"line":4,"column":7}},"2":{"start":{"line":35,"column":13},"end":{"line":35,"column":7}},"3":{"start":{"line":50,"column":13},"end":{"line":50,"column":7}},"4":{"start":{"line":91,"column":13},"end":{"line":91,"column":7}},"5":{"start":{"line":154,"column":13},"end":{"line":154,"column":7}},"6":{"start":{"line":182,"column":13},"end":{"line":182,"column":7}},"7":{"start":{"line":198,"column":13},"end":{"line":198,"column":7}},"8":{"start":{"line":312,"column":13},"end":{"line":312,"column":7}},"9":{"start":{"line":337,"column":13},"end":{"line":337,"column":7}},"10":{"start":{"line":448,"column":13},"end":{"line":448,"column":7}},"11":{"start":{"line":456,"column":13},"end":{"line":456,"column":7}},"12":{"start":{"line":464,"column":13},"end":{"line":464,"column":7}}},"fnMap":{},"branchMap":{},"s":{"0":0,"1":0,"2":0,"3":0,"4":0,"5":0,"6":0,"7":0,"8":0,"9":0,"10":0,"11":0,"12":0},"f":{},"b":{}}
}
