TN:
SF:/Users/krystalfoster/Desktop/join-messenger-app/src/data.js
FNF:0
FNH:0
DA:3,0
DA:15,0
DA:123,0
DA:158,0
DA:176,0
DA:205,0
LF:6
LH:0
BRF:0
BRH:0
end_of_record
TN:
SF:/Users/krystalfoster/Desktop/join-messenger-app/src/index.jsx
FN:70,(anonymous_1)
FNF:1
FNH:0
FNDA:0,(anonymous_1)
DA:2,0
DA:3,0
DA:4,0
DA:7,0
DA:8,0
DA:9,0
DA:11,0
DA:12,0
DA:13,0
DA:16,0
DA:17,0
DA:18,0
DA:19,0
DA:20,0
DA:23,0
DA:26,0
DA:27,0
DA:30,0
DA:31,0
DA:32,0
DA:33,0
DA:34,0
DA:35,0
DA:36,0
DA:37,0
DA:38,0
DA:39,0
DA:40,0
DA:41,0
DA:42,0
DA:43,0
DA:44,0
DA:45,0
DA:46,0
DA:47,0
DA:48,0
DA:49,0
DA:50,0
DA:51,0
DA:52,0
DA:53,0
DA:54,0
DA:55,0
DA:56,0
DA:59,0
DA:60,0
DA:63,0
DA:65,0
DA:68,0
DA:69,0
DA:70,0
DA:72,0
DA:73,0
DA:74,0
DA:78,0
DA:79,0
DA:80,0
DA:82,0
DA:175,0
LF:59
LH:0
BRDA:72,0,0,0
BRDA:72,0,1,0
BRF:2
BRH:0
end_of_record
TN:
SF:/Users/krystalfoster/Desktop/join-messenger-app/src/registerServiceWorker.js
FN:21,register
FN:32,(anonymous_1)
FN:41,(anonymous_2)
FN:55,registerValidSW
FN:58,(anonymous_4)
FN:59,(anonymous_5)
FN:61,(anonymous_6)
FN:79,(anonymous_7)
FN:84,checkValidServiceWorker
FN:87,(anonymous_9)
FN:94,(anonymous_10)
FN:95,(anonymous_11)
FN:104,(anonymous_12)
FN:111,unregister
FN:113,(anonymous_14)
FNF:15
FNH:0
FNDA:0,register
FNDA:0,(anonymous_1)
FNDA:0,(anonymous_2)
FNDA:0,registerValidSW
FNDA:0,(anonymous_4)
FNDA:0,(anonymous_5)
FNDA:0,(anonymous_6)
FNDA:0,(anonymous_7)
FNDA:0,checkValidServiceWorker
FNDA:0,(anonymous_9)
FNDA:0,(anonymous_10)
FNDA:0,(anonymous_11)
FNDA:0,(anonymous_12)
FNDA:0,unregister
FNDA:0,(anonymous_14)
DA:11,0
DA:22,0
DA:24,0
DA:25,0
DA:29,0
DA:32,0
DA:33,0
DA:35,0
DA:37,0
DA:41,0
DA:42,0
DA:49,0
DA:56,0
DA:59,0
DA:60,0
DA:61,0
DA:62,0
DA:63,0
DA:68,0
DA:73,0
DA:80,0
DA:86,0
DA:89,0
DA:94,0
DA:95,0
DA:96,0
DA:101,0
DA:105,0
DA:112,0
DA:113,0
DA:114,0
LF:31
LH:0
BRDA:12,0,0,0
BRDA:12,0,1,0
BRDA:12,0,2,0
BRDA:22,1,0,0
BRDA:22,1,1,0
BRDA:22,2,0,0
BRDA:22,2,1,0
BRDA:25,3,0,0
BRDA:25,3,1,0
BRDA:35,4,0,0
BRDA:35,4,1,0
BRDA:62,5,0,0
BRDA:62,5,1,0
BRDA:63,6,0,0
BRDA:63,6,1,0
BRDA:89,7,0,0
BRDA:89,7,1,0
BRDA:90,8,0,0
BRDA:90,8,1,0
BRDA:112,9,0,0
BRDA:112,9,1,0
BRF:21
BRH:0
end_of_record
TN:
SF:/Users/krystalfoster/Desktop/join-messenger-app/src/store.js
FNF:0
FNH:0
DA:1,0
DA:2,0
DA:3,0
DA:4,0
DA:5,0
DA:7,0
DA:9,0
DA:10,0
DA:11,0
DA:16,0
DA:17,0
DA:19,0
DA:20,0
DA:24,0
DA:29,0
LF:15
LH:0
BRDA:16,0,0,0
BRDA:16,0,1,0
BRDA:19,1,0,0
BRDA:19,1,1,0
BRF:4
BRH:0
end_of_record
TN:
SF:/Users/krystalfoster/Desktop/join-messenger-app/src/utils.js
FN:9,getUserRoleString
FN:30,formatDateFromString
FN:40,formatDatepickerDate
FN:46,formatDateNumberWithLeadingZero
FN:62,formatPhoneNumber
FN:70,backURL
FNF:6
FNH:0
FNDA:0,getUserRoleString
FNDA:0,formatDateFromString
FNDA:0,formatDatepickerDate
FNDA:0,formatDateNumberWithLeadingZero
FNDA:0,formatPhoneNumber
FNDA:0,backURL
DA:10,0
DA:11,0
DA:12,0
DA:13,0
DA:15,0
DA:16,0
DA:18,0
DA:19,0
DA:22,0
DA:31,0
DA:32,0
DA:41,0
DA:42,0
DA:43,0
DA:44,0
DA:47,0
DA:50,0
DA:63,0
DA:72,0
DA:74,0
DA:77,0
DA:78,0
DA:86,0
DA:89,0
DA:90,0
DA:93,0
DA:94,0
LF:27
LH:0
BRDA:11,0,0,0
BRDA:11,0,1,0
BRDA:12,1,0,0
BRDA:12,1,1,0
BRDA:15,2,0,0
BRDA:15,2,1,0
BRDA:18,3,0,0
BRDA:18,3,1,0
BRDA:47,4,0,0
BRDA:47,4,1,0
BRDA:63,5,0,0
BRDA:63,5,1,0
BRDA:78,6,0,0
BRDA:78,6,1,0
BRF:14
BRH:0
end_of_record
TN:
SF:/Users/krystalfoster/Desktop/join-messenger-app/src/components/MessageBox/MessageBox.jsx
FN:5,(anonymous_1)
FN:9,(anonymous_2)
FNF:2
FNH:0
FNDA:0,(anonymous_1)
FNDA:0,(anonymous_2)
DA:1,0
DA:2,0
DA:5,0
DA:6,0
DA:7,0
DA:9,0
DA:15,0
DA:20,0
LF:8
LH:0
BRDA:8,0,0,0
BRDA:8,0,1,0
BRF:2
BRH:0
end_of_record
TN:
SF:/Users/krystalfoster/Desktop/join-messenger-app/src/components/accordion/Accordion.jsx
FN:9,(anonymous_1)
FN:17,(anonymous_2)
FN:72,(anonymous_3)
FN:116,(anonymous_4)
FN:184,(anonymous_5)
FN:187,(anonymous_6)
FNF:6
FNH:0
FNDA:0,(anonymous_1)
FNDA:0,(anonymous_2)
FNDA:0,(anonymous_3)
FNDA:0,(anonymous_4)
FNDA:0,(anonymous_5)
FNDA:0,(anonymous_6)
DA:1,0
DA:2,0
DA:3,0
DA:6,0
DA:10,0
DA:18,0
DA:73,0
DA:117,0
DA:185,0
DA:188,0
DA:195,0
DA:202,0
LF:12
LH:0
BRDA:21,0,0,0
BRDA:21,0,1,0
BRDA:76,1,0,0
BRDA:76,1,1,0
BRDA:120,2,0,0
BRDA:120,2,1,0
BRF:6
BRH:0
end_of_record
TN:
SF:/Users/krystalfoster/Desktop/join-messenger-app/src/components/authorization/Authorization.jsx
FN:9,Authorization
FN:10,(anonymous_2)
FN:12,(anonymous_3)
FN:18,(anonymous_4)
FNF:4
FNH:0
FNDA:0,Authorization
FNDA:0,(anonymous_2)
FNDA:0,(anonymous_3)
FNDA:0,(anonymous_4)
DA:1,0
DA:2,0
DA:3,0
DA:4,0
DA:7,0
DA:10,0
DA:11,0
DA:13,0
DA:15,0
DA:19,0
DA:20,0
DA:21,0
DA:22,0
DA:25,0
LF:14
LH:0
BRDA:21,0,0,0
BRDA:21,0,1,0
BRF:2
BRH:0
end_of_record
TN:
SF:/Users/krystalfoster/Desktop/join-messenger-app/src/components/authorization/PrivateRoute.jsx
FN:22,PrivateRoute
FN:26,(anonymous_3)
FN:49,(anonymous_4)
FNF:3
FNH:0
FNDA:0,PrivateRoute
FNDA:0,(anonymous_3)
FNDA:0,(anonymous_4)
DA:1,0
DA:2,0
DA:3,0
DA:4,0
DA:5,0
DA:6,0
DA:9,0
DA:10,0
DA:11,0
DA:12,0
DA:13,0
DA:14,0
DA:19,0
DA:22,0
DA:23,0
DA:27,0
DA:39,0
DA:45,0
DA:49,0
LF:19
LH:0
BRDA:12,0,0,0
BRDA:12,0,1,0
BRDA:12,0,2,0
BRDA:12,0,3,0
BRDA:13,1,0,0
BRDA:13,1,1,0
BRDA:13,2,0,0
BRDA:13,2,1,0
BRDA:28,3,0,0
BRDA:28,3,1,0
BRF:10
BRH:0
end_of_record
TN:
SF:/Users/krystalfoster/Desktop/join-messenger-app/src/components/card/Card.jsx
FN:18,(anonymous_1)
FN:20,(anonymous_2)
FN:29,(anonymous_3)
FN:35,(anonymous_4)
FN:60,(anonymous_5)
FN:107,(anonymous_6)
FN:111,(anonymous_7)
FN:115,(anonymous_8)
FN:118,(anonymous_9)
FN:121,(anonymous_10)
FNF:10
FNH:0
FNDA:0,(anonymous_1)
FNDA:0,(anonymous_2)
FNDA:0,(anonymous_3)
FNDA:0,(anonymous_4)
FNDA:0,(anonymous_5)
FNDA:0,(anonymous_6)
FNDA:0,(anonymous_7)
FNDA:0,(anonymous_8)
FNDA:0,(anonymous_9)
FNDA:0,(anonymous_10)
DA:1,0
DA:2,0
DA:3,0
DA:4,0
DA:5,0
DA:20,0
DA:24,0
DA:25,0
DA:26,0
DA:30,0
DA:36,0
DA:62,0
DA:68,0
DA:108,0
DA:112,0
DA:115,0
DA:116,0
DA:118,0
DA:119,0
DA:122,0
DA:132,0
DA:142,0
LF:22
LH:0
BRDA:32,0,0,0
BRDA:32,0,1,0
BRDA:40,1,0,0
BRDA:40,1,1,0
BRDA:40,1,2,0
BRDA:40,1,3,0
BRDA:40,1,4,0
BRDA:50,2,0,0
BRDA:50,2,1,0
BRDA:63,3,0,0
BRDA:63,3,1,0
BRDA:62,4,0,0
BRDA:62,4,1,0
BRDA:70,5,0,0
BRDA:70,5,1,0
BRDA:80,6,0,0
BRDA:80,6,1,0
BRDA:80,6,2,0
BRDA:87,7,0,0
BRDA:87,7,1,0
BRDA:94,8,0,0
BRDA:94,8,1,0
BRDA:94,8,2,0
BRDA:94,8,3,0
BRDA:100,9,0,0
BRDA:100,9,1,0
BRDA:118,10,0,0
BRDA:118,10,1,0
BRF:28
BRH:0
end_of_record
TN:
SF:/Users/krystalfoster/Desktop/join-messenger-app/src/components/emergency/EmergencyContactsList.jsx
FN:8,(anonymous_1)
FN:33,(anonymous_2)
FNF:2
FNH:0
FNDA:0,(anonymous_1)
FNDA:0,(anonymous_2)
DA:1,0
DA:2,0
DA:3,0
DA:4,0
DA:5,0
DA:9,0
DA:20,0
DA:34,0
DA:35,0
DA:37,0
DA:38,0
DA:44,0
LF:12
LH:0
BRDA:34,0,0,0
BRDA:34,0,1,0
BRDA:37,1,0,0
BRDA:37,1,1,0
BRF:4
BRH:0
end_of_record
TN:
SF:/Users/krystalfoster/Desktop/join-messenger-app/src/components/emergency/EmergencyList.jsx
FN:16,(anonymous_1)
FN:23,(anonymous_2)
FN:40,(anonymous_3)
FN:57,(anonymous_4)
FNF:4
FNH:0
FNDA:0,(anonymous_1)
FNDA:0,(anonymous_2)
FNDA:0,(anonymous_3)
FNDA:0,(anonymous_4)
DA:1,0
DA:2,0
DA:3,0
DA:4,0
DA:5,0
DA:6,0
DA:7,0
DA:8,0
DA:9,0
DA:11,0
DA:12,0
DA:17,0
DA:18,0
DA:23,0
DA:24,0
DA:25,0
DA:41,0
DA:51,0
DA:57,0
LF:19
LH:0
BRDA:40,0,0,0
BRDA:40,0,1,0
BRF:2
BRH:0
end_of_record
TN:
SF:/Users/krystalfoster/Desktop/join-messenger-app/src/components/emergency/EmergencyNumber.jsx
FN:12,(anonymous_1)
FN:33,(anonymous_2)
FN:34,(anonymous_3)
FN:37,(anonymous_4)
FN:48,(anonymous_5)
FN:51,(anonymous_6)
FN:64,(anonymous_7)
FN:70,(anonymous_8)
FN:80,(anonymous_9)
FN:87,(anonymous_10)
FN:95,(anonymous_11)
FNF:11
FNH:0
FNDA:0,(anonymous_1)
FNDA:0,(anonymous_2)
FNDA:0,(anonymous_3)
FNDA:0,(anonymous_4)
FNDA:0,(anonymous_5)
FNDA:0,(anonymous_6)
FNDA:0,(anonymous_7)
FNDA:0,(anonymous_8)
FNDA:0,(anonymous_9)
FNDA:0,(anonymous_10)
FNDA:0,(anonymous_11)
DA:1,0
DA:2,0
DA:3,0
DA:4,0
DA:5,0
DA:7,0
DA:9,0
DA:13,0
DA:14,0
DA:24,0
DA:25,0
DA:26,0
DA:27,0
DA:28,0
DA:29,0
DA:34,0
DA:37,0
DA:38,0
DA:39,0
DA:40,0
DA:48,0
DA:51,0
DA:52,0
DA:53,0
DA:54,0
DA:65,0
DA:66,0
DA:67,0
DA:71,0
DA:72,0
DA:73,0
DA:75,0
DA:81,0
DA:82,0
DA:83,0
DA:84,0
DA:85,0
DA:86,0
DA:87,0
DA:96,0
DA:97,0
DA:98,0
DA:131,0
DA:143,0
LF:44
LH:0
BRDA:102,0,0,0
BRDA:102,0,1,0
BRDA:117,1,0,0
BRDA:117,1,1,0
BRDA:118,2,0,0
BRDA:118,2,1,0
BRF:6
BRH:0
end_of_record
TN:
SF:/Users/krystalfoster/Desktop/join-messenger-app/src/components/emergency/EmergencyNumberStatic.jsx
FN:6,(anonymous_1)
FNF:1
FNH:0
FNDA:0,(anonymous_1)
DA:1,0
DA:2,0
DA:4,0
DA:6,0
DA:7,0
DA:8,0
DA:9,0
DA:88,0
DA:119,0
LF:9
LH:0
BRDA:12,0,0,0
BRDA:12,0,1,0
BRDA:13,1,0,0
BRDA:13,1,1,0
BRDA:13,1,2,0
BRDA:17,2,0,0
BRDA:17,2,1,0
BRDA:26,3,0,0
BRDA:26,3,1,0
BRDA:27,4,0,0
BRDA:27,4,1,0
BRDA:28,5,0,0
BRDA:28,5,1,0
BRDA:29,6,0,0
BRDA:29,6,1,0
BRDA:32,7,0,0
BRDA:32,7,1,0
BRDA:33,8,0,0
BRDA:33,8,1,0
BRDA:37,9,0,0
BRDA:37,9,1,0
BRDA:41,10,0,0
BRDA:41,10,1,0
BRDA:43,11,0,0
BRDA:43,11,1,0
BRDA:45,12,0,0
BRDA:45,12,1,0
BRDA:46,13,0,0
BRDA:46,13,1,0
BRDA:49,14,0,0
BRDA:49,14,1,0
BRDA:50,15,0,0
BRDA:50,15,1,0
BRDA:56,16,0,0
BRDA:56,16,1,0
BRDA:60,17,0,0
BRDA:60,17,1,0
BRDA:62,18,0,0
BRDA:62,18,1,0
BRDA:64,19,0,0
BRDA:64,19,1,0
BRDA:65,20,0,0
BRDA:65,20,1,0
BRDA:68,21,0,0
BRDA:68,21,1,0
BRDA:69,22,0,0
BRDA:69,22,1,0
BRF:47
BRH:0
end_of_record
TN:
SF:/Users/krystalfoster/Desktop/join-messenger-app/src/components/fields/Fields.jsx
FN:5,(anonymous_1)
FN:7,(anonymous_2)
FNF:2
FNH:0
FNDA:0,(anonymous_1)
FNDA:0,(anonymous_2)
DA:1,0
DA:2,0
DA:3,0
DA:5,0
DA:6,0
DA:8,0
DA:20,0
DA:36,0
LF:8
LH:0
BRF:0
BRH:0
end_of_record
TN:
SF:/Users/krystalfoster/Desktop/join-messenger-app/src/components/forgot-password-form/ForgotPasswordForm.jsx
FN:11,(anonymous_1)
FN:23,(anonymous_2)
FN:34,(anonymous_3)
FN:40,(anonymous_4)
FNF:4
FNH:0
FNDA:0,(anonymous_1)
FNDA:0,(anonymous_2)
FNDA:0,(anonymous_3)
FNDA:0,(anonymous_4)
DA:1,0
DA:2,0
DA:3,0
DA:4,0
DA:5,0
DA:8,0
DA:12,0
DA:14,0
DA:15,0
DA:17,0
DA:24,0
DA:25,0
DA:26,0
DA:28,0
DA:35,0
DA:36,0
DA:37,0
DA:41,0
DA:42,0
DA:43,0
DA:45,0
DA:79,0
DA:85,0
LF:23
LH:0
BRDA:25,0,0,0
BRDA:25,0,1,0
BRDA:67,1,0,0
BRDA:67,1,1,0
BRDA:73,2,0,0
BRDA:73,2,1,0
BRF:6
BRH:0
end_of_record
TN:
SF:/Users/krystalfoster/Desktop/join-messenger-app/src/components/forms/EmergencyNumberCreate.jsx
FN:16,(anonymous_1)
FN:21,(anonymous_2)
FN:57,(anonymous_3)
FN:67,(anonymous_4)
FN:74,(anonymous_5)
FN:82,(anonymous_6)
FN:83,(anonymous_7)
FN:88,(anonymous_8)
FN:92,(anonymous_9)
FN:112,(anonymous_10)
FN:120,(anonymous_11)
FNF:11
FNH:0
FNDA:0,(anonymous_1)
FNDA:0,(anonymous_2)
FNDA:0,(anonymous_3)
FNDA:0,(anonymous_4)
FNDA:0,(anonymous_5)
FNDA:0,(anonymous_6)
FNDA:0,(anonymous_7)
FNDA:0,(anonymous_8)
FNDA:0,(anonymous_9)
FNDA:0,(anonymous_10)
FNDA:0,(anonymous_11)
DA:1,0
DA:2,0
DA:3,0
DA:4,0
DA:5,0
DA:6,0
DA:7,0
DA:8,0
DA:11,0
DA:13,0
DA:17,0
DA:18,0
DA:22,0
DA:24,0
DA:25,0
DA:26,0
DA:29,0
DA:32,0
DA:33,0
DA:58,0
DA:59,0
DA:60,0
DA:62,0
DA:68,0
DA:69,0
DA:70,0
DA:71,0
DA:72,0
DA:73,0
DA:74,0
DA:83,0
DA:89,0
DA:92,0
DA:93,0
DA:100,0
DA:101,0
DA:112,0
DA:114,0
DA:115,0
DA:117,0
DA:121,0
DA:245,0
LF:42
LH:0
BRDA:17,0,0,0
BRDA:17,0,1,0
BRDA:59,1,0,0
BRDA:59,1,1,0
BRDA:115,2,0,0
BRDA:115,2,1,0
BRDA:187,3,0,0
BRDA:187,3,1,0
BRDA:234,4,0,0
BRDA:234,4,1,0
BRF:10
BRH:0
end_of_record
TN:
SF:/Users/krystalfoster/Desktop/join-messenger-app/src/components/forms/EmergencyNumberEdit.jsx
FN:4,(anonymous_1)
FN:5,(anonymous_2)
FN:80,(anonymous_3)
FNF:3
FNH:0
FNDA:0,(anonymous_1)
FNDA:0,(anonymous_2)
FNDA:0,(anonymous_3)
DA:1,0
DA:2,0
DA:4,0
DA:5,0
DA:6,0
DA:7,0
DA:9,0
DA:80,0
DA:89,0
DA:115,0
LF:10
LH:0
BRDA:26,0,0,0
BRDA:26,0,1,0
BRDA:33,1,0,0
BRDA:33,1,1,0
BRDA:36,2,0,0
BRDA:36,2,1,0
BRDA:36,2,2,0
BRDA:41,3,0,0
BRDA:41,3,1,0
BRDA:45,4,0,0
BRDA:45,4,1,0
BRDA:50,5,0,0
BRDA:50,5,1,0
BRDA:56,6,0,0
BRDA:56,6,1,0
BRDA:56,6,2,0
BRF:16
BRH:0
end_of_record
TN:
SF:/Users/krystalfoster/Desktop/join-messenger-app/src/components/header/Header.jsx
FN:7,(anonymous_1)
FN:16,(anonymous_2)
FN:20,(anonymous_3)
FNF:3
FNH:0
FNDA:0,(anonymous_1)
FNDA:0,(anonymous_2)
FNDA:0,(anonymous_3)
DA:1,0
DA:2,0
DA:4,0
DA:8,0
DA:16,0
DA:17,0
DA:19,0
DA:20,0
DA:22,0
DA:34,0
DA:42,0
LF:11
LH:0
BRDA:9,0,0,0
BRDA:9,0,1,0
BRDA:10,1,0,0
BRDA:10,1,1,0
BRDA:11,2,0,0
BRDA:11,2,1,0
BRDA:20,3,0,0
BRDA:20,3,1,0
BRDA:19,4,0,0
BRDA:19,4,1,0
BRDA:25,5,0,0
BRDA:25,5,1,0
BRDA:27,6,0,0
BRDA:27,6,1,0
BRDA:27,6,2,0
BRDA:28,7,0,0
BRDA:28,7,1,0
BRF:17
BRH:0
end_of_record
TN:
SF:/Users/krystalfoster/Desktop/join-messenger-app/src/components/icon/Icon.jsx
FN:37,(anonymous_1)
FN:46,(anonymous_2)
FN:54,(anonymous_3)
FN:62,(anonymous_4)
FN:70,(anonymous_5)
FN:78,(anonymous_6)
FN:87,(anonymous_7)
FN:96,(anonymous_8)
FN:104,(anonymous_9)
FN:112,(anonymous_10)
FN:121,(anonymous_11)
FN:129,(anonymous_12)
FN:137,(anonymous_13)
FN:145,(anonymous_14)
FN:153,(anonymous_15)
FN:161,(anonymous_16)
FN:169,(anonymous_17)
FN:178,(anonymous_18)
FN:186,(anonymous_19)
FN:194,(anonymous_20)
FN:202,(anonymous_21)
FN:210,(anonymous_22)
FN:223,(anonymous_23)
FN:231,(anonymous_24)
FN:239,(anonymous_25)
FN:247,(anonymous_26)
FNF:26
FNH:0
FNDA:0,(anonymous_1)
FNDA:0,(anonymous_2)
FNDA:0,(anonymous_3)
FNDA:0,(anonymous_4)
FNDA:0,(anonymous_5)
FNDA:0,(anonymous_6)
FNDA:0,(anonymous_7)
FNDA:0,(anonymous_8)
FNDA:0,(anonymous_9)
FNDA:0,(anonymous_10)
FNDA:0,(anonymous_11)
FNDA:0,(anonymous_12)
FNDA:0,(anonymous_13)
FNDA:0,(anonymous_14)
FNDA:0,(anonymous_15)
FNDA:0,(anonymous_16)
FNDA:0,(anonymous_17)
FNDA:0,(anonymous_18)
FNDA:0,(anonymous_19)
FNDA:0,(anonymous_20)
FNDA:0,(anonymous_21)
FNDA:0,(anonymous_22)
FNDA:0,(anonymous_23)
FNDA:0,(anonymous_24)
FNDA:0,(anonymous_25)
FNDA:0,(anonymous_26)
DA:1,0
DA:2,0
DA:3,0
DA:38,0
DA:47,0
DA:55,0
DA:63,0
DA:71,0
DA:79,0
DA:88,0
DA:97,0
DA:105,0
DA:113,0
DA:122,0
DA:130,0
DA:138,0
DA:146,0
DA:154,0
DA:162,0
DA:170,0
DA:179,0
DA:187,0
DA:195,0
DA:203,0
DA:211,0
DA:224,0
DA:232,0
DA:240,0
DA:247,0
DA:248,0
DA:249,0
DA:250,0
DA:258,0
DA:263,0
LF:34
LH:0
BRF:0
BRH:0
end_of_record
TN:
SF:/Users/krystalfoster/Desktop/join-messenger-app/src/components/input/Input.jsx
FN:9,InputContent
FN:104,(anonymous_2)
FN:110,(anonymous_3)
FNF:3
FNH:0
FNDA:0,InputContent
FNDA:0,(anonymous_2)
FNDA:0,(anonymous_3)
DA:1,0
DA:2,0
DA:3,0
DA:4,0
DA:5,0
DA:7,0
DA:26,0
DA:41,0
DA:42,0
DA:59,0
DA:60,0
DA:72,0
DA:73,0
DA:87,0
DA:88,0
DA:100,0
DA:104,0
DA:105,0
DA:108,0
DA:110,0
DA:114,0
DA:124,0
DA:130,0
LF:23
LH:0
BRDA:30,0,0,0
BRDA:30,0,1,0
BRDA:41,1,0,0
BRDA:41,1,1,0
BRDA:59,2,0,0
BRDA:59,2,1,0
BRDA:62,3,0,0
BRDA:62,3,1,0
BRDA:67,4,0,0
BRDA:67,4,1,0
BRDA:72,5,0,0
BRDA:72,5,1,0
BRDA:87,6,0,0
BRDA:87,6,1,0
BRDA:109,7,0,0
BRDA:109,7,1,0
BRF:16
BRH:0
end_of_record
TN:
SF:/Users/krystalfoster/Desktop/join-messenger-app/src/components/input/RadioArray.jsx
FN:7,(anonymous_1)
FN:14,(anonymous_2)
FN:53,(anonymous_3)
FNF:3
FNH:0
FNDA:0,(anonymous_1)
FNDA:0,(anonymous_2)
FNDA:0,(anonymous_3)
DA:1,0
DA:2,0
DA:4,0
DA:7,0
DA:8,0
DA:9,0
DA:15,0
DA:16,0
DA:37,0
DA:50,0
LF:10
LH:0
BRDA:11,0,0,0
BRDA:11,0,1,0
BRDA:11,0,2,0
BRF:3
BRH:0
end_of_record
TN:
SF:/Users/krystalfoster/Desktop/join-messenger-app/src/components/input/Toggle.jsx
FN:6,(anonymous_1)
FN:16,(anonymous_2)
FN:18,(anonymous_3)
FN:21,(anonymous_4)
FN:27,(anonymous_5)
FN:62,(anonymous_6)
FNF:6
FNH:0
FNDA:0,(anonymous_1)
FNDA:0,(anonymous_2)
FNDA:0,(anonymous_3)
FNDA:0,(anonymous_4)
FNDA:0,(anonymous_5)
FNDA:0,(anonymous_6)
DA:2,0
DA:3,0
DA:7,0
DA:9,0
DA:11,0
DA:17,0
DA:18,0
DA:22,0
DA:27,0
DA:28,0
DA:29,0
DA:51,0
DA:60,0
LF:13
LH:0
BRF:0
BRH:0
end_of_record
TN:
SF:/Users/krystalfoster/Desktop/join-messenger-app/src/components/issue/Attachments.jsx
FN:4,(anonymous_1)
FNF:1
FNH:0
FNDA:0,(anonymous_1)
DA:1,0
DA:2,0
DA:4,0
DA:5,0
DA:20,0
LF:5
LH:0
BRDA:5,0,0,0
BRDA:5,0,1,0
BRF:2
BRH:0
end_of_record
TN:
SF:/Users/krystalfoster/Desktop/join-messenger-app/src/components/issue/IssueSubmit.jsx
FN:5,(anonymous_1)
FNF:1
FNH:0
FNDA:0,(anonymous_1)
DA:1,0
DA:2,0
DA:3,0
DA:5,0
DA:6,0
DA:26,0
LF:6
LH:0
BRDA:6,0,0,0
BRDA:6,0,1,0
BRDA:7,1,0,0
BRDA:7,1,1,0
BRDA:8,2,0,0
BRDA:8,2,1,0
BRDA:11,3,0,0
BRDA:11,3,1,0
BRF:8
BRH:0
end_of_record
TN:
SF:/Users/krystalfoster/Desktop/join-messenger-app/src/components/issue/IssueSummary.jsx
FN:5,(anonymous_1)
FN:32,(anonymous_2)
FNF:2
FNH:0
FNDA:0,(anonymous_1)
FNDA:0,(anonymous_2)
DA:1,0
DA:2,0
DA:3,0
DA:5,0
DA:6,0
DA:32,0
DA:45,0
LF:7
LH:0
BRF:0
BRH:0
end_of_record
TN:
SF:/Users/krystalfoster/Desktop/join-messenger-app/src/components/issue/SelectIssue.jsx
FN:5,(anonymous_1)
FN:12,(anonymous_2)
FNF:2
FNH:0
FNDA:0,(anonymous_1)
FNDA:0,(anonymous_2)
DA:1,0
DA:2,0
DA:3,0
DA:5,0
DA:6,0
DA:13,0
DA:14,0
DA:30,0
DA:37,0
LF:9
LH:0
BRDA:6,0,0,0
BRDA:6,0,1,0
BRF:2
BRH:0
end_of_record
TN:
SF:/Users/krystalfoster/Desktop/join-messenger-app/src/components/issue/Urgency.jsx
FN:24,(anonymous_1)
FN:43,(anonymous_2)
FNF:2
FNH:0
FNDA:0,(anonymous_1)
FNDA:0,(anonymous_2)
DA:1,0
DA:2,0
DA:3,0
DA:4,0
DA:6,0
DA:24,0
DA:25,0
DA:44,0
DA:58,0
DA:65,0
LF:10
LH:0
BRDA:25,0,0,0
BRDA:25,0,1,0
BRDA:34,1,0,0
BRDA:34,1,1,0
BRDA:42,2,0,0
BRDA:42,2,1,0
BRF:6
BRH:0
end_of_record
TN:
SF:/Users/krystalfoster/Desktop/join-messenger-app/src/components/list/ContactsList.jsx
FN:5,ContactsList
FN:10,(anonymous_2)
FNF:2
FNH:0
FNDA:0,ContactsList
FNDA:0,(anonymous_2)
DA:1,0
DA:2,0
DA:3,0
DA:6,0
DA:11,0
DA:12,0
DA:42,0
DA:46,0
LF:8
LH:0
BRDA:8,0,0,0
BRDA:8,0,1,0
BRDA:8,0,2,0
BRDA:18,1,0,0
BRDA:18,1,1,0
BRDA:26,2,0,0
BRDA:26,2,1,0
BRF:7
BRH:0
end_of_record
TN:
SF:/Users/krystalfoster/Desktop/join-messenger-app/src/components/list/List.jsx
FN:10,List
FN:15,(anonymous_2)
FN:26,(anonymous_3)
FN:46,(anonymous_4)
FN:57,(anonymous_5)
FNF:5
FNH:0
FNDA:0,List
FNDA:0,(anonymous_2)
FNDA:0,(anonymous_3)
FNDA:0,(anonymous_4)
FNDA:0,(anonymous_5)
DA:1,0
DA:2,0
DA:3,0
DA:4,0
DA:5,0
DA:6,0
DA:8,0
DA:11,0
DA:16,0
DA:18,0
DA:20,0
DA:23,0
DA:26,0
DA:47,0
DA:57,0
DA:74,0
DA:83,0
DA:92,0
LF:18
LH:0
BRDA:13,0,0,0
BRDA:13,0,1,0
BRDA:13,0,2,0
BRDA:18,1,0,0
BRDA:18,1,1,0
BRDA:21,2,0,0
BRDA:21,2,1,0
BRDA:20,3,0,0
BRDA:20,3,1,0
BRDA:26,4,0,0
BRDA:26,4,1,0
BRDA:29,5,0,0
BRDA:29,5,1,0
BRDA:37,6,0,0
BRDA:37,6,1,0
BRDA:37,7,0,0
BRDA:37,7,1,0
BRDA:37,7,2,0
BRDA:41,8,0,0
BRDA:41,8,1,0
BRDA:41,8,2,0
BRDA:41,8,3,0
BRDA:47,9,0,0
BRDA:47,9,1,0
BRDA:52,10,0,0
BRDA:52,10,1,0
BRDA:65,11,0,0
BRDA:65,11,1,0
BRF:28
BRH:0
end_of_record
TN:
SF:/Users/krystalfoster/Desktop/join-messenger-app/src/components/list/PropertyManagersList.jsx
FN:5,PropertyManagersList
FN:10,(anonymous_2)
FNF:2
FNH:0
FNDA:0,PropertyManagersList
FNDA:0,(anonymous_2)
DA:1,0
DA:2,0
DA:3,0
DA:6,0
DA:11,0
DA:12,0
DA:36,0
DA:41,0
LF:8
LH:0
BRDA:8,0,0,0
BRDA:8,0,1,0
BRDA:8,0,2,0
BRDA:21,1,0,0
BRDA:21,1,1,0
BRDA:25,2,0,0
BRDA:25,2,1,0
BRF:7
BRH:0
end_of_record
TN:
SF:/Users/krystalfoster/Desktop/join-messenger-app/src/components/list/TicketsList.jsx
FN:7,TicketsList
FN:12,(anonymous_2)
FNF:2
FNH:0
FNDA:0,TicketsList
FNDA:0,(anonymous_2)
DA:1,0
DA:2,0
DA:3,0
DA:4,0
DA:5,0
DA:8,0
DA:22,0
DA:23,0
DA:24,0
DA:25,0
DA:26,0
DA:29,0
DA:85,0
DA:101,0
LF:14
LH:0
BRDA:10,0,0,0
BRDA:10,0,1,0
BRDA:10,0,2,0
BRDA:25,1,0,0
BRDA:25,1,1,0
BRDA:35,2,0,0
BRDA:35,2,1,0
BRDA:35,2,2,0
BRDA:45,3,0,0
BRDA:45,3,1,0
BRDA:45,3,2,0
BRDA:47,4,0,0
BRDA:47,4,1,0
BRDA:52,5,0,0
BRDA:52,5,1,0
BRDA:52,5,2,0
BRDA:56,6,0,0
BRDA:56,6,1,0
BRDA:67,7,0,0
BRDA:67,7,1,0
BRDA:76,8,0,0
BRDA:76,8,1,0
BRF:22
BRH:0
end_of_record
TN:
SF:/Users/krystalfoster/Desktop/join-messenger-app/src/components/login/LoginForm.jsx
FN:11,(anonymous_1)
FN:27,(anonymous_2)
FN:37,(anonymous_3)
FN:41,(anonymous_4)
FN:50,(anonymous_5)
FNF:5
FNH:0
FNDA:0,(anonymous_1)
FNDA:0,(anonymous_2)
FNDA:0,(anonymous_3)
FNDA:0,(anonymous_4)
FNDA:0,(anonymous_5)
DA:1,0
DA:2,0
DA:3,0
DA:4,0
DA:5,0
DA:6,0
DA:8,0
DA:12,0
DA:14,0
DA:15,0
DA:16,0
DA:18,0
DA:28,0
DA:29,0
DA:30,0
DA:32,0
DA:38,0
DA:42,0
DA:43,0
DA:44,0
DA:50,0
DA:51,0
DA:52,0
DA:53,0
DA:54,0
DA:56,0
DA:57,0
DA:60,0
DA:108,0
DA:113,0
LF:30
LH:0
BRDA:29,0,0,0
BRDA:29,0,1,0
BRDA:52,1,0,0
BRDA:52,1,1,0
BRDA:54,2,0,0
BRDA:54,2,1,0
BRDA:56,3,0,0
BRDA:56,3,1,0
BRDA:93,4,0,0
BRDA:93,4,1,0
BRDA:102,5,0,0
BRDA:102,5,1,0
BRF:12
BRH:0
end_of_record
TN:
SF:/Users/krystalfoster/Desktop/join-messenger-app/src/components/login/LoginWithGoogle.jsx
FN:6,(anonymous_1)
FNF:1
FNH:0
FNDA:0,(anonymous_1)
DA:1,0
DA:2,0
DA:3,0
DA:4,0
DA:6,0
DA:7,0
DA:17,0
LF:7
LH:0
BRF:0
BRH:0
end_of_record
TN:
SF:/Users/krystalfoster/Desktop/join-messenger-app/src/components/login/LogoutButton.jsx
FN:6,(anonymous_1)
FNF:1
FNH:0
FNDA:0,(anonymous_1)
DA:1,0
DA:2,0
DA:3,0
DA:4,0
DA:6,0
DA:7,0
DA:15,0
LF:7
LH:0
BRF:0
BRH:0
end_of_record
TN:
SF:/Users/krystalfoster/Desktop/join-messenger-app/src/components/modal/TicketModal.jsx
FN:13,(anonymous_1)
FN:20,(anonymous_2)
FN:30,(anonymous_3)
FN:34,(anonymous_4)
FN:35,(anonymous_5)
FN:38,(anonymous_6)
FN:57,(anonymous_7)
FN:63,(anonymous_8)
FN:76,(anonymous_9)
FN:84,(anonymous_10)
FNF:10
FNH:0
FNDA:0,(anonymous_1)
FNDA:0,(anonymous_2)
FNDA:0,(anonymous_3)
FNDA:0,(anonymous_4)
FNDA:0,(anonymous_5)
FNDA:0,(anonymous_6)
FNDA:0,(anonymous_7)
FNDA:0,(anonymous_8)
FNDA:0,(anonymous_9)
FNDA:0,(anonymous_10)
DA:1,0
DA:2,0
DA:3,0
DA:4,0
DA:5,0
DA:6,0
DA:7,0
DA:10,0
DA:14,0
DA:16,0
DA:17,0
DA:19,0
DA:20,0
DA:23,0
DA:25,0
DA:31,0
DA:35,0
DA:38,0
DA:39,0
DA:49,0
DA:50,0
DA:51,0
DA:52,0
DA:57,0
DA:63,0
DA:68,0
DA:77,0
DA:85,0
DA:151,0
LF:29
LH:0
BRDA:26,0,0,0
BRDA:26,0,1,0
BRDA:31,1,0,0
BRDA:31,1,1,0
BRDA:53,2,0,0
BRDA:53,2,1,0
BRDA:70,3,0,0
BRDA:70,3,1,0
BRDA:92,4,0,0
BRDA:92,4,1,0
BRDA:101,5,0,0
BRDA:101,5,1,0
BRDA:112,6,0,0
BRDA:112,6,1,0
BRDA:136,7,0,0
BRDA:136,7,1,0
BRF:16
BRH:0
end_of_record
TN:
SF:/Users/krystalfoster/Desktop/join-messenger-app/src/components/multi-select/MultiSelect.jsx
FN:9,(anonymous_1)
FN:19,(anonymous_2)
FN:21,(anonymous_3)
FN:23,(anonymous_4)
FN:23,(anonymous_5)
FN:27,(anonymous_6)
FN:28,(anonymous_7)
FN:29,(anonymous_8)
FN:32,(anonymous_9)
FN:46,(anonymous_10)
FNF:10
FNH:0
FNDA:0,(anonymous_1)
FNDA:0,(anonymous_2)
FNDA:0,(anonymous_3)
FNDA:0,(anonymous_4)
FNDA:0,(anonymous_5)
FNDA:0,(anonymous_6)
FNDA:0,(anonymous_7)
FNDA:0,(anonymous_8)
FNDA:0,(anonymous_9)
FNDA:0,(anonymous_10)
DA:1,0
DA:2,0
DA:3,0
DA:4,0
DA:6,0
DA:10,0
DA:11,0
DA:15,0
DA:16,0
DA:20,0
DA:21,0
DA:23,0
DA:28,0
DA:29,0
DA:32,0
DA:33,0
DA:34,0
DA:47,0
DA:60,0
DA:66,0
LF:20
LH:0
BRDA:20,0,0,0
BRDA:20,0,1,0
BRF:2
BRH:0
end_of_record
TN:
SF:/Users/krystalfoster/Desktop/join-messenger-app/src/components/navigation/AdminMenu.jsx
FN:7,AdminMenu
FNF:1
FNH:0
FNDA:0,AdminMenu
DA:1,0
DA:2,0
DA:3,0
DA:4,0
DA:5,0
DA:8,0
DA:134,0
DA:141,0
LF:8
LH:0
BRDA:10,0,0,0
BRDA:10,0,1,0
BRDA:10,0,2,0
BRF:3
BRH:0
end_of_record
TN:
SF:/Users/krystalfoster/Desktop/join-messenger-app/src/components/navigation/Navigation.jsx
FN:13,(anonymous_1)
FN:25,(anonymous_2)
FN:26,(anonymous_3)
FN:29,(anonymous_4)
FNF:4
FNH:0
FNDA:0,(anonymous_1)
FNDA:0,(anonymous_2)
FNDA:0,(anonymous_3)
FNDA:0,(anonymous_4)
DA:1,0
DA:2,0
DA:3,0
DA:4,0
DA:5,0
DA:6,0
DA:8,0
DA:10,0
DA:14,0
DA:16,0
DA:18,0
DA:20,0
DA:26,0
DA:29,0
DA:30,0
DA:31,0
DA:32,0
DA:33,0
DA:34,0
DA:67,0
DA:71,0
DA:76,0
LF:22
LH:0
BRDA:33,0,0,0
BRDA:33,0,1,0
BRDA:36,1,0,0
BRDA:36,1,1,0
BRDA:42,2,0,0
BRDA:42,2,1,0
BRDA:42,2,2,0
BRDA:55,3,0,0
BRDA:55,3,1,0
BRDA:55,3,2,0
BRF:10
BRH:0
end_of_record
TN:
SF:/Users/krystalfoster/Desktop/join-messenger-app/src/components/navigation/NavigationContent.jsx
FN:11,(anonymous_1)
FNF:1
FNH:0
FNDA:0,(anonymous_1)
DA:1,0
DA:2,0
DA:3,0
DA:4,0
DA:5,0
DA:6,0
DA:7,0
DA:11,0
DA:12,0
DA:13,0
DA:14,0
DA:51,0
DA:58,0
LF:13
LH:0
BRDA:15,0,0,0
BRDA:15,0,1,0
BRDA:16,1,0,0
BRDA:16,1,1,0
BRDA:16,1,2,0
BRDA:16,1,3,0
BRDA:27,2,0,0
BRDA:27,2,1,0
BRDA:27,2,2,0
BRDA:36,3,0,0
BRDA:36,3,1,0
BRDA:36,3,2,0
BRF:12
BRH:0
end_of_record
TN:
SF:/Users/krystalfoster/Desktop/join-messenger-app/src/components/navigation/StaffMenu.jsx
FN:7,StaffMenu
FNF:1
FNH:0
FNDA:0,StaffMenu
DA:1,0
DA:2,0
DA:3,0
DA:4,0
DA:5,0
DA:8,0
DA:66,0
DA:73,0
LF:8
LH:0
BRDA:10,0,0,0
BRDA:10,0,1,0
BRDA:10,0,2,0
BRF:3
BRH:0
end_of_record
TN:
SF:/Users/krystalfoster/Desktop/join-messenger-app/src/components/new-property/NewProperty.jsx
FN:6,(anonymous_1)
FNF:1
FNH:0
FNDA:0,(anonymous_1)
DA:1,0
DA:2,0
DA:3,0
DA:4,0
DA:6,0
DA:7,0
DA:56,0
DA:65,0
LF:8
LH:0
BRF:0
BRH:0
end_of_record
TN:
SF:/Users/krystalfoster/Desktop/join-messenger-app/src/components/new-property-manager/NewPropertyManager.jsx
FN:5,(anonymous_1)
FNF:1
FNH:0
FNDA:0,(anonymous_1)
DA:1,0
DA:2,0
DA:3,0
DA:5,0
DA:6,0
DA:34,0
LF:6
LH:0
BRF:0
BRH:0
end_of_record
TN:
SF:/Users/krystalfoster/Desktop/join-messenger-app/src/components/notes/Notes.jsx
FN:10,(anonymous_1)
FN:29,(anonymous_2)
FNF:2
FNH:0
FNDA:0,(anonymous_1)
FNDA:0,(anonymous_2)
DA:1,0
DA:2,0
DA:3,0
DA:5,0
DA:10,0
DA:11,0
DA:12,0
DA:13,0
DA:30,0
DA:47,0
DA:53,0
LF:11
LH:0
BRDA:15,0,0,0
BRDA:15,0,1,0
BRDA:21,1,0,0
BRDA:21,1,1,0
BRDA:25,2,0,0
BRDA:25,2,1,0
BRDA:27,3,0,0
BRDA:27,3,1,0
BRDA:27,3,2,0
BRF:9
BRH:0
end_of_record
TN:
SF:/Users/krystalfoster/Desktop/join-messenger-app/src/components/search/Search.jsx
FN:8,(anonymous_1)
FN:28,(anonymous_2)
FN:35,(anonymous_3)
FN:47,(anonymous_4)
FN:54,(anonymous_5)
FN:60,(anonymous_6)
FN:67,(anonymous_7)
FN:70,(anonymous_8)
FN:73,(anonymous_9)
FN:74,(anonymous_10)
FN:77,(anonymous_11)
FN:78,(anonymous_12)
FN:83,(anonymous_13)
FN:93,(anonymous_14)
FN:94,(anonymous_15)
FN:103,(anonymous_16)
FN:112,(anonymous_17)
FN:115,(anonymous_18)
FN:116,(anonymous_19)
FN:121,(anonymous_20)
FN:141,(anonymous_21)
FN:148,(anonymous_22)
FN:149,(anonymous_23)
FN:157,(anonymous_24)
FN:160,(anonymous_25)
FNF:25
FNH:0
FNDA:0,(anonymous_1)
FNDA:0,(anonymous_2)
FNDA:0,(anonymous_3)
FNDA:0,(anonymous_4)
FNDA:0,(anonymous_5)
FNDA:0,(anonymous_6)
FNDA:0,(anonymous_7)
FNDA:0,(anonymous_8)
FNDA:0,(anonymous_9)
FNDA:0,(anonymous_10)
FNDA:0,(anonymous_11)
FNDA:0,(anonymous_12)
FNDA:0,(anonymous_13)
FNDA:0,(anonymous_14)
FNDA:0,(anonymous_15)
FNDA:0,(anonymous_16)
FNDA:0,(anonymous_17)
FNDA:0,(anonymous_18)
FNDA:0,(anonymous_19)
FNDA:0,(anonymous_20)
FNDA:0,(anonymous_21)
FNDA:0,(anonymous_22)
FNDA:0,(anonymous_23)
FNDA:0,(anonymous_24)
FNDA:0,(anonymous_25)
DA:1,0
DA:2,0
DA:3,0
DA:5,0
DA:9,0
DA:11,0
DA:12,0
DA:13,0
DA:14,0
DA:15,0
DA:16,0
DA:17,0
DA:18,0
DA:19,0
DA:21,0
DA:29,0
DA:30,0
DA:32,0
DA:36,0
DA:37,0
DA:38,0
DA:40,0
DA:41,0
DA:43,0
DA:48,0
DA:49,0
DA:51,0
DA:55,0
DA:56,0
DA:57,0
DA:61,0
DA:62,0
DA:63,0
DA:64,0
DA:68,0
DA:70,0
DA:73,0
DA:74,0
DA:77,0
DA:78,0
DA:85,0
DA:86,0
DA:87,0
DA:89,0
DA:94,0
DA:95,0
DA:97,0
DA:98,0
DA:100,0
DA:104,0
DA:105,0
DA:107,0
DA:112,0
DA:113,0
DA:114,0
DA:115,0
DA:116,0
DA:117,0
DA:119,0
DA:121,0
DA:142,0
DA:148,0
DA:149,0
DA:158,0
DA:160,0
DA:173,0
DA:181,0
LF:67
LH:0
BRDA:29,0,0,0
BRDA:29,0,1,0
BRDA:29,1,0,0
BRDA:29,1,1,0
BRDA:37,2,0,0
BRDA:37,2,1,0
BRDA:37,3,0,0
BRDA:37,3,1,0
BRDA:37,3,2,0
BRDA:40,4,0,0
BRDA:40,4,1,0
BRDA:48,5,0,0
BRDA:48,5,1,0
BRDA:48,6,0,0
BRDA:48,6,1,0
BRDA:73,7,0,0
BRDA:73,7,1,0
BRDA:86,8,0,0
BRDA:86,8,1,0
BRDA:94,9,0,0
BRDA:94,9,1,0
BRDA:94,10,0,0
BRDA:94,10,1,0
BRDA:97,11,0,0
BRDA:97,11,1,0
BRDA:139,12,0,0
BRDA:139,12,1,0
BRDA:139,12,2,0
BRDA:155,13,0,0
BRDA:155,13,1,0
BRF:30
BRH:0
end_of_record
TN:
SF:/Users/krystalfoster/Desktop/join-messenger-app/src/components/search-form/SearchForm.jsx
FN:8,(anonymous_1)
FN:21,(anonymous_2)
FN:28,(anonymous_3)
FN:34,(anonymous_4)
FN:44,(anonymous_5)
FN:49,(anonymous_6)
FN:53,(anonymous_7)
FN:64,(anonymous_8)
FNF:8
FNH:0
FNDA:0,(anonymous_1)
FNDA:0,(anonymous_2)
FNDA:0,(anonymous_3)
FNDA:0,(anonymous_4)
FNDA:0,(anonymous_5)
FNDA:0,(anonymous_6)
FNDA:0,(anonymous_7)
FNDA:0,(anonymous_8)
DA:1,0
DA:2,0
DA:3,0
DA:5,0
DA:9,0
DA:11,0
DA:12,0
DA:13,0
DA:14,0
DA:16,0
DA:22,0
DA:23,0
DA:24,0
DA:29,0
DA:30,0
DA:35,0
DA:36,0
DA:37,0
DA:39,0
DA:45,0
DA:46,0
DA:50,0
DA:54,0
DA:65,0
DA:74,0
LF:25
LH:0
BRDA:23,0,0,0
BRDA:23,0,1,0
BRDA:29,1,0,0
BRDA:29,1,1,0
BRDA:35,2,0,0
BRDA:35,2,1,0
BRDA:36,3,0,0
BRDA:36,3,1,0
BRDA:45,4,0,0
BRDA:45,4,1,0
BRF:10
BRH:0
end_of_record
TN:
SF:/Users/krystalfoster/Desktop/join-messenger-app/src/components/signup-form/SignUpForm.jsx
FN:10,(anonymous_1)
FN:24,(anonymous_2)
FN:34,(anonymous_3)
FN:44,(anonymous_4)
FNF:4
FNH:0
FNDA:0,(anonymous_1)
FNDA:0,(anonymous_2)
FNDA:0,(anonymous_3)
FNDA:0,(anonymous_4)
DA:1,0
DA:2,0
DA:3,0
DA:4,0
DA:5,0
DA:7,0
DA:11,0
DA:13,0
DA:14,0
DA:15,0
DA:25,0
DA:26,0
DA:27,0
DA:29,0
DA:35,0
DA:36,0
DA:45,0
DA:47,0
DA:51,0
DA:53,0
DA:138,0
LF:21
LH:0
BRDA:26,0,0,0
BRDA:26,0,1,0
BRDA:47,1,0,0
BRDA:47,1,1,0
BRDA:47,1,2,0
BRDA:51,2,0,0
BRDA:51,2,1,0
BRDA:51,2,2,0
BRDA:51,2,3,0
BRDA:116,3,0,0
BRDA:116,3,1,0
BRF:11
BRH:0
end_of_record
TN:
SF:/Users/krystalfoster/Desktop/join-messenger-app/src/components/spinner/Spinner.jsx
FN:5,(anonymous_1)
FNF:1
FNH:0
FNDA:0,(anonymous_1)
DA:1,0
DA:3,0
DA:5,0
DA:6,0
LF:4
LH:0
BRF:0
BRH:0
end_of_record
TN:
SF:/Users/krystalfoster/Desktop/join-messenger-app/src/components/tickets/ArchivedTickets.jsx
FN:8,ArchivedTickets
FN:13,(anonymous_2)
FNF:2
FNH:0
FNDA:0,ArchivedTickets
FNDA:0,(anonymous_2)
DA:1,0
DA:2,0
DA:3,0
DA:4,0
DA:5,0
DA:6,0
DA:9,0
DA:14,0
DA:15,0
DA:16,0
DA:35,0
DA:39,0
LF:12
LH:0
BRDA:11,0,0,0
BRDA:11,0,1,0
BRDA:11,0,2,0
BRDA:30,1,0,0
BRDA:30,1,1,0
BRF:5
BRH:0
end_of_record
TN:
SF:/Users/krystalfoster/Desktop/join-messenger-app/src/components/tickets/ClosedTickets.jsx
FN:10,(anonymous_1)
FN:22,(anonymous_2)
FN:26,(anonymous_3)
FN:28,(anonymous_4)
FN:35,(anonymous_5)
FN:38,(anonymous_6)
FN:47,(anonymous_7)
FN:52,(anonymous_8)
FN:70,(anonymous_9)
FN:103,(anonymous_10)
FNF:10
FNH:0
FNDA:0,(anonymous_1)
FNDA:0,(anonymous_2)
FNDA:0,(anonymous_3)
FNDA:0,(anonymous_4)
FNDA:0,(anonymous_5)
FNDA:0,(anonymous_6)
FNDA:0,(anonymous_7)
FNDA:0,(anonymous_8)
FNDA:0,(anonymous_9)
FNDA:0,(anonymous_10)
DA:1,0
DA:2,0
DA:3,0
DA:4,0
DA:5,0
DA:6,0
DA:7,0
DA:11,0
DA:13,0
DA:14,0
DA:15,0
DA:17,0
DA:23,0
DA:27,0
DA:28,0
DA:31,0
DA:36,0
DA:37,0
DA:38,0
DA:47,0
DA:48,0
DA:49,0
DA:53,0
DA:54,0
DA:55,0
DA:56,0
DA:71,0
DA:72,0
DA:104,0
DA:105,0
DA:127,0
DA:133,0
LF:32
LH:0
BRDA:27,0,0,0
BRDA:27,0,1,0
BRDA:37,1,0,0
BRDA:37,1,1,0
BRDA:51,2,0,0
BRDA:51,2,1,0
BRDA:54,3,0,0
BRDA:54,3,1,0
BRDA:62,4,0,0
BRDA:62,4,1,0
BRDA:79,5,0,0
BRDA:79,5,1,0
BRDA:87,6,0,0
BRDA:87,6,1,0
BRDA:93,7,0,0
BRDA:93,7,1,0
BRDA:116,8,0,0
BRDA:116,8,1,0
BRDA:116,8,2,0
BRF:19
BRH:0
end_of_record
TN:
SF:/Users/krystalfoster/Desktop/join-messenger-app/src/components/tickets/OngoingTickets.jsx
FN:9,OngoingTickets
FN:15,(anonymous_2)
FNF:2
FNH:0
FNDA:0,OngoingTickets
FNDA:0,(anonymous_2)
DA:1,0
DA:2,0
DA:3,0
DA:4,0
DA:5,0
DA:6,0
DA:7,0
DA:10,0
DA:25,0
DA:26,0
DA:78,0
DA:83,0
LF:12
LH:0
BRDA:12,0,0,0
BRDA:12,0,1,0
BRDA:12,0,2,0
BRDA:35,1,0,0
BRDA:35,1,1,0
BRDA:50,2,0,0
BRDA:50,2,1,0
BRDA:68,3,0,0
BRDA:68,3,1,0
BRDA:68,3,2,0
BRF:10
BRH:0
end_of_record
TN:
SF:/Users/krystalfoster/Desktop/join-messenger-app/src/components/tile/Tile.jsx
FN:8,(anonymous_1)
FN:17,(anonymous_2)
FN:21,(anonymous_3)
FN:25,(anonymous_4)
FN:30,(anonymous_5)
FNF:5
FNH:0
FNDA:0,(anonymous_1)
FNDA:0,(anonymous_2)
FNDA:0,(anonymous_3)
FNDA:0,(anonymous_4)
FNDA:0,(anonymous_5)
DA:1,0
DA:2,0
DA:3,0
DA:4,0
DA:5,0
DA:9,0
DA:18,0
DA:22,0
DA:26,0
DA:31,0
DA:40,0
DA:47,0
LF:12
LH:0
BRF:0
BRH:0
end_of_record
TN:
SF:/Users/krystalfoster/Desktop/join-messenger-app/src/components/user-controls/UserControls.jsx
FN:24,(anonymous_1)
FN:32,(anonymous_2)
FN:38,(anonymous_3)
FN:50,(anonymous_4)
FN:70,(anonymous_5)
FN:79,(anonymous_6)
FN:88,(anonymous_7)
FN:124,(anonymous_8)
FN:134,(anonymous_9)
FN:135,(anonymous_10)
FN:136,(anonymous_11)
FN:137,(anonymous_12)
FNF:12
FNH:0
FNDA:0,(anonymous_1)
FNDA:0,(anonymous_2)
FNDA:0,(anonymous_3)
FNDA:0,(anonymous_4)
FNDA:0,(anonymous_5)
FNDA:0,(anonymous_6)
FNDA:0,(anonymous_7)
FNDA:0,(anonymous_8)
FNDA:0,(anonymous_9)
FNDA:0,(anonymous_10)
FNDA:0,(anonymous_11)
FNDA:0,(anonymous_12)
DA:1,0
DA:2,0
DA:3,0
DA:4,0
DA:5,0
DA:6,0
DA:7,0
DA:8,0
DA:9,0
DA:10,0
DA:11,0
DA:13,0
DA:15,0
DA:25,0
DA:27,0
DA:28,0
DA:29,0
DA:33,0
DA:35,0
DA:36,0
DA:37,0
DA:38,0
DA:39,0
DA:40,0
DA:42,0
DA:46,0
DA:51,0
DA:52,0
DA:53,0
DA:54,0
DA:55,0
DA:57,0
DA:58,0
DA:59,0
DA:62,0
DA:63,0
DA:64,0
DA:71,0
DA:72,0
DA:73,0
DA:74,0
DA:75,0
DA:80,0
DA:81,0
DA:82,0
DA:83,0
DA:89,0
DA:124,0
DA:134,0
DA:135,0
DA:136,0
DA:137,0
DA:140,0
DA:160,0
LF:54
LH:0
BRDA:36,0,0,0
BRDA:36,0,1,0
BRDA:39,1,0,0
BRDA:39,1,1,0
BRDA:39,2,0,0
BRDA:39,2,1,0
BRDA:39,2,2,0
BRDA:54,3,0,0
BRDA:54,3,1,0
BRDA:54,4,0,0
BRDA:54,4,1,0
BRDA:57,5,0,0
BRDA:57,5,1,0
BRDA:57,6,0,0
BRDA:57,6,1,0
BRDA:57,6,2,0
BRDA:57,6,3,0
BRDA:58,7,0,0
BRDA:58,7,1,0
BRDA:63,8,0,0
BRDA:63,8,1,0
BRDA:63,9,0,0
BRDA:63,9,1,0
BRDA:82,10,0,0
BRDA:82,10,1,0
BRDA:82,11,0,0
BRDA:82,11,1,0
BRDA:91,12,0,0
BRDA:91,12,1,0
BRDA:91,12,2,0
BRDA:104,13,0,0
BRDA:104,13,1,0
BRF:32
BRH:0
end_of_record
TN:
SF:/Users/krystalfoster/Desktop/join-messenger-app/src/constants/constants.js
FNF:0
FNH:0
DA:2,1
DA:3,1
DA:22,1
DA:33,1
DA:42,1
DA:73,1
DA:79,1
DA:85,1
DA:94,1
LF:9
LH:9
BRF:0
BRH:0
end_of_record
TN:
SF:/Users/krystalfoster/Desktop/join-messenger-app/src/dux/common.js
FN:49,(anonymous_1)
FN:49,(anonymous_2)
FN:59,(anonymous_3)
FN:59,(anonymous_4)
FNF:4
FNH:0
FNDA:0,(anonymous_1)
FNDA:0,(anonymous_2)
FNDA:0,(anonymous_3)
FNDA:0,(anonymous_4)
DA:2,0
DA:3,0
DA:4,0
DA:5,0
DA:8,0
DA:16,0
DA:18,0
DA:24,0
DA:31,0
DA:37,0
DA:44,0
DA:49,0
DA:50,0
DA:54,0
DA:59,0
DA:60,0
DA:64,0
LF:17
LH:0
BRDA:15,0,0,0
BRDA:17,1,0,0
BRDA:17,1,1,0
BRDA:17,1,2,0
BRDA:17,1,3,0
BRDA:17,1,4,0
BRF:6
BRH:0
end_of_record
TN:
SF:/Users/krystalfoster/Desktop/join-messenger-app/src/dux/emergencyNumbers.js
FN:38,(anonymous_1)
FN:61,(anonymous_2)
FN:68,(anonymous_3)
FN:77,(anonymous_4)
FN:77,(anonymous_5)
FN:90,(anonymous_6)
FN:90,(anonymous_7)
FN:102,(anonymous_8)
FN:102,(anonymous_9)
FN:114,(anonymous_10)
FN:114,(anonymous_11)
FN:121,(anonymous_12)
FN:121,(anonymous_13)
FN:131,(anonymous_14)
FN:131,(anonymous_15)
FN:138,(anonymous_16)
FN:148,(anonymous_17)
FN:148,(anonymous_18)
FN:158,(anonymous_19)
FN:169,(anonymous_20)
FN:169,(anonymous_21)
FN:179,(anonymous_22)
FN:189,(anonymous_23)
FN:189,(anonymous_24)
FN:198,(anonymous_25)
FN:208,(anonymous_26)
FN:208,(anonymous_27)
FNF:27
FNH:0
FNDA:0,(anonymous_1)
FNDA:0,(anonymous_2)
FNDA:0,(anonymous_3)
FNDA:0,(anonymous_4)
FNDA:0,(anonymous_5)
FNDA:0,(anonymous_6)
FNDA:0,(anonymous_7)
FNDA:0,(anonymous_8)
FNDA:0,(anonymous_9)
FNDA:0,(anonymous_10)
FNDA:0,(anonymous_11)
FNDA:0,(anonymous_12)
FNDA:0,(anonymous_13)
FNDA:0,(anonymous_14)
FNDA:0,(anonymous_15)
FNDA:0,(anonymous_16)
FNDA:0,(anonymous_17)
FNDA:0,(anonymous_18)
FNDA:0,(anonymous_19)
FNDA:0,(anonymous_20)
FNDA:0,(anonymous_21)
FNDA:0,(anonymous_22)
FNDA:0,(anonymous_23)
FNDA:0,(anonymous_24)
FNDA:0,(anonymous_25)
FNDA:0,(anonymous_26)
FNDA:0,(anonymous_27)
DA:1,0
DA:3,0
DA:4,0
DA:5,0
DA:6,0
DA:7,0
DA:8,0
DA:9,0
DA:12,0
DA:20,0
DA:22,0
DA:27,0
DA:33,0
DA:38,0
DA:39,0
DA:40,0
DA:48,0
DA:54,0
DA:58,0
DA:59,0
DA:61,0
DA:65,0
DA:66,0
DA:68,0
DA:72,0
DA:77,0
DA:78,0
DA:83,0
DA:90,0
DA:91,0
DA:102,0
DA:103,0
DA:114,0
DA:115,0
DA:121,0
DA:122,0
DA:131,0
DA:132,0
DA:133,0
DA:134,0
DA:138,0
DA:139,0
DA:146,0
DA:148,0
DA:149,0
DA:150,0
DA:151,0
DA:153,0
DA:158,0
DA:159,0
DA:166,0
DA:169,0
DA:170,0
DA:171,0
DA:172,0
DA:174,0
DA:179,0
DA:180,0
DA:187,0
DA:189,0
DA:190,0
DA:191,0
DA:192,0
DA:194,0
DA:198,0
DA:199,0
DA:206,0
DA:208,0
DA:209,0
DA:210,0
DA:211,0
DA:213,0
LF:72
LH:0
BRDA:19,0,0,0
BRDA:21,1,0,0
BRDA:21,1,1,0
BRDA:21,1,2,0
BRDA:21,1,3,0
BRDA:21,1,4,0
BRDA:21,1,5,0
BRDA:21,1,6,0
BRDA:21,1,7,0
BRF:9
BRH:0
end_of_record
TN:
SF:/Users/krystalfoster/Desktop/join-messenger-app/src/dux/lease.js
FNF:0
FNH:0
DA:1,0
LF:1
LH:0
BRF:0
BRH:0
end_of_record
TN:
SF:/Users/krystalfoster/Desktop/join-messenger-app/src/dux/notes.js
FNF:0
FNH:0
DA:1,0
LF:1
LH:0
BRF:0
BRH:0
end_of_record
TN:
SF:/Users/krystalfoster/Desktop/join-messenger-app/src/dux/properties.js
FN:39,(anonymous_1)
FN:39,(anonymous_2)
FN:51,(anonymous_3)
FN:51,(anonymous_4)
FN:70,(anonymous_5)
FN:70,(anonymous_6)
FN:77,(anonymous_7)
FN:87,(anonymous_8)
FN:87,(anonymous_9)
FNF:9
FNH:0
FNDA:0,(anonymous_1)
FNDA:0,(anonymous_2)
FNDA:0,(anonymous_3)
FNDA:0,(anonymous_4)
FNDA:0,(anonymous_5)
FNDA:0,(anonymous_6)
FNDA:0,(anonymous_7)
FNDA:0,(anonymous_8)
FNDA:0,(anonymous_9)
DA:1,0
DA:3,0
DA:4,0
DA:5,0
DA:6,0
DA:9,0
DA:17,0
DA:19,0
DA:24,0
DA:30,0
DA:34,0
DA:39,0
DA:40,0
DA:44,0
DA:51,0
DA:52,0
DA:70,0
DA:71,0
DA:72,0
DA:73,0
DA:77,0
DA:78,0
DA:85,0
DA:87,0
DA:88,0
DA:89,0
DA:90,0
DA:92,0
LF:28
LH:0
BRDA:16,0,0,0
BRDA:18,1,0,0
BRDA:18,1,1,0
BRDA:18,1,2,0
BRDA:18,1,3,0
BRF:5
BRH:0
end_of_record
TN:
SF:/Users/krystalfoster/Desktop/join-messenger-app/src/dux/propertyManagers.js
FN:34,(anonymous_1)
FN:34,(anonymous_2)
FN:51,(anonymous_3)
FN:51,(anonymous_4)
FN:54,(anonymous_5)
FNF:5
FNH:0
FNDA:0,(anonymous_1)
FNDA:0,(anonymous_2)
FNDA:0,(anonymous_3)
FNDA:0,(anonymous_4)
FNDA:0,(anonymous_5)
DA:1,0
DA:3,0
DA:4,0
DA:5,0
DA:8,0
DA:16,0
DA:18,0
DA:23,0
DA:29,0
DA:34,0
DA:35,0
DA:39,0
DA:51,0
DA:52,0
DA:53,0
DA:54,0
DA:55,0
DA:57,0
LF:18
LH:0
BRDA:15,0,0,0
BRDA:17,1,0,0
BRDA:17,1,1,0
BRDA:17,1,2,0
BRDA:55,2,0,0
BRDA:55,2,1,0
BRF:6
BRH:0
end_of_record
TN:
SF:/Users/krystalfoster/Desktop/join-messenger-app/src/dux/reducers.js
FNF:0
FNH:0
DA:1,0
DA:3,0
DA:4,0
DA:5,0
DA:6,0
DA:7,0
LF:6
LH:0
BRF:0
BRH:0
end_of_record
TN:
SF:/Users/krystalfoster/Desktop/join-messenger-app/src/dux/tenants.js
FNF:0
FNH:0
DA:1,0
LF:1
LH:0
BRF:0
BRH:0
end_of_record
TN:
SF:/Users/krystalfoster/Desktop/join-messenger-app/src/dux/tickets.js
FNF:0
FNH:0
DA:1,0
LF:1
LH:0
BRF:0
BRH:0
end_of_record
TN:
SF:/Users/krystalfoster/Desktop/join-messenger-app/src/dux/user.js
FN:40,(anonymous_0)
FN:173,(anonymous_1)
FN:178,(anonymous_2)
FN:178,(anonymous_3)
FN:197,(anonymous_4)
FN:197,(anonymous_5)
FN:207,(anonymous_6)
FN:207,(anonymous_7)
FN:227,(anonymous_8)
FN:227,(anonymous_9)
FN:236,(anonymous_10)
FN:240,(anonymous_11)
FN:275,(anonymous_12)
FN:275,(anonymous_13)
FN:284,(anonymous_14)
FN:284,(anonymous_15)
FN:299,(anonymous_16)
FN:299,(anonymous_17)
FN:314,(anonymous_18)
FN:314,(anonymous_19)
FN:325,(anonymous_20)
FN:325,(anonymous_21)
FN:335,(anonymous_22)
FN:335,(anonymous_23)
FN:344,(anonymous_24)
FN:344,(anonymous_25)
FN:353,(anonymous_26)
FN:353,(anonymous_27)
FN:361,(anonymous_28)
FN:361,(anonymous_29)
FNF:30
FNH:1
FNDA:24,(anonymous_0)
FNDA:0,(anonymous_1)
FNDA:0,(anonymous_2)
FNDA:0,(anonymous_3)
FNDA:0,(anonymous_4)
FNDA:0,(anonymous_5)
FNDA:0,(anonymous_6)
FNDA:0,(anonymous_7)
FNDA:0,(anonymous_8)
FNDA:0,(anonymous_9)
FNDA:0,(anonymous_10)
FNDA:0,(anonymous_11)
FNDA:0,(anonymous_12)
FNDA:0,(anonymous_13)
FNDA:0,(anonymous_14)
FNDA:0,(anonymous_15)
FNDA:0,(anonymous_16)
FNDA:0,(anonymous_17)
FNDA:0,(anonymous_18)
FNDA:0,(anonymous_19)
FNDA:0,(anonymous_20)
FNDA:0,(anonymous_21)
FNDA:0,(anonymous_22)
FNDA:0,(anonymous_23)
FNDA:0,(anonymous_24)
FNDA:0,(anonymous_25)
FNDA:0,(anonymous_26)
FNDA:0,(anonymous_27)
FNDA:0,(anonymous_28)
FNDA:0,(anonymous_29)
DA:4,1
DA:7,1
DA:8,1
DA:9,1
DA:10,1
DA:11,1
DA:12,1
DA:13,1
DA:14,1
DA:15,1
DA:16,1
DA:17,1
DA:18,1
DA:19,1
DA:20,1
DA:21,1
DA:22,1
DA:23,1
DA:26,1
DA:41,24
DA:43,4
DA:51,2
DA:61,1
DA:69,1
DA:79,1
DA:85,1
DA:92,1
DA:98,1
DA:104,2
DA:112,2
DA:120,1
DA:129,1
DA:138,1
DA:147,2
DA:154,1
DA:160,1
DA:167,1
DA:173,1
DA:178,1
DA:179,0
DA:180,0
DA:181,0
DA:197,1
DA:198,0
DA:199,0
DA:207,1
DA:208,0
DA:209,0
DA:210,0
DA:227,1
DA:228,0
DA:236,1
DA:240,0
DA:241,0
DA:242,0
DA:243,0
DA:244,0
DA:245,0
DA:247,0
DA:248,0
DA:249,0
DA:255,0
DA:256,0
DA:275,1
DA:276,0
DA:284,1
DA:285,0
DA:286,0
DA:299,1
DA:300,0
DA:314,1
DA:315,0
DA:325,1
DA:326,0
DA:335,1
DA:336,0
DA:344,1
DA:345,0
DA:353,1
DA:354,0
DA:361,1
DA:362,0
LF:82
LH:52
BRDA:40,0,0,1
BRDA:41,1,0,4
BRDA:41,1,1,2
BRDA:41,1,2,1
BRDA:41,1,3,1
BRDA:41,1,4,1
BRDA:41,1,5,1
BRDA:41,1,6,1
BRDA:41,1,7,1
BRDA:41,1,8,2
BRDA:41,1,9,2
BRDA:41,1,10,1
BRDA:41,1,11,1
BRDA:41,1,12,1
BRDA:41,1,13,2
BRDA:41,1,14,1
BRDA:41,1,15,1
BRDA:41,1,16,1
BRDA:242,2,0,0
BRDA:242,2,1,0
BRDA:242,3,0,0
BRDA:242,3,1,0
BRDA:242,3,2,0
BRDA:244,4,0,0
BRDA:244,4,1,0
BRDA:244,5,0,0
BRDA:244,5,1,0
BRDA:244,5,2,0
BRDA:248,6,0,0
BRDA:248,6,1,0
BRDA:248,7,0,0
BRDA:248,7,1,0
BRDA:255,8,0,0
BRDA:255,8,1,0
BRDA:255,9,0,0
BRDA:255,9,1,0
BRF:36
BRH:18
end_of_record
TN:
SF:/Users/krystalfoster/Desktop/join-messenger-app/src/firebase/auth.js
FN:27,getFirestoreUserData
FN:34,(anonymous_2)
FN:35,(anonymous_3)
FN:44,(anonymous_4)
FN:50,doCreateUserWithEmailAndPassword
FN:53,(anonymous_6)
FN:67,(anonymous_7)
FN:68,(anonymous_8)
FN:71,(anonymous_9)
FN:78,doSignInWithEmailAndPassword
FN:82,(anonymous_11)
FN:88,(anonymous_12)
FN:89,(anonymous_13)
FN:96,(anonymous_14)
FN:101,(anonymous_15)
FN:108,doSignInWithGoogle
FN:111,(anonymous_17)
FN:115,(anonymous_18)
FN:123,getUserProfile
FN:143,doSignOut
FN:152,doPasswordReset
FN:155,(anonymous_22)
FN:159,(anonymous_23)
FN:165,doPasswordUpdate
FN:169,setUserCookies
FNF:25
FNH:0
FNDA:0,getFirestoreUserData
FNDA:0,(anonymous_2)
FNDA:0,(anonymous_3)
FNDA:0,(anonymous_4)
FNDA:0,doCreateUserWithEmailAndPassword
FNDA:0,(anonymous_6)
FNDA:0,(anonymous_7)
FNDA:0,(anonymous_8)
FNDA:0,(anonymous_9)
FNDA:0,doSignInWithEmailAndPassword
FNDA:0,(anonymous_11)
FNDA:0,(anonymous_12)
FNDA:0,(anonymous_13)
FNDA:0,(anonymous_14)
FNDA:0,(anonymous_15)
FNDA:0,doSignInWithGoogle
FNDA:0,(anonymous_17)
FNDA:0,(anonymous_18)
FNDA:0,getUserProfile
FNDA:0,doSignOut
FNDA:0,doPasswordReset
FNDA:0,(anonymous_22)
FNDA:0,(anonymous_23)
FNDA:0,doPasswordUpdate
FNDA:0,setUserCookies
DA:1,0
DA:2,0
DA:3,0
DA:4,0
DA:5,0
DA:6,0
DA:9,0
DA:23,0
DA:28,0
DA:29,0
DA:30,0
DA:31,0
DA:32,0
DA:34,0
DA:36,0
DA:37,0
DA:38,0
DA:39,0
DA:45,0
DA:51,0
DA:52,0
DA:54,0
DA:67,0
DA:69,0
DA:73,0
DA:79,0
DA:80,0
DA:81,0
DA:84,0
DA:85,0
DA:86,0
DA:88,0
DA:90,0
DA:91,0
DA:92,0
DA:97,0
DA:103,0
DA:109,0
DA:110,0
DA:111,0
DA:114,0
DA:117,0
DA:124,0
DA:131,0
DA:132,0
DA:133,0
DA:134,0
DA:135,0
DA:136,0
DA:137,0
DA:144,0
DA:153,0
DA:154,0
DA:156,0
DA:160,0
DA:166,0
DA:170,0
DA:171,0
DA:172,0
DA:173,0
DA:174,0
DA:175,0
DA:176,0
DA:177,0
DA:178,0
DA:179,0
DA:185,0
DA:186,0
DA:192,0
DA:193,0
LF:70
LH:0
BRDA:38,0,0,0
BRDA:38,0,1,0
BRDA:131,1,0,0
BRDA:131,1,1,0
BRDA:177,2,0,0
BRDA:177,2,1,0
BRDA:177,3,0,0
BRDA:177,3,1,0
BRDA:178,4,0,0
BRDA:178,4,1,0
BRDA:185,5,0,0
BRDA:185,5,1,0
BRDA:192,6,0,0
BRDA:192,6,1,0
BRF:14
BRH:0
end_of_record
TN:
SF:/Users/krystalfoster/Desktop/join-messenger-app/src/firebase/firebase.js
FNF:0
FNH:0
DA:1,0
DA:2,0
DA:3,0
DA:7,0
DA:16,0
DA:24,0
DA:28,0
DA:29,0
DA:32,0
LF:9
LH:0
BRDA:25,0,0,0
BRDA:25,0,1,0
BRDA:28,1,0,0
BRDA:28,1,1,0
BRF:4
BRH:0
end_of_record
TN:
SF:/Users/krystalfoster/Desktop/join-messenger-app/src/firebase/index.js
FNF:0
FNH:0
DA:1,0
DA:2,0
LF:2
LH:0
BRF:0
BRH:0
end_of_record
TN:
SF:/Users/krystalfoster/Desktop/join-messenger-app/src/pages/admin/Admin.jsx
FN:13,(anonymous_1)
FN:23,(anonymous_2)
FN:30,(anonymous_3)
FN:31,(anonymous_4)
FN:34,(anonymous_5)
FN:39,(anonymous_6)
FN:151,(anonymous_7)
FN:157,(anonymous_8)
FN:163,(anonymous_9)
FNF:9
FNH:0
FNDA:0,(anonymous_1)
FNDA:0,(anonymous_2)
FNDA:0,(anonymous_3)
FNDA:0,(anonymous_4)
FNDA:0,(anonymous_5)
FNDA:0,(anonymous_6)
FNDA:0,(anonymous_7)
FNDA:0,(anonymous_8)
FNDA:0,(anonymous_9)
DA:1,0
DA:3,0
DA:4,0
DA:7,0
DA:8,0
DA:9,0
DA:10,0
DA:14,0
DA:15,0
DA:20,0
DA:25,0
DA:31,0
DA:36,0
DA:40,0
DA:151,0
DA:157,0
DA:163,0
DA:177,0
LF:18
LH:0
BRF:0
BRH:0
end_of_record
TN:
SF:/Users/krystalfoster/Desktop/join-messenger-app/src/pages/admin/EmergencyNumbers.jsx
FN:5,(anonymous_1)
FN:13,(anonymous_2)
FNF:2
FNH:0
FNDA:0,(anonymous_1)
FNDA:0,(anonymous_2)
DA:1,0
DA:2,0
DA:6,0
DA:8,0
DA:14,0
DA:16,0
DA:17,0
DA:20,0
LF:8
LH:0
BRDA:16,0,0,0
BRDA:16,0,1,0
BRF:2
BRH:0
end_of_record
TN:
SF:/Users/krystalfoster/Desktop/join-messenger-app/src/pages/code-samples/CardSamples.jsx
FN:13,(anonymous_1)
FN:23,(anonymous_2)
FN:24,(anonymous_3)
FN:27,(anonymous_4)
FN:53,(anonymous_5)
FN:59,(anonymous_6)
FN:67,(anonymous_7)
FN:360,(anonymous_8)
FN:379,(anonymous_9)
FN:699,(anonymous_10)
FN:837,(anonymous_11)
FNF:11
FNH:0
FNDA:0,(anonymous_1)
FNDA:0,(anonymous_2)
FNDA:0,(anonymous_3)
FNDA:0,(anonymous_4)
FNDA:0,(anonymous_5)
FNDA:0,(anonymous_6)
FNDA:0,(anonymous_7)
FNDA:0,(anonymous_8)
FNDA:0,(anonymous_9)
FNDA:0,(anonymous_10)
FNDA:0,(anonymous_11)
DA:1,0
DA:2,0
DA:3,0
DA:4,0
DA:5,0
DA:6,0
DA:7,0
DA:8,0
DA:10,0
DA:14,0
DA:16,0
DA:18,0
DA:24,0
DA:28,0
DA:29,0
DA:53,0
DA:59,0
DA:64,0
DA:68,0
DA:361,0
DA:380,0
LF:21
LH:0
BRDA:716,0,0,0
BRDA:716,0,1,0
BRDA:857,1,0,0
BRDA:857,1,1,0
BRF:4
BRH:0
end_of_record
TN:
SF:/Users/krystalfoster/Desktop/join-messenger-app/src/pages/code-samples/DocsNavigation.jsx
FN:4,DocsNavigation
FNF:1
FNH:0
FNDA:0,DocsNavigation
DA:1,0
DA:2,0
DA:5,0
LF:3
LH:0
BRF:0
BRH:0
end_of_record
TN:
SF:/Users/krystalfoster/Desktop/join-messenger-app/src/pages/code-samples/HeaderSamples.jsx
FN:10,(anonymous_1)
FN:14,(anonymous_2)
FN:121,(anonymous_3)
FNF:3
FNH:0
FNDA:0,(anonymous_1)
FNDA:0,(anonymous_2)
FNDA:0,(anonymous_3)
DA:1,0
DA:2,0
DA:3,0
DA:5,0
DA:7,0
DA:11,0
DA:15,0
DA:122,0
LF:8
LH:0
BRF:0
BRH:0
end_of_record
TN:
SF:/Users/krystalfoster/Desktop/join-messenger-app/src/pages/emergency/Emergency.jsx
FN:9,(anonymous_1)
FN:13,(anonymous_2)
FN:17,(anonymous_3)
FNF:3
FNH:0
FNDA:0,(anonymous_1)
FNDA:0,(anonymous_2)
FNDA:0,(anonymous_3)
DA:1,0
DA:2,0
DA:3,0
DA:4,0
DA:5,0
DA:6,0
DA:10,0
DA:14,0
DA:18,0
LF:9
LH:0
BRF:0
BRH:0
end_of_record
TN:
SF:/Users/krystalfoster/Desktop/join-messenger-app/src/pages/forgot-password/ForgotPassword.jsx
FN:14,(anonymous_1)
FN:18,(anonymous_2)
FN:22,(anonymous_3)
FN:63,(anonymous_4)
FNF:4
FNH:0
FNDA:0,(anonymous_1)
FNDA:0,(anonymous_2)
FNDA:0,(anonymous_3)
FNDA:0,(anonymous_4)
DA:1,0
DA:2,0
DA:3,0
DA:4,0
DA:5,0
DA:6,0
DA:7,0
DA:8,0
DA:9,0
DA:10,0
DA:11,0
DA:15,0
DA:19,0
DA:23,0
DA:63,0
DA:69,0
DA:79,0
LF:17
LH:0
BRDA:39,0,0,0
BRDA:39,0,1,0
BRDA:39,0,2,0
BRDA:43,1,0,0
BRDA:43,1,1,0
BRDA:46,2,0,0
BRDA:46,2,1,0
BRDA:46,2,2,0
BRF:8
BRH:0
end_of_record
TN:
SF:/Users/krystalfoster/Desktop/join-messenger-app/src/pages/home/Home.jsx
FN:12,(anonymous_1)
FN:21,(anonymous_2)
FN:25,(anonymous_3)
FNF:3
FNH:0
FNDA:0,(anonymous_1)
FNDA:0,(anonymous_2)
FNDA:0,(anonymous_3)
DA:1,0
DA:2,0
DA:3,0
DA:4,0
DA:6,0
DA:7,0
DA:9,0
DA:13,0
DA:15,0
DA:16,0
DA:18,0
DA:22,0
DA:26,0
DA:27,0
DA:28,0
DA:29,0
DA:48,0
LF:17
LH:0
BRDA:32,0,0,0
BRDA:32,0,1,0
BRDA:40,1,0,0
BRDA:40,1,1,0
BRDA:41,2,0,0
BRDA:41,2,1,0
BRF:6
BRH:0
end_of_record
TN:
SF:/Users/krystalfoster/Desktop/join-messenger-app/src/pages/home/PropertyManagerHome.jsx
FN:13,(anonymous_1)
FN:18,(anonymous_2)
FN:23,(anonymous_3)
FN:82,(anonymous_4)
FN:92,(anonymous_5)
FNF:5
FNH:0
FNDA:0,(anonymous_1)
FNDA:0,(anonymous_2)
FNDA:0,(anonymous_3)
FNDA:0,(anonymous_4)
FNDA:0,(anonymous_5)
DA:1,0
DA:2,0
DA:3,0
DA:4,0
DA:5,0
DA:6,0
DA:7,0
DA:8,0
DA:13,0
DA:14,0
DA:15,0
DA:19,0
DA:24,0
DA:83,0
DA:93,0
DA:103,0
DA:109,0
LF:17
LH:0
BRF:0
BRH:0
end_of_record
TN:
SF:/Users/krystalfoster/Desktop/join-messenger-app/src/pages/login/Login.jsx
FN:17,(anonymous_1)
FN:21,(anonymous_2)
FN:44,(anonymous_3)
FN:85,(anonymous_4)
FNF:4
FNH:0
FNDA:0,(anonymous_1)
FNDA:0,(anonymous_2)
FNDA:0,(anonymous_3)
FNDA:0,(anonymous_4)
DA:1,0
DA:2,0
DA:3,0
DA:4,0
DA:5,0
DA:6,0
DA:7,0
DA:8,0
DA:9,0
DA:10,0
DA:11,0
DA:12,0
DA:14,0
DA:18,0
DA:22,0
DA:29,0
DA:30,0
DA:31,0
DA:32,0
DA:33,0
DA:34,0
DA:35,0
DA:36,0
DA:37,0
DA:39,0
DA:41,0
DA:45,0
DA:85,0
DA:96,0
DA:117,0
LF:30
LH:0
BRDA:31,0,0,0
BRDA:31,0,1,0
BRDA:31,1,0,0
BRDA:31,1,1,0
BRDA:31,1,2,0
BRDA:31,1,3,0
BRDA:31,1,4,0
BRDA:31,1,5,0
BRDA:31,1,6,0
BRDA:32,2,0,0
BRDA:32,2,1,0
BRDA:32,3,0,0
BRDA:32,3,1,0
BRDA:34,4,0,0
BRDA:34,4,1,0
BRDA:34,5,0,0
BRDA:34,5,1,0
BRDA:36,6,0,0
BRDA:36,6,1,0
BRDA:36,7,0,0
BRDA:36,7,1,0
BRDA:54,8,0,0
BRDA:54,8,1,0
BRDA:54,8,2,0
BRDA:54,8,3,0
BRDA:57,9,0,0
BRDA:57,9,1,0
BRDA:57,9,2,0
BRDA:60,10,0,0
BRDA:60,10,1,0
BRDA:60,10,2,0
BRDA:60,10,3,0
BRDA:60,10,4,0
BRDA:64,11,0,0
BRDA:64,11,1,0
BRDA:64,11,2,0
BRDA:64,11,3,0
BRDA:69,12,0,0
BRDA:69,12,1,0
BRDA:69,12,2,0
BRDA:69,12,3,0
BRF:41
BRH:0
end_of_record
TN:
SF:/Users/krystalfoster/Desktop/join-messenger-app/src/pages/new-issue-form/NewIssueForm.jsx
FN:21,(anonymous_1)
FN:37,(anonymous_2)
FN:57,(anonymous_3)
FN:62,(anonymous_4)
FN:67,(anonymous_5)
FN:77,(anonymous_6)
FN:87,(anonymous_7)
FN:88,(anonymous_8)
FN:91,(anonymous_9)
FN:96,(anonymous_10)
FN:101,(anonymous_11)
FN:111,(anonymous_12)
FN:123,(anonymous_13)
FN:186,(anonymous_14)
FN:194,(anonymous_15)
FNF:15
FNH:0
FNDA:0,(anonymous_1)
FNDA:0,(anonymous_2)
FNDA:0,(anonymous_3)
FNDA:0,(anonymous_4)
FNDA:0,(anonymous_5)
FNDA:0,(anonymous_6)
FNDA:0,(anonymous_7)
FNDA:0,(anonymous_8)
FNDA:0,(anonymous_9)
FNDA:0,(anonymous_10)
FNDA:0,(anonymous_11)
FNDA:0,(anonymous_12)
FNDA:0,(anonymous_13)
FNDA:0,(anonymous_14)
FNDA:0,(anonymous_15)
DA:1,0
DA:2,0
DA:3,0
DA:4,0
DA:5,0
DA:6,0
DA:7,0
DA:8,0
DA:9,0
DA:10,0
DA:11,0
DA:12,0
DA:14,0
DA:18,0
DA:22,0
DA:24,0
DA:25,0
DA:26,0
DA:29,0
DA:30,0
DA:31,0
DA:32,0
DA:33,0
DA:37,0
DA:38,0
DA:48,0
DA:58,0
DA:59,0
DA:63,0
DA:64,0
DA:68,0
DA:69,0
DA:70,0
DA:72,0
DA:78,0
DA:79,0
DA:80,0
DA:81,0
DA:83,0
DA:88,0
DA:91,0
DA:92,0
DA:93,0
DA:97,0
DA:98,0
DA:102,0
DA:103,0
DA:104,0
DA:105,0
DA:107,0
DA:112,0
DA:113,0
DA:114,0
DA:115,0
DA:116,0
DA:124,0
DA:187,0
DA:195,0
DA:267,0
LF:59
LH:0
BRDA:58,0,0,0
BRDA:58,0,1,0
BRDA:70,1,0,0
BRDA:70,1,1,0
BRDA:78,2,0,0
BRDA:78,2,1,0
BRDA:80,3,0,0
BRDA:80,3,1,0
BRDA:102,4,0,0
BRDA:102,4,1,0
BRDA:104,5,0,0
BRDA:104,5,1,0
BRDA:119,6,0,0
BRDA:119,6,1,0
BRDA:126,7,0,0
BRDA:126,7,1,0
BRDA:130,8,0,0
BRDA:130,8,1,0
BRDA:138,9,0,0
BRDA:138,9,1,0
BRDA:148,10,0,0
BRDA:148,10,1,0
BRDA:162,11,0,0
BRDA:162,11,1,0
BRDA:167,12,0,0
BRDA:167,12,1,0
BRDA:165,13,0,0
BRDA:165,13,1,0
BRDA:190,14,0,0
BRDA:190,14,1,0
BRDA:196,15,0,0
BRDA:196,15,1,0
BRDA:231,16,0,0
BRDA:231,16,1,0
BRDA:237,17,0,0
BRDA:237,17,1,0
BRDA:236,18,0,0
BRDA:236,18,1,0
BRF:38
BRH:0
end_of_record
TN:
SF:/Users/krystalfoster/Desktop/join-messenger-app/src/pages/new-tenant-form/NewTenantForm.jsx
FN:22,(anonymous_1)
FN:40,(anonymous_2)
FN:49,(anonymous_3)
FN:54,(anonymous_4)
FN:56,(anonymous_5)
FN:60,(anonymous_6)
FN:62,(anonymous_7)
FN:70,(anonymous_8)
FN:71,(anonymous_9)
FN:76,(anonymous_10)
FN:77,(anonymous_11)
FN:82,(anonymous_12)
FN:92,(anonymous_13)
FN:106,(anonymous_14)
FN:294,(anonymous_15)
FNF:15
FNH:0
FNDA:0,(anonymous_1)
FNDA:0,(anonymous_2)
FNDA:0,(anonymous_3)
FNDA:0,(anonymous_4)
FNDA:0,(anonymous_5)
FNDA:0,(anonymous_6)
FNDA:0,(anonymous_7)
FNDA:0,(anonymous_8)
FNDA:0,(anonymous_9)
FNDA:0,(anonymous_10)
FNDA:0,(anonymous_11)
FNDA:0,(anonymous_12)
FNDA:0,(anonymous_13)
FNDA:0,(anonymous_14)
FNDA:0,(anonymous_15)
DA:1,0
DA:2,0
DA:3,0
DA:4,0
DA:5,0
DA:6,0
DA:7,0
DA:8,0
DA:10,0
DA:11,0
DA:12,0
DA:14,0
DA:15,0
DA:16,0
DA:19,0
DA:23,0
DA:25,0
DA:26,0
DA:29,0
DA:30,0
DA:31,0
DA:33,0
DA:41,0
DA:42,0
DA:43,0
DA:44,0
DA:50,0
DA:51,0
DA:53,0
DA:54,0
DA:56,0
DA:60,0
DA:62,0
DA:66,0
DA:71,0
DA:77,0
DA:83,0
DA:84,0
DA:85,0
DA:87,0
DA:92,0
DA:99,0
DA:100,0
DA:101,0
DA:107,0
DA:294,0
DA:300,0
LF:47
LH:0
BRDA:50,0,0,0
BRDA:50,0,1,0
BRDA:53,1,0,0
BRDA:53,1,1,0
BRDA:104,2,0,0
BRDA:104,2,1,0
BRDA:180,3,0,0
BRDA:180,3,1,0
BRDA:193,4,0,0
BRDA:193,4,1,0
BRDA:196,5,0,0
BRDA:196,5,1,0
BRDA:201,6,0,0
BRDA:201,6,1,0
BRDA:205,7,0,0
BRDA:205,7,1,0
BRDA:205,7,2,0
BRDA:218,8,0,0
BRDA:218,8,1,0
BRDA:218,8,2,0
BRDA:230,9,0,0
BRDA:230,9,1,0
BRDA:242,10,0,0
BRDA:242,10,1,0
BRDA:244,11,0,0
BRDA:244,11,1,0
BRDA:260,12,0,0
BRDA:260,12,1,0
BRF:28
BRH:0
end_of_record
TN:
SF:/Users/krystalfoster/Desktop/join-messenger-app/src/pages/privacy-policy/PrivacyPolicy.jsx
FN:8,createMarkup
FN:12,(anonymous_2)
FN:15,(anonymous_3)
FNF:3
FNH:0
FNDA:0,createMarkup
FNDA:0,(anonymous_2)
FNDA:0,(anonymous_3)
DA:1,0
DA:2,0
DA:3,0
DA:4,0
DA:5,0
DA:6,0
DA:9,0
DA:12,0
DA:13,0
DA:16,0
DA:97,0
LF:11
LH:0
BRF:0
BRH:0
end_of_record
TN:
SF:/Users/krystalfoster/Desktop/join-messenger-app/src/pages/properties/Properties.jsx
FN:11,(anonymous_1)
FN:25,(anonymous_2)
FNF:2
FNH:0
FNDA:0,(anonymous_1)
FNDA:0,(anonymous_2)
DA:1,0
DA:2,0
DA:3,0
DA:4,0
DA:12,0
DA:13,0
DA:26,0
DA:34,0
LF:8
LH:0
BRF:0
BRH:0
end_of_record
TN:
SF:/Users/krystalfoster/Desktop/join-messenger-app/src/pages/property-dashboard/PropertyDashboard.jsx
FN:17,(anonymous_1)
FN:37,(anonymous_2)
FN:44,(anonymous_3)
FN:49,(anonymous_4)
FN:114,(anonymous_5)
FNF:5
FNH:0
FNDA:0,(anonymous_1)
FNDA:0,(anonymous_2)
FNDA:0,(anonymous_3)
FNDA:0,(anonymous_4)
FNDA:0,(anonymous_5)
DA:1,0
DA:2,0
DA:3,0
DA:4,0
DA:5,0
DA:6,0
DA:7,0
DA:8,0
DA:9,0
DA:10,0
DA:11,0
DA:12,0
DA:13,0
DA:14,0
DA:18,0
DA:19,0
DA:38,0
DA:39,0
DA:40,0
DA:41,0
DA:45,0
DA:46,0
DA:50,0
DA:94,0
DA:108,0
DA:114,0
LF:26
LH:0
BRDA:84,0,0,0
BRDA:84,0,1,0
BRF:2
BRH:0
end_of_record
TN:
SF:/Users/krystalfoster/Desktop/join-messenger-app/src/pages/property-details/PropertyDetails.jsx
FN:14,(anonymous_1)
FN:21,(anonymous_2)
FN:25,(anonymous_3)
FN:29,(anonymous_4)
FN:33,(anonymous_5)
FN:36,(anonymous_6)
FN:45,(anonymous_7)
FN:53,(anonymous_8)
FN:58,(anonymous_9)
FN:107,(anonymous_10)
FN:119,(anonymous_11)
FN:124,(anonymous_12)
FNF:12
FNH:0
FNDA:0,(anonymous_1)
FNDA:0,(anonymous_2)
FNDA:0,(anonymous_3)
FNDA:0,(anonymous_4)
FNDA:0,(anonymous_5)
FNDA:0,(anonymous_6)
FNDA:0,(anonymous_7)
FNDA:0,(anonymous_8)
FNDA:0,(anonymous_9)
FNDA:0,(anonymous_10)
FNDA:0,(anonymous_11)
FNDA:0,(anonymous_12)
DA:1,0
DA:2,0
DA:3,0
DA:4,0
DA:5,0
DA:6,0
DA:7,0
DA:8,0
DA:11,0
DA:15,0
DA:17,0
DA:19,0
DA:20,0
DA:21,0
DA:26,0
DA:30,0
DA:33,0
DA:34,0
DA:35,0
DA:36,0
DA:37,0
DA:40,0
DA:46,0
DA:53,0
DA:59,0
DA:108,0
DA:119,0
DA:125,0
DA:141,0
LF:29
LH:0
BRDA:42,0,0,0
BRDA:42,0,1,0
BRDA:117,1,0,0
BRDA:117,1,1,0
BRF:4
BRH:0
end_of_record
TN:
SF:/Users/krystalfoster/Desktop/join-messenger-app/src/pages/property-manager-dashboard/DateUpdatedRenderer.jsx
FN:5,(anonymous_1)
FNF:1
FNH:0
FNDA:0,(anonymous_1)
DA:1,0
DA:2,0
DA:6,0
DA:7,0
DA:8,0
DA:14,0
DA:20,0
LF:7
LH:0
BRDA:7,0,0,0
BRDA:7,0,1,0
BRDA:7,0,2,0
BRDA:7,0,3,0
BRF:4
BRH:0
end_of_record
TN:
SF:/Users/krystalfoster/Desktop/join-messenger-app/src/pages/property-manager-dashboard/ParamsRenderer.jsx
FN:5,(anonymous_1)
FNF:1
FNH:0
FNDA:0,(anonymous_1)
DA:1,0
DA:2,0
DA:6,0
DA:7,0
DA:8,0
DA:14,0
DA:20,0
LF:7
LH:0
BRDA:7,0,0,0
BRDA:7,0,1,0
BRDA:7,0,2,0
BRDA:7,0,3,0
BRF:4
BRH:0
end_of_record
TN:
SF:/Users/krystalfoster/Desktop/join-messenger-app/src/pages/property-manager-dashboard/PropertyManagerDashboard.jsx
FN:21,(anonymous_1)
FN:42,(anonymous_2)
FN:48,(anonymous_3)
FN:53,(anonymous_4)
FN:59,(anonymous_5)
FN:117,(anonymous_6)
FNF:6
FNH:0
FNDA:0,(anonymous_1)
FNDA:0,(anonymous_2)
FNDA:0,(anonymous_3)
FNDA:0,(anonymous_4)
FNDA:0,(anonymous_5)
FNDA:0,(anonymous_6)
DA:1,0
DA:2,0
DA:3,0
DA:4,0
DA:5,0
DA:6,0
DA:7,0
DA:8,0
DA:9,0
DA:10,0
DA:11,0
DA:12,0
DA:13,0
DA:14,0
DA:15,0
DA:16,0
DA:17,0
DA:18,0
DA:22,0
DA:23,0
DA:39,0
DA:43,0
DA:44,0
DA:45,0
DA:49,0
DA:50,0
DA:54,0
DA:55,0
DA:56,0
DA:60,0
DA:105,0
DA:113,0
DA:117,0
LF:33
LH:0
BRDA:49,0,0,0
BRDA:49,0,1,0
BRDA:95,1,0,0
BRDA:95,1,1,0
BRF:4
BRH:0
end_of_record
TN:
SF:/Users/krystalfoster/Desktop/join-messenger-app/src/pages/property-manager-details/PropertyManagerDetails.jsx
FN:17,(anonymous_1)
FN:21,(anonymous_2)
FN:25,(anonymous_3)
FN:25,(anonymous_4)
FN:29,(anonymous_5)
FN:33,(anonymous_6)
FN:39,(anonymous_7)
FN:44,(anonymous_8)
FN:52,(anonymous_9)
FN:64,(anonymous_10)
FN:117,(anonymous_11)
FN:127,(anonymous_12)
FNF:12
FNH:0
FNDA:0,(anonymous_1)
FNDA:0,(anonymous_2)
FNDA:0,(anonymous_3)
FNDA:0,(anonymous_4)
FNDA:0,(anonymous_5)
FNDA:0,(anonymous_6)
FNDA:0,(anonymous_7)
FNDA:0,(anonymous_8)
FNDA:0,(anonymous_9)
FNDA:0,(anonymous_10)
FNDA:0,(anonymous_11)
FNDA:0,(anonymous_12)
DA:1,0
DA:2,0
DA:3,0
DA:4,0
DA:5,0
DA:6,0
DA:7,0
DA:8,0
DA:9,0
DA:10,0
DA:11,0
DA:14,0
DA:18,0
DA:20,0
DA:21,0
DA:24,0
DA:25,0
DA:30,0
DA:33,0
DA:34,0
DA:35,0
DA:38,0
DA:39,0
DA:43,0
DA:44,0
DA:47,0
DA:53,0
DA:65,0
DA:118,0
DA:128,0
DA:144,0
LF:31
LH:0
BRDA:25,0,0,0
BRDA:25,0,1,0
BRDA:49,1,0,0
BRDA:49,1,1,0
BRF:4
BRH:0
end_of_record
TN:
SF:/Users/krystalfoster/Desktop/join-messenger-app/src/pages/property-managers/PropertyManagerTenantsDirectory.jsx
FN:15,(anonymous_1)
FN:19,(anonymous_2)
FN:21,(anonymous_3)
FN:23,(anonymous_4)
FN:29,(anonymous_5)
FN:33,(anonymous_6)
FN:42,(anonymous_7)
FNF:7
FNH:0
FNDA:0,(anonymous_1)
FNDA:0,(anonymous_2)
FNDA:0,(anonymous_3)
FNDA:0,(anonymous_4)
FNDA:0,(anonymous_5)
FNDA:0,(anonymous_6)
FNDA:0,(anonymous_7)
DA:1,0
DA:2,0
DA:3,0
DA:4,0
DA:5,0
DA:6,0
DA:7,0
DA:8,0
DA:11,0
DA:12,0
DA:16,0
DA:18,0
DA:19,0
DA:21,0
DA:22,0
DA:23,0
DA:25,0
DA:30,0
DA:34,0
DA:35,0
DA:36,0
DA:37,0
DA:43,0
DA:74,0
LF:24
LH:0
BRDA:39,0,0,0
BRDA:39,0,1,0
BRF:2
BRH:0
end_of_record
TN:
SF:/Users/krystalfoster/Desktop/join-messenger-app/src/pages/property-managers/PropertyManagers.jsx
FN:15,(anonymous_1)
FN:21,(anonymous_2)
FN:27,(anonymous_3)
FN:32,(anonymous_4)
FN:36,(anonymous_5)
FNF:5
FNH:0
FNDA:0,(anonymous_1)
FNDA:0,(anonymous_2)
FNDA:0,(anonymous_3)
FNDA:0,(anonymous_4)
FNDA:0,(anonymous_5)
DA:1,0
DA:2,0
DA:3,0
DA:4,0
DA:5,0
DA:6,0
DA:7,0
DA:8,0
DA:9,0
DA:12,0
DA:16,0
DA:18,0
DA:22,0
DA:23,0
DA:24,0
DA:28,0
DA:29,0
DA:33,0
DA:37,0
DA:56,0
LF:20
LH:0
BRDA:28,0,0,0
BRDA:28,0,1,0
BRF:2
BRH:0
end_of_record
TN:
SF:/Users/krystalfoster/Desktop/join-messenger-app/src/pages/settings/OutOfOffice.jsx
FN:8,(anonymous_1)
FN:24,(anonymous_2)
FN:28,(anonymous_3)
FN:34,(anonymous_4)
FN:42,(anonymous_5)
FN:46,(anonymous_6)
FN:51,(anonymous_7)
FN:58,(anonymous_8)
FNF:8
FNH:0
FNDA:0,(anonymous_1)
FNDA:0,(anonymous_2)
FNDA:0,(anonymous_3)
FNDA:0,(anonymous_4)
FNDA:0,(anonymous_5)
FNDA:0,(anonymous_6)
FNDA:0,(anonymous_7)
FNDA:0,(anonymous_8)
DA:1,0
DA:2,0
DA:3,0
DA:4,0
DA:5,0
DA:9,0
DA:11,0
DA:12,0
DA:13,0
DA:15,0
DA:17,0
DA:25,0
DA:29,0
DA:31,0
DA:35,0
DA:36,0
DA:37,0
DA:39,0
DA:43,0
DA:47,0
DA:48,0
DA:52,0
DA:58,0
DA:183,0
LF:24
LH:0
BRDA:29,0,0,0
BRDA:29,0,1,0
BRDA:37,1,0,0
BRDA:37,1,1,0
BRDA:91,2,0,0
BRDA:91,2,1,0
BRDA:169,3,0,0
BRDA:169,3,1,0
BRF:8
BRH:0
end_of_record
TN:
SF:/Users/krystalfoster/Desktop/join-messenger-app/src/pages/settings/Settings.jsx
FN:11,(anonymous_1)
FN:36,(anonymous_2)
FN:40,(anonymous_3)
FN:46,(anonymous_4)
FN:56,(anonymous_5)
FN:62,(anonymous_6)
FN:69,(anonymous_7)
FN:82,(anonymous_8)
FNF:8
FNH:0
FNDA:0,(anonymous_1)
FNDA:0,(anonymous_2)
FNDA:0,(anonymous_3)
FNDA:0,(anonymous_4)
FNDA:0,(anonymous_5)
FNDA:0,(anonymous_6)
FNDA:0,(anonymous_7)
FNDA:0,(anonymous_8)
DA:1,0
DA:2,0
DA:3,0
DA:4,0
DA:5,0
DA:6,0
DA:8,0
DA:12,0
DA:14,0
DA:15,0
DA:17,0
DA:27,0
DA:29,0
DA:37,0
DA:41,0
DA:43,0
DA:47,0
DA:48,0
DA:49,0
DA:51,0
DA:57,0
DA:58,0
DA:59,0
DA:63,0
DA:69,0
DA:83,0
DA:164,0
LF:27
LH:0
BRDA:41,0,0,0
BRDA:41,0,1,0
BRDA:49,1,0,0
BRDA:49,1,1,0
BRF:4
BRH:0
end_of_record
TN:
SF:/Users/krystalfoster/Desktop/join-messenger-app/src/pages/signup/Signup.jsx
FN:16,(anonymous_1)
FN:19,(anonymous_2)
FN:59,(anonymous_3)
FNF:3
FNH:0
FNDA:0,(anonymous_1)
FNDA:0,(anonymous_2)
FNDA:0,(anonymous_3)
DA:1,0
DA:2,0
DA:3,0
DA:4,0
DA:5,0
DA:6,0
DA:7,0
DA:8,0
DA:9,0
DA:10,0
DA:11,0
DA:12,0
DA:14,0
DA:16,0
DA:17,0
DA:20,0
DA:59,0
DA:66,0
DA:77,0
LF:19
LH:0
BRDA:29,0,0,0
BRDA:29,0,1,0
BRDA:29,0,2,0
BRDA:32,1,0,0
BRDA:32,1,1,0
BRDA:32,1,2,0
BRDA:35,2,0,0
BRDA:35,2,1,0
BRDA:41,3,0,0
BRDA:41,3,1,0
BRDA:41,3,2,0
BRF:11
BRH:0
end_of_record
TN:
SF:/Users/krystalfoster/Desktop/join-messenger-app/src/pages/staff-dashboard/StaffDashboard.jsx
FN:15,(anonymous_1)
FN:21,(anonymous_2)
FN:27,(anonymous_3)
FN:29,(anonymous_4)
FN:32,(anonymous_5)
FN:53,(anonymous_6)
FN:58,(anonymous_7)
FN:98,(anonymous_8)
FNF:8
FNH:0
FNDA:0,(anonymous_1)
FNDA:0,(anonymous_2)
FNDA:0,(anonymous_3)
FNDA:0,(anonymous_4)
FNDA:0,(anonymous_5)
FNDA:0,(anonymous_6)
FNDA:0,(anonymous_7)
FNDA:0,(anonymous_8)
DA:1,0
DA:2,0
DA:3,0
DA:4,0
DA:5,0
DA:6,0
DA:7,0
DA:8,0
DA:9,0
DA:10,0
DA:11,0
DA:12,0
DA:16,0
DA:17,0
DA:18,0
DA:22,0
DA:23,0
DA:24,0
DA:28,0
DA:29,0
DA:33,0
DA:34,0
DA:54,0
DA:55,0
DA:59,0
DA:85,0
DA:93,0
DA:98,0
LF:28
LH:0
BRDA:28,0,0,0
BRDA:28,0,1,0
BRF:2
BRH:0
end_of_record
TN:
SF:/Users/krystalfoster/Desktop/join-messenger-app/src/pages/tenant-dashboard/TenantDashboard.jsx
FN:17,(anonymous_1)
FN:36,(anonymous_2)
FN:43,(anonymous_3)
FN:48,(anonymous_4)
FN:118,(anonymous_5)
FNF:5
FNH:0
FNDA:0,(anonymous_1)
FNDA:0,(anonymous_2)
FNDA:0,(anonymous_3)
FNDA:0,(anonymous_4)
FNDA:0,(anonymous_5)
DA:1,0
DA:2,0
DA:3,0
DA:4,0
DA:5,0
DA:6,0
DA:7,0
DA:8,0
DA:9,0
DA:10,0
DA:11,0
DA:12,0
DA:13,0
DA:14,0
DA:18,0
DA:19,0
DA:37,0
DA:38,0
DA:39,0
DA:40,0
DA:44,0
DA:45,0
DA:49,0
DA:102,0
DA:113,0
DA:118,0
LF:26
LH:0
BRDA:92,0,0,0
BRDA:92,0,1,0
BRF:2
BRH:0
end_of_record
TN:
SF:/Users/krystalfoster/Desktop/join-messenger-app/src/pages/tenant-details/Archive.jsx
FN:14,(anonymous_1)
FN:18,(anonymous_2)
FN:21,(anonymous_3)
FN:26,(anonymous_4)
FNF:4
FNH:0
FNDA:0,(anonymous_1)
FNDA:0,(anonymous_2)
FNDA:0,(anonymous_3)
FNDA:0,(anonymous_4)
DA:1,0
DA:2,0
DA:3,0
DA:4,0
DA:5,0
DA:6,0
DA:7,0
DA:8,0
DA:11,0
DA:15,0
DA:19,0
DA:20,0
DA:21,0
DA:23,0
DA:27,0
DA:58,0
LF:16
LH:0
BRF:0
BRH:0
end_of_record
TN:
SF:/Users/krystalfoster/Desktop/join-messenger-app/src/pages/tenant-details/TenantDetails.jsx
FN:15,(anonymous_1)
FN:20,(anonymous_2)
FN:23,(anonymous_3)
FN:27,(anonymous_4)
FN:33,(anonymous_5)
FN:39,(anonymous_6)
FN:42,(anonymous_7)
FN:49,(anonymous_8)
FN:61,(anonymous_9)
FN:72,(anonymous_10)
FN:132,(anonymous_11)
FN:142,(anonymous_12)
FNF:12
FNH:0
FNDA:0,(anonymous_1)
FNDA:0,(anonymous_2)
FNDA:0,(anonymous_3)
FNDA:0,(anonymous_4)
FNDA:0,(anonymous_5)
FNDA:0,(anonymous_6)
FNDA:0,(anonymous_7)
FNDA:0,(anonymous_8)
FNDA:0,(anonymous_9)
FNDA:0,(anonymous_10)
FNDA:0,(anonymous_11)
FNDA:0,(anonymous_12)
DA:1,0
DA:2,0
DA:3,0
DA:4,0
DA:5,0
DA:6,0
DA:7,0
DA:8,0
DA:9,0
DA:12,0
DA:16,0
DA:18,0
DA:20,0
DA:24,0
DA:29,0
DA:30,0
DA:34,0
DA:35,0
DA:36,0
DA:39,0
DA:42,0
DA:44,0
DA:50,0
DA:62,0
DA:73,0
DA:133,0
DA:143,0
DA:159,0
LF:28
LH:0
BRDA:46,0,0,0
BRDA:46,0,1,0
BRDA:68,1,0,0
BRDA:68,1,1,0
BRDA:74,2,0,0
BRDA:74,2,1,0
BRF:6
BRH:0
end_of_record
TN:
SF:/Users/krystalfoster/Desktop/join-messenger-app/src/pages/tenants/Tenants.jsx
FN:15,(anonymous_1)
FN:23,(anonymous_2)
FN:27,(anonymous_3)
FN:32,(anonymous_4)
FN:38,(anonymous_5)
FN:78,(anonymous_6)
FN:88,(anonymous_7)
FNF:7
FNH:0
FNDA:0,(anonymous_1)
FNDA:0,(anonymous_2)
FNDA:0,(anonymous_3)
FNDA:0,(anonymous_4)
FNDA:0,(anonymous_5)
FNDA:0,(anonymous_6)
FNDA:0,(anonymous_7)
DA:1,0
DA:2,0
DA:3,0
DA:4,0
DA:5,0
DA:6,0
DA:7,0
DA:8,0
DA:11,0
DA:12,0
DA:16,0
DA:18,0
DA:20,0
DA:24,0
DA:28,0
DA:29,0
DA:33,0
DA:34,0
DA:35,0
DA:39,0
DA:79,0
DA:89,0
DA:104,0
LF:23
LH:0
BRDA:28,0,0,0
BRDA:28,0,1,0
BRF:2
BRH:0
end_of_record
TN:
SF:/Users/krystalfoster/Desktop/join-messenger-app/src/pages/terms-conditions/TermsConditions.jsx
FN:8,createMarkup
FN:12,(anonymous_2)
FN:15,(anonymous_3)
FNF:3
FNH:0
FNDA:0,createMarkup
FNDA:0,(anonymous_2)
FNDA:0,(anonymous_3)
DA:1,0
DA:2,0
DA:3,0
DA:4,0
DA:5,0
DA:6,0
DA:9,0
DA:12,0
DA:13,0
DA:16,0
DA:105,0
LF:11
LH:0
BRF:0
BRH:0
end_of_record
TN:
SF:/Users/krystalfoster/Desktop/join-messenger-app/src/pages/tickets/Tickets.jsx
FN:15,(anonymous_1)
FN:23,(anonymous_2)
FN:27,(anonymous_3)
FN:30,(anonymous_4)
FN:45,(anonymous_5)
FN:50,(anonymous_6)
FN:53,(anonymous_7)
FN:58,(anonymous_8)
FN:101,(anonymous_9)
FN:105,(anonymous_10)
FNF:10
FNH:0
FNDA:0,(anonymous_1)
FNDA:0,(anonymous_2)
FNDA:0,(anonymous_3)
FNDA:0,(anonymous_4)
FNDA:0,(anonymous_5)
FNDA:0,(anonymous_6)
FNDA:0,(anonymous_7)
FNDA:0,(anonymous_8)
FNDA:0,(anonymous_9)
FNDA:0,(anonymous_10)
DA:1,0
DA:2,0
DA:3,0
DA:4,0
DA:5,0
DA:6,0
DA:7,0
DA:8,0
DA:9,0
DA:12,0
DA:16,0
DA:18,0
DA:20,0
DA:24,0
DA:29,0
DA:31,0
DA:39,0
DA:42,0
DA:45,0
DA:46,0
DA:47,0
DA:50,0
DA:53,0
DA:55,0
DA:59,0
DA:101,0
DA:106,0
DA:117,0
LF:28
LH:0
BRDA:31,0,0,0
BRDA:31,0,1,0
BRDA:32,1,0,0
BRDA:32,1,1,0
BRDA:33,2,0,0
BRDA:33,2,1,0
BRDA:34,3,0,0
BRDA:34,3,1,0
BRDA:40,4,0,0
BRDA:40,4,1,0
BRDA:40,5,0,0
BRDA:40,5,1,0
BRF:12
BRH:0
end_of_record
TN:
SF:/Users/krystalfoster/Desktop/join-messenger-app/src/pages/waiting-for-role/WaitingForRole.jsx
FN:10,(anonymous_1)
FN:14,(anonymous_2)
FN:20,(anonymous_3)
FNF:3
FNH:0
FNDA:0,(anonymous_1)
FNDA:0,(anonymous_2)
FNDA:0,(anonymous_3)
DA:1,0
DA:2,0
DA:3,0
DA:4,0
DA:5,0
DA:6,0
DA:7,0
DA:11,0
DA:15,0
DA:16,0
DA:17,0
DA:21,0
DA:44,0
LF:13
LH:0
BRF:0
BRH:0
end_of_record
TN:
SF:/Users/krystalfoster/Desktop/join-messenger-app/src/translations/i18n.js
FN:13,(anonymous_1)
FN:17,(anonymous_2)
FNF:2
FNH:0
FNDA:0,(anonymous_1)
FNDA:0,(anonymous_2)
DA:1,0
DA:2,0
DA:3,0
DA:4,0
DA:5,0
DA:6,0
DA:8,0
DA:13,0
DA:14,0
DA:17,0
DA:18,0
DA:21,0
DA:25,0
DA:30,0
LF:14
LH:0
BRDA:15,0,0,0
BRDA:15,0,1,0
BRDA:19,1,0,0
BRDA:19,1,1,0
BRDA:18,2,0,0
BRDA:18,2,1,0
BRF:6
BRH:0
end_of_record
TN:
SF:/Users/krystalfoster/Desktop/join-messenger-app/src/translations/messages.js
FNF:0
FNH:0
DA:1,0
DA:4,0
DA:35,0
DA:50,0
DA:91,0
DA:154,0
DA:182,0
DA:198,0
DA:312,0
DA:337,0
DA:448,0
DA:456,0
DA:464,0
LF:13
LH:0
BRF:0
BRH:0
end_of_record
